Initialize
updateState 
Rule Fired: 
False
True
updateState 07/13/22 15:33:22 1 97 1.904 2.947 Boost Charging Mode
updateState 07/13/22 15:34:22 2 97 1.904 2.947 Boost Charging Mode
updateState 07/13/22 15:35:22 3 97 2.992 3.078 Boost Charging Mode
updateState 07/13/22 15:36:23 4 96 0.945 3.078 Boost Charging Mode
updateState 07/13/22 15:37:23 5 95 0.945 3.078 Boost Charging Mode
updateState 07/13/22 15:38:23 6 94 0.945 3.055 Boost Charging Mode
updateState 07/13/22 15:39:23 7 94 0.945 2.795 Boost Charging Mode
updateState 07/13/22 15:40:23 8 95 1.89 2.947 Boost Charging Mode
updateState 07/13/22 15:41:23 9 96 2.992 3.078 Boost Charging Mode
updateState 07/13/22 15:42:24 10 97 2.992 2.947 Boost Charging Mode
updateState 07/13/22 15:43:24 11 97 2.992 2.947 Boost Charging Mode
updateState 07/13/22 15:44:24 12 97 2.992 3.078 Boost Charging Mode
updateState 07/13/22 15:45:24 13 98 2.992 3.078 Boost Charging Mode
updateState 07/13/22 15:46:24 14 98 2.992 2.947 Boost Charging Mode
updateState 07/13/22 15:47:24 15 98 2.992 3.078 Boost Charging Mode
updateState 07/13/22 15:48:25 16 98 2.992 2.947 Boost Charging Mode
updateState 07/13/22 15:49:25 17 98 2.992 2.947 Boost Charging Mode
updateState 07/13/22 15:50:25 18 98 2.877 3.078 Boost Charging Mode
updateState 07/13/22 15:51:25 19 98 2.992 2.947 Boost Charging Mode
updateState 07/13/22 15:52:25 20 98 2.992 3.078 Boost Charging Mode
updateState 07/13/22 15:53:25 21 96 1.904 3.078 Boost Charging Mode
updateState 07/13/22 15:54:26 22 95 0.945 2.947 Boost Charging Mode
updateState 07/13/22 15:55:26 23 95 0.945 2.925 Boost Charging Mode
updateState 07/13/22 15:56:26 24 94 0.945 3.185 Boost Charging Mode
updateState 07/13/22 15:57:26 25 94 0.945 2.925 Boost Charging Mode
updateState 07/13/22 15:58:26 26 94 0.945 2.925 Boost Charging Mode
updateState 07/13/22 15:59:26 27 93 0.945 3.055 Boost Charging Mode
writeLog 19
updateState 
updateState 07/13/22 16:01:27 1 93 0.945 2.795 Boost Charging Mode
updateState 07/13/22 16:02:27 2 93 0.945 2.925 Boost Charging Mode
updateState 07/13/22 16:03:27 3 93 0.945 3.055 Boost Charging Mode
updateState 07/13/22 16:04:27 4 93 0.945 2.925 Boost Charging Mode
updateState 07/13/22 16:05:27 5 93 0.945 2.795 Boost Charging Mode
updateState 07/13/22 16:06:27 6 94 0.945 2.925 Boost Charging Mode
updateState 07/13/22 16:07:28 7 94 0.945 3.055 Boost Charging Mode
updateState 07/13/22 16:08:28 8 93 0.945 2.925 Boost Charging Mode
updateState 07/13/22 16:09:28 9 94 1.89 2.795 Boost Charging Mode
updateState 07/13/22 16:10:28 10 94 0.945 2.925 Boost Charging Mode
updateState 07/13/22 16:11:28 11 94 1.89 2.925 Boost Charging Mode
updateState 07/13/22 16:12:28 12 95 1.89 2.925 Boost Charging Mode
updateState 07/13/22 16:13:29 13 95 1.89 2.925 Boost Charging Mode
updateState 07/13/22 16:14:29 14 94 1.89 3.315 Boost Charging Mode
updateState 07/13/22 16:15:29 15 95 1.89 3.055 Boost Charging Mode
updateState 07/13/22 16:16:29 16 95 1.89 2.947 Boost Charging Mode
updateState 07/13/22 16:17:29 17 95 1.89 2.947 Boost Charging Mode
updateState 07/13/22 16:18:29 18 95 1.89 2.816 Boost Charging Mode
updateState 07/13/22 16:19:30 19 95 1.89 2.947 Boost Charging Mode
updateState 07/13/22 16:20:30 20 95 1.89 2.947 Boost Charging Mode
updateState 07/13/22 16:21:30 21 95 1.89 3.078 Boost Charging Mode
updateState 07/13/22 16:22:30 22 95 1.89 2.947 Boost Charging Mode
updateState 07/13/22 16:23:30 23 94 0.945 2.925 Boost Charging Mode
updateState 07/13/22 16:24:30 24 93 0.938 3.055 Boost Charging Mode
updateState 07/13/22 16:25:31 25 92 0.938 3.055 Boost Charging Mode
updateState 07/13/22 16:26:31 26 92 0.938 3.055 Boost Charging Mode
updateState 07/13/22 16:27:31 27 92 0.938 2.925 Boost Charging Mode
updateState 07/13/22 16:28:31 28 93 1.89 2.925 Boost Charging Mode
updateState 07/13/22 16:29:31 29 93 0.945 2.925 Boost Charging Mode
updateState 07/13/22 16:30:31 30 93 0.945 2.795 Boost Charging Mode
updateState 07/13/22 16:31:32 31 93 0.945 3.055 Boost Charging Mode
updateState 07/13/22 16:32:32 32 92 0.945 2.925 Boost Charging Mode
updateState 07/13/22 16:33:32 33 93 0.945 3.055 Boost Charging Mode
updateState 07/13/22 16:34:32 34 93 0.945 2.925 Boost Charging Mode
updateState 07/13/22 16:35:32 35 93 0.945 2.925 Boost Charging Mode
updateState 07/13/22 16:36:32 36 93 0.952 2.925 Boost Charging Mode
updateState 07/13/22 16:37:32 37 93 0.945 2.925 Boost Charging Mode
updateState 07/13/22 16:38:33 38 93 0.945 2.925 Boost Charging Mode
updateState 07/13/22 16:39:33 39 93 1.89 2.925 Boost Charging Mode
updateState 07/13/22 16:40:33 40 94 1.89 2.925 Boost Charging Mode
updateState 07/13/22 16:41:33 41 94 1.904 2.925 Boost Charging Mode
updateState 07/13/22 16:42:33 42 94 1.89 3.055 Boost Charging Mode
updateState 07/13/22 16:43:33 43 95 1.89 2.925 Boost Charging Mode
updateState 07/13/22 16:44:34 44 94 1.89 3.055 Boost Charging Mode
updateState 07/13/22 16:45:34 45 94 1.89 2.925 Boost Charging Mode
updateState 07/13/22 16:46:34 46 94 1.89 3.055 Boost Charging Mode
updateState 07/13/22 16:47:34 47 94 1.89 2.925 Boost Charging Mode
updateState 07/13/22 16:48:34 48 94 1.89 2.925 Boost Charging Mode
updateState 07/13/22 16:49:34 49 94 1.89 2.925 Boost Charging Mode
updateState 07/13/22 16:50:35 50 93 1.89 2.925 Boost Charging Mode
updateState 07/13/22 16:51:35 51 93 1.89 2.925 Boost Charging Mode
updateState 07/13/22 16:52:35 52 93 1.89 2.795 Boost Charging Mode
updateState 07/13/22 16:53:35 53 93 1.89 2.925 Boost Charging Mode
updateState 07/13/22 16:54:35 54 93 1.89 2.925 Boost Charging Mode
updateState 07/13/22 16:55:35 55 93 1.89 3.055 Boost Charging Mode
updateState 07/13/22 16:56:36 56 93 1.89 2.925 Boost Charging Mode
updateState 07/13/22 16:57:36 57 93 1.89 3.055 Boost Charging Mode
updateState 07/13/22 16:58:36 58 93 0.945 2.795 Boost Charging Mode
updateState 07/13/22 16:59:36 59 93 1.89 3.055 Boost Charging Mode
writeLog 20
updateState 
updateState 07/13/22 17:01:36 1 93 1.89 2.925 Boost Charging Mode
updateState 07/13/22 17:02:37 2 93 0.945 2.925 Boost Charging Mode
updateState 07/13/22 17:03:37 3 93 1.89 2.925 Boost Charging Mode
updateState 07/13/22 17:04:37 4 93 0.945 2.925 Boost Charging Mode
updateState 07/13/22 17:05:37 5 93 0.945 2.925 Boost Charging Mode
updateState 07/13/22 17:06:37 6 93 0.945 2.925 Boost Charging Mode
updateState 07/13/22 17:07:37 7 93 0.945 2.925 Boost Charging Mode
updateState 07/13/22 17:08:38 8 93 0.945 2.925 Boost Charging Mode
updateState 07/13/22 17:09:38 9 93 1.89 3.055 Boost Charging Mode
updateState 07/13/22 17:10:38 10 93 1.89 2.925 Boost Charging Mode
updateState 07/13/22 17:11:38 11 93 1.89 2.925 Boost Charging Mode
updateState 07/13/22 17:12:38 12 93 1.89 2.925 Boost Charging Mode
updateState 07/13/22 17:13:38 13 93 1.89 2.925 Boost Charging Mode
updateState 07/13/22 17:14:39 14 92 1.89 2.925 Boost Charging Mode
updateState 07/13/22 17:15:39 15 93 1.89 2.925 Boost Charging Mode
updateState 07/13/22 17:16:39 16 92 1.89 2.925 Boost Charging Mode
updateState 07/13/22 17:17:39 17 92 1.89 2.925 Boost Charging Mode
updateState 07/13/22 17:18:39 18 92 1.89 3.055 Boost Charging Mode
updateState 07/13/22 17:19:40 19 92 1.89 2.925 Boost Charging Mode
updateState 07/13/22 17:20:40 20 92 1.89 2.925 Boost Charging Mode
updateState 07/13/22 17:21:40 21 92 1.89 2.925 Boost Charging Mode
updateState 07/13/22 17:22:40 22 92 1.89 3.055 Boost Charging Mode
updateState 07/13/22 17:23:40 23 92 0.945 2.795 Boost Charging Mode
updateState 07/13/22 17:24:40 24 92 0.945 2.925 Boost Charging Mode
updateState 07/13/22 17:25:41 25 92 0.945 2.795 Boost Charging Mode
updateState 07/13/22 17:26:41 26 92 0.945 2.925 Boost Charging Mode
updateState 07/13/22 17:27:41 27 92 0.945 2.795 Boost Charging Mode
updateState 07/13/22 17:28:41 28 92 0.945 3.055 Boost Charging Mode
updateState 07/13/22 17:29:41 29 92 0.945 2.925 Boost Charging Mode
updateState 07/13/22 17:30:41 30 92 0.945 2.925 Boost Charging Mode
updateState 07/13/22 17:31:42 31 92 0.945 2.925 Boost Charging Mode
updateState 07/13/22 17:32:42 32 92 0.945 2.925 Boost Charging Mode
updateState 07/13/22 17:33:42 33 92 0.945 2.925 Boost Charging Mode
updateState 07/13/22 17:34:42 34 92 0.945 3.055 Boost Charging Mode
updateState 07/13/22 17:35:42 35 92 0.938 2.925 Boost Charging Mode
updateState 07/13/22 17:36:42 36 91 0.938 3.055 Boost Charging Mode
updateState 07/13/22 17:37:43 37 92 0.938 2.925 Boost Charging Mode
updateState 07/13/22 17:38:43 38 91 0.938 3.055 Boost Charging Mode
updateState 07/13/22 17:39:43 39 91 0.938 2.925 Boost Charging Mode
updateState 07/13/22 17:40:43 40 91 0.938 3.055 Boost Charging Mode
updateState 07/13/22 17:41:43 41 91 0.938 2.925 Boost Charging Mode
updateState 07/13/22 17:42:43 42 91 0.938 2.925 Boost Charging Mode
updateState 07/13/22 17:43:44 43 91 0.938 2.925 Boost Charging Mode
updateState 07/13/22 17:44:44 44 91 0.938 3.055 Boost Charging Mode
updateState 07/13/22 17:45:44 45 91 0.938 2.925 Boost Charging Mode
updateState 07/13/22 17:46:44 46 91 0.938 3.055 Boost Charging Mode
updateState 07/13/22 17:47:44 47 91 0.938 2.925 Boost Charging Mode
updateState 07/13/22 17:48:44 48 91 0.938 2.925 Boost Charging Mode
updateState 07/13/22 17:49:45 49 91 0.938 2.925 Boost Charging Mode
updateState 07/13/22 17:50:45 50 90 0.938 3.055 Boost Charging Mode
updateState 07/13/22 17:51:45 51 91 0.938 2.925 Boost Charging Mode
updateState 07/13/22 17:52:45 52 91 0.938 3.055 Boost Charging Mode
updateState 07/13/22 17:53:45 53 91 0.938 2.925 Boost Charging Mode
updateState 07/13/22 17:54:45 54 91 0.938 2.925 Boost Charging Mode
updateState 07/13/22 17:55:46 55 91 0.938 2.925 Boost Charging Mode
updateState 07/13/22 17:56:46 56 91 0.938 2.795 Boost Charging Mode
updateState 07/13/22 17:57:46 57 91 0.938 2.925 Boost Charging Mode
updateState 07/13/22 17:58:46 58 91 0.938 3.055 Boost Charging Mode
updateState 07/13/22 17:59:46 59 91 0.938 2.925 Boost Charging Mode
writeLog 21
updateState 
updateState 07/13/22 18:01:47 1 91 0.938 2.795 Boost Charging Mode
updateState 07/13/22 18:02:47 2 90 0.938 2.925 Boost Charging Mode
updateState 07/13/22 18:03:47 3 90 0.938 2.925 Boost Charging Mode
updateState 07/13/22 18:04:47 4 90 0.938 3.055 Boost Charging Mode
updateState 07/13/22 18:05:47 5 90 0.938 3.055 Boost Charging Mode
updateState 07/13/22 18:06:47 6 91 0.938 2.795 Boost Charging Mode
updateState 07/13/22 18:07:48 7 91 0.938 2.925 Boost Charging Mode
updateState 07/13/22 18:08:48 8 91 0.938 2.795 Boost Charging Mode
updateState 07/13/22 18:09:48 9 91 0.938 3.055 Boost Charging Mode
updateState 07/13/22 18:10:48 10 90 0.938 2.795 Boost Charging Mode
updateState 07/13/22 18:11:48 11 90 0.938 2.925 Boost Charging Mode
updateState 07/13/22 18:12:48 12 90 0.938 2.925 Boost Charging Mode
updateState 07/13/22 18:13:49 13 90 0.938 2.925 Boost Charging Mode
updateState 07/13/22 18:14:49 14 90 0.938 2.925 Boost Charging Mode
updateState 07/13/22 18:15:49 15 90 0.938 2.925 Boost Charging Mode
updateState 07/13/22 18:16:49 16 90 0.938 2.925 Boost Charging Mode
updateState 07/13/22 18:17:49 17 90 0.938 3.055 Boost Charging Mode
updateState 07/13/22 18:18:49 18 90 0.938 2.925 Boost Charging Mode
updateState 07/13/22 18:19:50 19 90 0.938 2.925 Boost Charging Mode
updateState 07/13/22 18:20:50 20 90 0.938 2.925 Boost Charging Mode
updateState 07/13/22 18:21:50 21 90 0.938 2.902 Boost Charging Mode
updateState 07/13/22 18:22:50 22 90 0.938 2.902 Boost Charging Mode
updateState 07/13/22 18:23:50 23 90 0.938 3.055 Boost Charging Mode
updateState 07/13/22 18:24:50 24 90 0.938 2.902 Boost Charging Mode
updateState 07/13/22 18:25:51 25 90 0.938 3.031 Boost Charging Mode
updateState 07/13/22 18:26:51 26 90 0.938 2.902 Boost Charging Mode
updateState 07/13/22 18:27:51 27 90 0.938 3.031 Boost Charging Mode
updateState 07/13/22 18:28:51 28 90 0.938 2.902 Boost Charging Mode
updateState 07/13/22 18:29:51 29 90 0.938 3.031 Boost Charging Mode
updateState 07/13/22 18:30:51 30 90 0.938 2.902 Boost Charging Mode
updateState 07/13/22 18:31:52 31 90 0.938 2.902 Boost Charging Mode
updateState 07/13/22 18:32:52 32 90 0.938 2.902 Boost Charging Mode
updateState 07/13/22 18:33:52 33 90 0.938 2.902 Boost Charging Mode
updateState 07/13/22 18:34:52 34 90 0.938 2.902 Boost Charging Mode
updateState 07/13/22 18:35:52 35 90 0.938 2.902 Boost Charging Mode
updateState 07/13/22 18:36:52 36 90 0.938 3.031 Boost Charging Mode
updateState 07/13/22 18:37:53 37 90 0.938 2.902 Boost Charging Mode
updateState 07/13/22 18:38:53 38 89 0.938 3.031 Boost Charging Mode
updateState 07/13/22 18:39:53 39 89 0.938 3.031 Boost Charging Mode
updateState 07/13/22 18:40:53 40 89 0.938 2.902 Boost Charging Mode
updateState 07/13/22 18:41:53 41 89 0.938 2.902 Boost Charging Mode
updateState 07/13/22 18:42:53 42 89 0.938 3.031 Boost Charging Mode
updateState 07/13/22 18:43:54 43 89 0.938 2.902 Boost Charging Mode
updateState 07/13/22 18:44:54 44 89 0.938 2.902 Boost Charging Mode
updateState 07/13/22 18:45:54 45 89 0.938 3.031 Boost Charging Mode
updateState 07/13/22 18:46:54 46 89 0.938 2.902 Boost Charging Mode
updateState 07/13/22 18:47:54 47 90 0.938 2.902 Boost Charging Mode
updateState 07/13/22 18:48:55 48 89 0.938 2.902 Boost Charging Mode
updateState 07/13/22 18:49:55 49 89 0.938 2.902 Boost Charging Mode
updateState 07/13/22 18:50:55 50 89 0.938 2.902 Boost Charging Mode
updateState 07/13/22 18:51:55 51 89 0.938 3.031 Boost Charging Mode
updateState 07/13/22 18:52:55 52 89 0.938 3.031 Boost Charging Mode
updateState 07/13/22 18:53:55 53 89 0.938 2.902 Boost Charging Mode
updateState 07/13/22 18:54:55 54 89 0.938 3.031 Boost Charging Mode
updateState 07/13/22 18:55:56 55 89 0.938 2.902 Boost Charging Mode
updateState 07/13/22 18:56:56 56 89 0.938 2.902 Boost Charging Mode
updateState 07/13/22 18:57:56 57 89 0.938 2.902 Boost Charging Mode
updateState 07/13/22 18:58:56 58 89 0.938 3.031 Boost Charging Mode
updateState 07/13/22 18:59:56 59 89 0.938 2.902 Boost Charging Mode
writeLog 22
updateState 
updateState 07/13/22 19:01:57 1 89 0.938 3.031 Boost Charging Mode
updateState 07/13/22 19:02:57 2 89 0.938 2.902 Boost Charging Mode
updateState 07/13/22 19:03:57 3 89 0.938 2.902 Boost Charging Mode
updateState 07/13/22 19:04:57 4 89 0.938 2.902 Boost Charging Mode
updateState 07/13/22 19:05:57 5 89 0.938 3.031 Boost Charging Mode
updateState 07/13/22 19:06:57 6 89 0.938 2.902 Boost Charging Mode
updateState 07/13/22 19:07:57 7 89 0.938 3.031 Boost Charging Mode
updateState 07/13/22 19:08:58 8 89 0.938 2.902 Boost Charging Mode
updateState 07/13/22 19:09:58 9 89 0.938 2.902 Boost Charging Mode
updateState 07/13/22 19:10:58 10 89 0.938 2.902 Boost Charging Mode
updateState 07/13/22 19:11:58 11 89 0.938 2.902 Boost Charging Mode
updateState 07/13/22 19:12:58 12 89 0.938 2.902 Boost Charging Mode
updateState 07/13/22 19:13:59 13 89 0.938 2.902 Boost Charging Mode
updateState 07/13/22 19:14:59 14 89 0.938 3.031 Boost Charging Mode
updateState 07/13/22 19:15:59 15 89 0.938 2.902 Boost Charging Mode
updateState 07/13/22 19:16:59 16 88 0.931 2.902 Boost Charging Mode
updateState 07/13/22 19:17:59 17 88 0.931 3.031 Boost Charging Mode
updateState 07/13/22 19:18:59 18 88 0.938 2.902 Boost Charging Mode
updateState 07/13/22 19:19:59 19 88 0.931 3.031 Boost Charging Mode
updateState 07/13/22 19:21:00 20 88 0.931 3.031 Boost Charging Mode
updateState 07/13/22 19:22:00 21 88 0.931 2.902 Boost Charging Mode
updateState 07/13/22 19:23:00 22 88 0.931 3.031 Boost Charging Mode
updateState 07/13/22 19:24:00 23 88 0.931 3.031 Boost Charging Mode
updateState 07/13/22 19:25:00 24 88 0.931 3.031 Boost Charging Mode
updateState 07/13/22 19:26:00 25 88 0.931 3.031 Boost Charging Mode
updateState 07/13/22 19:27:01 26 88 0.931 2.902 Boost Charging Mode
updateState 07/13/22 19:28:01 27 88 0.91 2.902 Boost Charging Mode
updateState 07/13/22 19:29:01 28 87 0.903 3.031 Boost Charging Mode
updateState 07/13/22 19:30:01 29 88 0.903 3.031 Boost Charging Mode
updateState 07/13/22 19:31:01 30 87 0.917 2.902 Boost Charging Mode
updateState 07/13/22 19:32:01 31 88 0.924 3.031 Boost Charging Mode
updateState 07/13/22 19:33:02 32 88 0.924 2.902 Boost Charging Mode
updateState 07/13/22 19:34:02 33 88 0.931 2.773 Boost Charging Mode
updateState 07/13/22 19:35:02 34 88 0.931 2.902 Boost Charging Mode
updateState 07/13/22 19:36:02 35 88 0.931 3.031 Boost Charging Mode
updateState 07/13/22 19:37:02 36 88 0.931 3.031 Boost Charging Mode
updateState 07/13/22 19:38:02 37 88 0.931 2.902 Boost Charging Mode
updateState 07/13/22 19:39:03 38 87 0.931 2.773 Boost Charging Mode
updateState 07/13/22 19:40:03 39 87 0.931 2.902 Boost Charging Mode
updateState 07/13/22 19:41:03 40 88 0.931 3.031 Boost Charging Mode
updateState 07/13/22 19:42:03 41 88 0.931 3.031 Boost Charging Mode
updateState 07/13/22 19:43:03 42 88 0.931 2.902 Boost Charging Mode
updateState 07/13/22 19:44:03 43 87 0.931 2.902 Boost Charging Mode
updateState 07/13/22 19:45:04 44 87 0.931 2.773 Boost Charging Mode
updateState 07/13/22 19:46:04 45 87 0.931 2.902 Boost Charging Mode
updateState 07/13/22 19:47:04 46 87 0.924 2.902 Boost Charging Mode
updateState 07/13/22 19:48:04 47 87 0.924 2.902 Boost Charging Mode
updateState 07/13/22 19:49:04 48 87 0.91 2.902 Boost Charging Mode
updateState 07/13/22 19:50:04 49 87 0.903 2.902 Boost Charging Mode
updateState 07/13/22 19:51:05 50 87 0.903 2.902 Boost Charging Mode
updateState 07/13/22 19:52:05 51 87 0.903 2.902 Boost Charging Mode
updateState 07/13/22 19:53:05 52 87 0.903 3.031 Boost Charging Mode
updateState 07/13/22 19:54:05 53 87 0.903 2.902 Boost Charging Mode
updateState 07/13/22 19:55:05 54 87 0.903 2.902 Boost Charging Mode
updateState 07/13/22 19:56:06 55 87 0.896 2.902 Boost Charging Mode
updateState 07/13/22 19:57:06 56 87 0.896 3.031 Boost Charging Mode
updateState 07/13/22 19:58:06 57 87 0.896 2.902 Boost Charging Mode
updateState 07/13/22 19:59:06 58 87 0.896 2.902 Boost Charging Mode
writeLog 23
updateState 
updateState 07/13/22 20:01:06 1 87 0.896 2.902 Boost Charging Mode
updateState 07/13/22 20:02:07 2 87 0.896 2.902 Boost Charging Mode
updateState 07/13/22 20:03:07 3 87 0.896 3.031 Boost Charging Mode
updateState 07/13/22 20:04:07 4 87 0.889 2.902 Boost Charging Mode
updateState 07/13/22 20:05:07 5 86 0.889 2.902 Boost Charging Mode
updateState 07/13/22 20:06:07 6 86 0.889 2.902 Boost Charging Mode
updateState 07/13/22 20:07:07 7 86 0.889 2.902 Boost Charging Mode
updateState 07/13/22 20:08:08 8 87 0.889 2.902 Boost Charging Mode
updateState 07/13/22 20:09:08 9 86 0.889 3.031 Boost Charging Mode
updateState 07/13/22 20:10:08 10 86 0.882 3.031 Boost Charging Mode
updateState 07/13/22 20:11:08 11 86 0.882 3.031 Boost Charging Mode
updateState 07/13/22 20:12:08 12 86 0.882 3.031 Boost Charging Mode
updateState 07/13/22 20:13:08 13 86 1.0 3.031 Boost Charging Mode
updateState 07/13/22 20:14:09 14 86 0.976 2.902 Boost Charging Mode
updateState 07/13/22 20:15:09 15 86 0.0 3.031 Charging Deactivated
updateState 07/13/22 20:16:09 16 86 0.0 3.031 Charging Deactivated
updateState 07/13/22 20:17:09 17 86 0.0 3.16 Charging Deactivated
updateState 07/13/22 20:18:09 18 85 0.0 3.547 Charging Deactivated
updateState 07/13/22 20:19:09 19 84 0.0 4.416 Charging Deactivated
updateState 07/13/22 20:20:10 20 84 0.0 5.184 Charging Deactivated
updateState 07/13/22 20:21:10 21 83 0.0 5.568 Charging Deactivated
updateState 07/13/22 20:22:10 22 83 0.0 5.696 Charging Deactivated
updateState 07/13/22 20:23:10 23 83 0.0 5.824 Charging Deactivated
updateState 07/13/22 20:24:10 24 83 0.0 5.824 Charging Deactivated
updateState 07/13/22 20:25:11 25 83 0.0 5.824 Charging Deactivated
updateState 07/13/22 20:26:11 26 82 0.0 5.824 Charging Deactivated
updateState 07/13/22 20:27:11 27 82 0.0 5.824 Charging Deactivated
updateState 07/13/22 20:28:11 28 82 0.0 5.824 Charging Deactivated
updateState 07/13/22 20:29:11 29 82 0.0 5.952 Charging Deactivated
updateState 07/13/22 20:30:11 30 82 0.0 5.824 Charging Deactivated
updateState 07/13/22 20:31:12 31 82 0.0 5.824 Charging Deactivated
updateState 07/13/22 20:32:12 32 82 0.0 5.824 Charging Deactivated
updateState 07/13/22 20:33:12 33 82 0.0 5.824 Charging Deactivated
updateState 07/13/22 20:34:12 34 82 0.0 5.952 Charging Deactivated
updateState 07/13/22 20:35:12 35 82 0.0 5.952 Charging Deactivated
updateState 07/13/22 20:36:12 36 82 0.0 5.952 Charging Deactivated
updateState 07/13/22 20:37:13 37 82 0.0 5.952 Charging Deactivated
updateState 07/13/22 20:38:13 38 82 0.0 5.952 Charging Deactivated
updateState 07/13/22 20:39:13 39 82 0.0 5.952 Charging Deactivated
updateState 07/13/22 20:40:13 40 82 0.0 5.952 Charging Deactivated
updateState 07/13/22 20:41:13 41 82 0.0 5.952 Charging Deactivated
updateState 07/13/22 20:42:13 42 82 0.0 5.824 Charging Deactivated
updateState 07/13/22 20:43:14 43 81 0.0 5.824 Charging Deactivated
updateState 07/13/22 20:44:14 44 82 0.0 5.952 Charging Deactivated
updateState 07/13/22 20:45:14 45 82 0.0 5.952 Charging Deactivated
updateState 07/13/22 20:46:14 46 82 0.0 5.952 Charging Deactivated
updateState 07/13/22 20:47:14 47 82 0.0 5.824 Charging Deactivated
updateState 07/13/22 20:48:14 48 82 0.0 5.824 Charging Deactivated
updateState 07/13/22 20:49:15 49 82 0.0 5.952 Charging Deactivated
updateState 07/13/22 20:50:15 50 81 0.0 5.952 Charging Deactivated
updateState 07/13/22 20:51:15 51 82 0.0 5.952 Charging Deactivated
updateState 07/13/22 20:52:15 52 81 0.0 5.952 Charging Deactivated
updateState 07/13/22 20:53:15 53 81 0.0 5.952 Charging Deactivated
updateState 07/13/22 20:54:15 54 81 0.0 5.824 Charging Deactivated
updateState 07/13/22 20:55:15 55 81 0.0 5.952 Charging Deactivated
updateState 07/13/22 20:56:16 56 81 0.0 5.824 Charging Deactivated
updateState 07/13/22 20:57:16 57 81 0.0 5.952 Charging Deactivated
updateState 07/13/22 20:58:16 58 81 0.0 5.952 Charging Deactivated
updateState 07/13/22 20:59:16 59 81 0.0 5.952 Charging Deactivated
writeLog 0
updateState 
updateState 07/13/22 21:01:16 1 81 0.0 5.952 Charging Deactivated
updateState 07/13/22 21:02:17 2 81 0.0 5.824 Charging Deactivated
updateState 07/13/22 21:03:17 3 81 0.0 5.824 Charging Deactivated
updateState 07/13/22 21:04:17 4 81 0.0 5.952 Charging Deactivated
updateState 07/13/22 21:05:17 5 81 0.0 5.824 Charging Deactivated
Rule Fired: webcamRunAtNight 
True
False
updateState 07/13/22 21:06:17 6 86 0.0 1.225 Charging Deactivated
updateState 07/13/22 21:07:18 7 86 0.0 1.225 Charging Deactivated
updateState 07/13/22 21:08:18 8 87 0.0 1.225 Charging Deactivated
updateState 07/13/22 21:09:18 9 87 0.0 1.225 Charging Deactivated
updateState 07/13/22 21:10:18 10 87 0.0 1.225 Charging Deactivated
updateState 07/13/22 21:11:18 11 87 0.0 1.225 Charging Deactivated
updateState 07/13/22 21:12:18 12 87 0.0 1.225 Charging Deactivated
updateState 07/13/22 21:13:19 13 87 0.0 1.225 Charging Deactivated
updateState 07/13/22 21:14:19 14 87 0.0 1.225 Charging Deactivated
updateState 07/13/22 21:15:19 15 87 0.0 1.225 Charging Deactivated
updateState 07/13/22 21:16:19 16 87 0.0 1.225 Charging Deactivated
updateState 07/13/22 21:17:19 17 87 0.0 1.225 Charging Deactivated
updateState 07/13/22 21:18:19 18 87 0.0 1.225 Charging Deactivated
updateState 07/13/22 21:19:20 19 87 0.0 1.225 Charging Deactivated
updateState 07/13/22 21:20:20 20 87 0.0 1.097 Charging Deactivated
updateState 07/13/22 21:21:20 21 87 0.0 1.225 Charging Deactivated
updateState 07/13/22 21:22:20 22 87 0.0 1.225 Charging Deactivated
updateState 07/13/22 21:23:20 23 87 0.0 1.225 Charging Deactivated
updateState 07/13/22 21:24:20 24 87 0.0 1.225 Charging Deactivated
updateState 07/13/22 21:25:21 25 86 0.0 1.225 Charging Deactivated
updateState 07/13/22 21:26:21 26 86 0.0 1.225 Charging Deactivated
updateState 07/13/22 21:27:21 27 87 0.0 1.097 Charging Deactivated
updateState 07/13/22 21:28:21 28 87 0.0 1.225 Charging Deactivated
updateState 07/13/22 21:29:21 29 87 0.0 1.225 Charging Deactivated
updateState 07/13/22 21:30:21 30 86 0.0 1.225 Charging Deactivated
updateState 07/13/22 21:31:21 31 86 0.0 1.225 Charging Deactivated
updateState 07/13/22 21:32:22 32 86 0.0 1.225 Charging Deactivated
updateState 07/13/22 21:33:22 33 86 0.0 1.225 Charging Deactivated
updateState 07/13/22 21:34:22 34 86 0.0 1.225 Charging Deactivated
updateState 07/13/22 21:35:22 35 86 0.0 1.225 Charging Deactivated
updateState 07/13/22 21:36:22 36 86 0.0 1.225 Charging Deactivated
updateState 07/13/22 21:37:22 37 86 0.0 1.225 Charging Deactivated
updateState 07/13/22 21:38:23 38 86 0.0 1.225 Charging Deactivated
updateState 07/13/22 21:39:23 39 86 0.0 1.225 Charging Deactivated
updateState 07/13/22 21:40:23 40 86 0.0 1.097 Charging Deactivated
updateState 07/13/22 21:41:23 41 86 0.0 1.097 Charging Deactivated
updateState 07/13/22 21:42:23 42 86 0.0 1.225 Charging Deactivated
updateState 07/13/22 21:43:23 43 86 0.0 1.225 Charging Deactivated
updateState 07/13/22 21:44:24 44 86 0.0 1.097 Charging Deactivated
updateState 07/13/22 21:45:24 45 86 0.0 1.225 Charging Deactivated
updateState 07/13/22 21:46:24 46 86 0.0 1.225 Charging Deactivated
updateState 07/13/22 21:47:24 47 86 0.0 1.225 Charging Deactivated
updateState 07/13/22 21:48:24 48 86 0.0 1.225 Charging Deactivated
updateState 07/13/22 21:49:25 49 86 0.0 1.225 Charging Deactivated
updateState 07/13/22 21:50:25 50 87 0.0 1.225 Charging Deactivated
updateState 07/13/22 21:51:25 51 86 0.0 1.097 Charging Deactivated
updateState 07/13/22 21:52:25 52 86 0.0 1.225 Charging Deactivated
updateState 07/13/22 21:53:25 53 86 0.0 1.225 Charging Deactivated
updateState 07/13/22 21:54:25 54 86 0.0 1.097 Charging Deactivated
updateState 07/13/22 21:55:26 55 86 0.0 1.225 Charging Deactivated
updateState 07/13/22 21:56:26 56 86 0.0 1.225 Charging Deactivated
updateState 07/13/22 21:57:26 57 86 0.0 1.097 Charging Deactivated
updateState 07/13/22 21:58:26 58 86 0.0 1.225 Charging Deactivated
updateState 07/13/22 21:59:26 59 86 0.0 1.225 Charging Deactivated
writeLog 1
updateState 
Rule Fired: 
False
True
updateState 07/13/22 22:01:27 1 80 0.0 6.159 Charging Deactivated
updateState 07/13/22 22:02:27 2 80 0.0 6.032 Charging Deactivated
updateState 07/13/22 22:03:27 3 80 0.0 6.159 Charging Deactivated
updateState 07/13/22 22:04:27 4 80 0.0 6.032 Charging Deactivated
updateState 07/13/22 22:05:27 5 80 0.0 6.032 Charging Deactivated
Rule Fired: webcamRunAtNight 
True
False
updateState 07/13/22 22:06:28 6 85 0.0 1.216 Charging Deactivated
updateState 07/13/22 22:07:28 7 85 0.0 1.225 Charging Deactivated
updateState 07/13/22 22:08:28 8 85 0.0 1.225 Charging Deactivated
updateState 07/13/22 22:09:28 9 86 0.0 1.225 Charging Deactivated
updateState 07/13/22 22:10:28 10 86 0.0 1.225 Charging Deactivated
updateState 07/13/22 22:11:28 11 86 0.0 1.225 Charging Deactivated
updateState 07/13/22 22:12:28 12 86 0.0 1.225 Charging Deactivated
updateState 07/13/22 22:13:29 13 86 0.0 1.225 Charging Deactivated
updateState 07/13/22 22:14:29 14 86 0.0 1.225 Charging Deactivated
updateState 07/13/22 22:15:29 15 85 0.0 1.225 Charging Deactivated
updateState 07/13/22 22:16:29 16 86 0.0 1.225 Charging Deactivated
updateState 07/13/22 22:17:29 17 86 0.0 1.097 Charging Deactivated
updateState 07/13/22 22:18:29 18 85 0.0 1.225 Charging Deactivated
updateState 07/13/22 22:19:30 19 85 0.0 1.225 Charging Deactivated
updateState 07/13/22 22:20:30 20 86 0.0 1.225 Charging Deactivated
updateState 07/13/22 22:21:30 21 86 0.0 1.225 Charging Deactivated
updateState 07/13/22 22:22:30 22 86 0.0 1.225 Charging Deactivated
updateState 07/13/22 22:23:30 23 86 0.0 1.225 Charging Deactivated
updateState 07/13/22 22:24:30 24 86 0.0 1.097 Charging Deactivated
updateState 07/13/22 22:25:31 25 86 0.0 1.225 Charging Deactivated
updateState 07/13/22 22:26:31 26 85 0.0 1.097 Charging Deactivated
updateState 07/13/22 22:27:31 27 85 0.0 1.097 Charging Deactivated
updateState 07/13/22 22:28:31 28 86 0.0 1.225 Charging Deactivated
updateState 07/13/22 22:29:31 29 86 0.0 1.225 Charging Deactivated
updateState 07/13/22 22:30:31 30 85 0.0 1.225 Charging Deactivated
updateState 07/13/22 22:31:32 31 85 0.0 1.216 Charging Deactivated
updateState 07/13/22 22:32:32 32 85 0.0 1.225 Charging Deactivated
updateState 07/13/22 22:33:32 33 85 0.0 1.225 Charging Deactivated
updateState 07/13/22 22:34:32 34 85 0.0 1.225 Charging Deactivated
updateState 07/13/22 22:35:32 35 85 0.0 1.225 Charging Deactivated
updateState 07/13/22 22:36:32 36 85 0.0 1.225 Charging Deactivated
updateState 07/13/22 22:37:33 37 85 0.0 1.097 Charging Deactivated
updateState 07/13/22 22:38:33 38 85 0.0 1.216 Charging Deactivated
updateState 07/13/22 22:39:33 39 85 0.0 1.225 Charging Deactivated
updateState 07/13/22 22:40:33 40 85 0.0 1.216 Charging Deactivated
updateState 07/13/22 22:41:33 41 85 0.0 1.344 Charging Deactivated
updateState 07/13/22 22:42:33 42 85 0.0 1.216 Charging Deactivated
updateState 07/13/22 22:43:33 43 85 0.0 1.216 Charging Deactivated
updateState 07/13/22 22:44:34 44 85 0.0 1.216 Charging Deactivated
updateState 07/13/22 22:45:34 45 85 0.0 1.216 Charging Deactivated
updateState 07/13/22 22:46:34 46 85 0.0 1.216 Charging Deactivated
updateState 07/13/22 22:47:34 47 85 0.0 1.216 Charging Deactivated
updateState 07/13/22 22:48:34 48 85 0.0 1.216 Charging Deactivated
updateState 07/13/22 22:49:34 49 85 0.0 1.216 Charging Deactivated
updateState 07/13/22 22:50:35 50 85 0.0 1.088 Charging Deactivated
updateState 07/13/22 22:51:35 51 85 0.0 1.216 Charging Deactivated
updateState 07/13/22 22:52:35 52 85 0.0 1.216 Charging Deactivated
updateState 07/13/22 22:53:35 53 85 0.0 1.216 Charging Deactivated
updateState 07/13/22 22:54:35 54 85 0.0 1.216 Charging Deactivated
updateState 07/13/22 22:55:35 55 85 0.0 1.216 Charging Deactivated
updateState 07/13/22 22:56:36 56 85 0.0 1.216 Charging Deactivated
updateState 07/13/22 22:57:36 57 85 0.0 1.216 Charging Deactivated
updateState 07/13/22 22:58:36 58 85 0.0 1.216 Charging Deactivated
updateState 07/13/22 22:59:36 59 85 0.0 1.216 Charging Deactivated
writeLog 2
updateState 
Rule Fired: 
False
True
updateState 07/13/22 23:01:37 1 79 0.0 6.159 Charging Deactivated
updateState 07/13/22 23:02:37 2 79 0.0 6.286 Charging Deactivated
updateState 07/13/22 23:03:37 3 79 0.0 6.032 Charging Deactivated
updateState 07/13/22 23:04:37 4 79 0.0 6.032 Charging Deactivated
updateState 07/13/22 23:05:37 5 79 0.0 6.032 Charging Deactivated
Rule Fired: webcamRunAtNight 
True
False
updateState 07/13/22 23:06:38 6 84 0.0 1.216 Charging Deactivated
updateState 07/13/22 23:07:38 7 84 0.0 1.216 Charging Deactivated
updateState 07/13/22 23:08:38 8 84 0.0 1.216 Charging Deactivated
updateState 07/13/22 23:09:38 9 85 0.0 1.216 Charging Deactivated
updateState 07/13/22 23:10:38 10 85 0.0 1.088 Charging Deactivated
updateState 07/13/22 23:11:38 11 85 0.0 1.216 Charging Deactivated
updateState 07/13/22 23:12:39 12 85 0.0 1.216 Charging Deactivated
updateState 07/13/22 23:13:39 13 85 0.0 1.216 Charging Deactivated
updateState 07/13/22 23:14:39 14 85 0.0 1.216 Charging Deactivated
updateState 07/13/22 23:15:39 15 85 0.0 1.216 Charging Deactivated
updateState 07/13/22 23:16:39 16 85 0.0 1.216 Charging Deactivated
updateState 07/13/22 23:17:39 17 84 0.0 1.088 Charging Deactivated
updateState 07/13/22 23:18:40 18 85 0.0 1.216 Charging Deactivated
updateState 07/13/22 23:19:40 19 84 0.0 1.088 Charging Deactivated
updateState 07/13/22 23:20:40 20 84 0.0 1.088 Charging Deactivated
updateState 07/13/22 23:21:40 21 85 0.0 1.088 Charging Deactivated
updateState 07/13/22 23:22:40 22 84 0.0 1.216 Charging Deactivated
updateState 07/13/22 23:23:41 23 84 0.0 1.216 Charging Deactivated
updateState 07/13/22 23:24:41 24 85 0.0 1.216 Charging Deactivated
updateState 07/13/22 23:25:41 25 84 0.0 1.088 Charging Deactivated
updateState 07/13/22 23:26:41 26 84 0.0 1.216 Charging Deactivated
updateState 07/13/22 23:27:41 27 84 0.0 1.216 Charging Deactivated
updateState 07/13/22 23:28:41 28 84 0.0 1.216 Charging Deactivated
updateState 07/13/22 23:29:42 29 84 0.0 1.216 Charging Deactivated
updateState 07/13/22 23:30:42 30 84 0.0 1.088 Charging Deactivated
updateState 07/13/22 23:31:42 31 84 0.0 1.216 Charging Deactivated
updateState 07/13/22 23:32:42 32 84 0.0 1.216 Charging Deactivated
updateState 07/13/22 23:33:42 33 84 0.0 1.216 Charging Deactivated
updateState 07/13/22 23:34:42 34 84 0.0 1.088 Charging Deactivated
updateState 07/13/22 23:35:43 35 84 0.0 1.088 Charging Deactivated
updateState 07/13/22 23:36:43 36 84 0.0 1.088 Charging Deactivated
updateState 07/13/22 23:37:43 37 84 0.0 1.088 Charging Deactivated
updateState 07/13/22 23:38:43 38 84 0.0 1.216 Charging Deactivated
updateState 07/13/22 23:39:43 39 84 0.0 1.216 Charging Deactivated
updateState 07/13/22 23:40:43 40 84 0.0 1.216 Charging Deactivated
updateState 07/13/22 23:41:44 41 84 0.0 1.216 Charging Deactivated
updateState 07/13/22 23:42:44 42 84 0.0 1.088 Charging Deactivated
updateState 07/13/22 23:43:44 43 84 0.0 1.216 Charging Deactivated
updateState 07/13/22 23:44:44 44 84 0.0 1.216 Charging Deactivated
updateState 07/13/22 23:45:44 45 84 0.0 1.088 Charging Deactivated
updateState 07/13/22 23:46:44 46 84 0.0 1.088 Charging Deactivated
updateState 07/13/22 23:47:45 47 84 0.0 1.088 Charging Deactivated
updateState 07/13/22 23:48:45 48 84 0.0 1.216 Charging Deactivated
updateState 07/13/22 23:49:45 49 84 0.0 1.216 Charging Deactivated
updateState 07/13/22 23:50:45 50 84 0.0 1.216 Charging Deactivated
updateState 07/13/22 23:51:45 51 84 0.0 1.216 Charging Deactivated
updateState 07/13/22 23:52:45 52 84 0.0 1.216 Charging Deactivated
updateState 07/13/22 23:53:46 53 84 0.0 1.088 Charging Deactivated
updateState 07/13/22 23:54:46 54 84 0.0 1.216 Charging Deactivated
updateState 07/13/22 23:55:46 55 84 0.0 1.216 Charging Deactivated
updateState 07/13/22 23:56:46 56 84 0.0 1.216 Charging Deactivated
updateState 07/13/22 23:57:46 57 84 0.0 1.088 Charging Deactivated
updateState 07/13/22 23:58:47 58 84 0.0 1.088 Charging Deactivated
updateState 07/13/22 23:59:47 59 84 0.0 1.216 Charging Deactivated
writeLog 3
updateState 
Rule Fired: 
False
True
updateState 07/14/22 00:01:47 1 78 0.0 6.159 Charging Deactivated
updateState 07/14/22 00:02:47 2 78 0.0 6.032 Charging Deactivated
updateState 07/14/22 00:03:47 3 78 0.0 6.032 Charging Deactivated
updateState 07/14/22 00:04:48 4 78 0.0 6.159 Charging Deactivated
updateState 07/14/22 00:05:48 5 78 0.0 6.032 Charging Deactivated
Rule Fired: webcamRunAtNight 
True
False
updateState 07/14/22 00:06:48 6 83 0.0 1.088 Charging Deactivated
updateState 07/14/22 00:07:48 7 83 0.0 1.088 Charging Deactivated
updateState 07/14/22 00:08:48 8 83 0.0 1.088 Charging Deactivated
updateState 07/14/22 00:09:49 9 84 0.0 1.216 Charging Deactivated
updateState 07/14/22 00:10:49 10 84 0.0 1.088 Charging Deactivated
updateState 07/14/22 00:11:49 11 84 0.0 1.088 Charging Deactivated
updateState 07/14/22 00:12:49 12 84 0.0 1.216 Charging Deactivated
updateState 07/14/22 00:13:49 13 84 0.0 1.216 Charging Deactivated
updateState 07/14/22 00:14:49 14 84 0.0 1.088 Charging Deactivated
updateState 07/14/22 00:15:50 15 84 0.0 1.216 Charging Deactivated
updateState 07/14/22 00:16:50 16 83 0.0 1.088 Charging Deactivated
updateState 07/14/22 00:17:50 17 83 0.0 1.216 Charging Deactivated
updateState 07/14/22 00:18:50 18 83 0.0 1.088 Charging Deactivated
updateState 07/14/22 00:19:50 19 83 0.0 1.088 Charging Deactivated
updateState 07/14/22 00:20:50 20 84 0.0 1.216 Charging Deactivated
updateState 07/14/22 00:21:51 21 84 0.0 1.216 Charging Deactivated
updateState 07/14/22 00:22:51 22 83 0.0 1.088 Charging Deactivated
updateState 07/14/22 00:23:51 23 83 0.0 1.088 Charging Deactivated
updateState 07/14/22 00:24:51 24 83 0.0 1.216 Charging Deactivated
updateState 07/14/22 00:25:51 25 83 0.0 1.088 Charging Deactivated
updateState 07/14/22 00:26:51 26 83 0.0 1.088 Charging Deactivated
updateState 07/14/22 00:27:52 27 83 0.0 1.216 Charging Deactivated
updateState 07/14/22 00:28:52 28 83 0.0 1.216 Charging Deactivated
updateState 07/14/22 00:29:52 29 83 0.0 1.088 Charging Deactivated
updateState 07/14/22 00:30:52 30 83 0.0 1.216 Charging Deactivated
updateState 07/14/22 00:31:52 31 83 0.0 1.216 Charging Deactivated
updateState 07/14/22 00:32:52 32 83 0.0 1.216 Charging Deactivated
updateState 07/14/22 00:33:53 33 83 0.0 1.088 Charging Deactivated
updateState 07/14/22 00:34:53 34 83 0.0 1.088 Charging Deactivated
updateState 07/14/22 00:35:53 35 83 0.0 1.088 Charging Deactivated
updateState 07/14/22 00:36:53 36 83 0.0 1.216 Charging Deactivated
updateState 07/14/22 00:37:53 37 83 0.0 1.088 Charging Deactivated
updateState 07/14/22 00:38:53 38 83 0.0 1.216 Charging Deactivated
updateState 07/14/22 00:39:53 39 83 0.0 1.088 Charging Deactivated
updateState 07/14/22 00:40:54 40 83 0.0 1.216 Charging Deactivated
updateState 07/14/22 00:41:54 41 83 0.0 1.088 Charging Deactivated
updateState 07/14/22 00:42:54 42 83 0.0 1.216 Charging Deactivated
updateState 07/14/22 00:43:54 43 83 0.0 1.216 Charging Deactivated
updateState 07/14/22 00:44:54 44 83 0.0 1.216 Charging Deactivated
updateState 07/14/22 00:45:54 45 83 0.0 1.216 Charging Deactivated
updateState 07/14/22 00:46:55 46 83 0.0 1.088 Charging Deactivated
updateState 07/14/22 00:47:55 47 83 0.0 1.088 Charging Deactivated
updateState 07/14/22 00:48:55 48 83 0.0 1.216 Charging Deactivated
updateState 07/14/22 00:49:55 49 83 0.0 1.088 Charging Deactivated
updateState 07/14/22 00:50:55 50 83 0.0 1.088 Charging Deactivated
updateState 07/14/22 00:51:55 51 82 0.0 1.216 Charging Deactivated
updateState 07/14/22 00:52:56 52 83 0.0 1.088 Charging Deactivated
updateState 07/14/22 00:53:56 53 83 0.0 1.216 Charging Deactivated
updateState 07/14/22 00:54:56 54 83 0.0 1.216 Charging Deactivated
updateState 07/14/22 00:55:56 55 83 0.0 1.088 Charging Deactivated
updateState 07/14/22 00:56:56 56 83 0.0 1.216 Charging Deactivated
updateState 07/14/22 00:57:56 57 83 0.0 1.216 Charging Deactivated
updateState 07/14/22 00:58:57 58 83 0.0 1.088 Charging Deactivated
updateState 07/14/22 00:59:57 59 83 0.0 1.088 Charging Deactivated
writeLog 4
updateState 
Rule Fired: 
False
True
updateState 07/14/22 01:01:57 1 77 0.0 6.159 Charging Deactivated
updateState 07/14/22 01:02:57 2 77 0.0 6.159 Charging Deactivated
updateState 07/14/22 01:03:58 3 77 0.0 6.032 Charging Deactivated
updateState 07/14/22 01:04:58 4 77 0.0 6.032 Charging Deactivated
updateState 07/14/22 01:05:58 5 77 0.0 5.905 Charging Deactivated
Rule Fired: webcamRunAtNight 
True
False
updateState 07/14/22 01:06:58 6 82 0.0 1.088 Charging Deactivated
updateState 07/14/22 01:07:58 7 82 0.0 1.088 Charging Deactivated
updateState 07/14/22 01:08:58 8 82 0.0 1.088 Charging Deactivated
updateState 07/14/22 01:09:59 9 82 0.0 1.088 Charging Deactivated
updateState 07/14/22 01:10:59 10 83 0.0 1.216 Charging Deactivated
updateState 07/14/22 01:11:59 11 83 0.0 1.088 Charging Deactivated
updateState 07/14/22 01:12:59 12 82 0.0 1.216 Charging Deactivated
updateState 07/14/22 01:13:59 13 84 0.0 1.216 Charging Deactivated
updateState 07/14/22 01:14:59 14 82 0.0 1.088 Charging Deactivated
updateState 07/14/22 01:16:00 15 82 0.0 1.088 Charging Deactivated
updateState 07/14/22 01:17:00 16 82 0.0 1.088 Charging Deactivated
updateState 07/14/22 01:18:00 17 83 0.0 1.088 Charging Deactivated
updateState 07/14/22 01:19:00 18 83 0.0 1.088 Charging Deactivated
updateState 07/14/22 01:20:00 19 83 0.0 1.088 Charging Deactivated
updateState 07/14/22 01:21:01 20 83 0.0 1.088 Charging Deactivated
updateState 07/14/22 01:22:01 21 82 0.0 1.088 Charging Deactivated
updateState 07/14/22 01:23:01 22 82 0.0 1.088 Charging Deactivated
updateState 07/14/22 01:24:01 23 82 0.0 1.088 Charging Deactivated
updateState 07/14/22 01:25:01 24 82 0.0 1.088 Charging Deactivated
updateState 07/14/22 01:26:01 25 82 0.0 1.216 Charging Deactivated
updateState 07/14/22 01:27:01 26 82 0.0 1.216 Charging Deactivated
updateState 07/14/22 01:28:02 27 82 0.0 1.216 Charging Deactivated
updateState 07/14/22 01:29:02 28 83 0.0 1.088 Charging Deactivated
updateState 07/14/22 01:30:02 29 82 0.0 1.088 Charging Deactivated
updateState 07/14/22 01:31:02 30 82 0.0 1.216 Charging Deactivated
updateState 07/14/22 01:32:02 31 82 0.0 1.216 Charging Deactivated
updateState 07/14/22 01:33:03 32 82 0.0 1.088 Charging Deactivated
updateState 07/14/22 01:34:03 33 82 0.0 1.216 Charging Deactivated
updateState 07/14/22 01:35:03 34 82 0.0 1.216 Charging Deactivated
updateState 07/14/22 01:36:03 35 82 0.0 1.216 Charging Deactivated
updateState 07/14/22 01:37:03 36 82 0.0 1.088 Charging Deactivated
updateState 07/14/22 01:38:03 37 82 0.0 1.088 Charging Deactivated
updateState 07/14/22 01:39:04 38 82 0.0 1.216 Charging Deactivated
updateState 07/14/22 01:40:04 39 82 0.0 1.088 Charging Deactivated
updateState 07/14/22 01:41:04 40 82 0.0 1.088 Charging Deactivated
updateState 07/14/22 01:42:04 41 82 0.0 1.088 Charging Deactivated
updateState 07/14/22 01:43:04 42 82 0.0 1.216 Charging Deactivated
updateState 07/14/22 01:44:04 43 82 0.0 1.216 Charging Deactivated
updateState 07/14/22 01:45:05 44 82 0.0 1.216 Charging Deactivated
updateState 07/14/22 01:46:05 45 82 0.0 1.216 Charging Deactivated
updateState 07/14/22 01:47:05 46 82 0.0 1.088 Charging Deactivated
updateState 07/14/22 01:48:05 47 82 0.0 1.088 Charging Deactivated
updateState 07/14/22 01:49:05 48 82 0.0 1.216 Charging Deactivated
updateState 07/14/22 01:50:05 49 82 0.0 1.216 Charging Deactivated
updateState 07/14/22 01:51:05 50 82 0.0 1.088 Charging Deactivated
updateState 07/14/22 01:52:06 51 82 0.0 1.088 Charging Deactivated
updateState 07/14/22 01:53:06 52 82 0.0 1.088 Charging Deactivated
updateState 07/14/22 01:54:06 53 82 0.0 1.216 Charging Deactivated
updateState 07/14/22 01:55:06 54 82 0.0 1.088 Charging Deactivated
updateState 07/14/22 01:56:06 55 82 0.0 1.216 Charging Deactivated
updateState 07/14/22 01:57:07 56 82 0.0 1.088 Charging Deactivated
updateState 07/14/22 01:58:07 57 82 0.0 1.088 Charging Deactivated
updateState 07/14/22 01:59:07 58 82 0.0 1.216 Charging Deactivated
writeLog 5
updateState 
Rule Fired: 
False
True
updateState 07/14/22 02:01:07 1 76 0.0 6.159 Charging Deactivated
updateState 07/14/22 02:02:07 2 76 0.0 6.032 Charging Deactivated
updateState 07/14/22 02:03:08 3 76 0.0 6.032 Charging Deactivated
updateState 07/14/22 02:04:08 4 76 0.0 6.032 Charging Deactivated
updateState 07/14/22 02:05:08 5 76 0.0 6.032 Charging Deactivated
Rule Fired: webcamRunAtNight 
True
False
updateState 07/14/22 02:06:08 6 81 0.0 1.088 Charging Deactivated
updateState 07/14/22 02:07:08 7 81 0.0 1.088 Charging Deactivated
updateState 07/14/22 02:08:09 8 82 0.0 1.088 Charging Deactivated
updateState 07/14/22 02:09:09 9 82 0.0 1.088 Charging Deactivated
updateState 07/14/22 02:10:09 10 82 0.0 1.088 Charging Deactivated
updateState 07/14/22 02:11:09 11 82 0.0 1.088 Charging Deactivated
updateState 07/14/22 02:12:09 12 81 0.0 1.088 Charging Deactivated
updateState 07/14/22 02:13:09 13 82 0.0 1.088 Charging Deactivated
updateState 07/14/22 02:14:10 14 82 0.0 1.088 Charging Deactivated
updateState 07/14/22 02:15:10 15 81 0.0 1.088 Charging Deactivated
updateState 07/14/22 02:16:10 16 81 0.0 1.088 Charging Deactivated
updateState 07/14/22 02:17:10 17 81 0.0 1.088 Charging Deactivated
updateState 07/14/22 02:18:10 18 82 0.0 1.088 Charging Deactivated
updateState 07/14/22 02:19:10 19 81 0.0 1.088 Charging Deactivated
updateState 07/14/22 02:20:11 20 82 0.0 1.216 Charging Deactivated
updateState 07/14/22 02:21:11 21 82 0.0 1.216 Charging Deactivated
updateState 07/14/22 02:22:11 22 81 0.0 1.088 Charging Deactivated
updateState 07/14/22 02:23:11 23 82 0.0 1.088 Charging Deactivated
updateState 07/14/22 02:24:11 24 81 0.0 1.216 Charging Deactivated
updateState 07/14/22 02:25:11 25 81 0.0 1.088 Charging Deactivated
updateState 07/14/22 02:26:12 26 81 0.0 1.216 Charging Deactivated
updateState 07/14/22 02:27:12 27 81 0.0 1.088 Charging Deactivated
updateState 07/14/22 02:28:12 28 82 0.0 0.96 Charging Deactivated
updateState 07/14/22 02:29:12 29 81 0.0 1.088 Charging Deactivated
updateState 07/14/22 02:30:12 30 82 0.0 1.216 Charging Deactivated
updateState 07/14/22 02:31:12 31 81 0.0 1.088 Charging Deactivated
updateState 07/14/22 02:32:13 32 82 0.0 1.088 Charging Deactivated
updateState 07/14/22 02:33:13 33 81 0.0 1.216 Charging Deactivated
updateState 07/14/22 02:34:13 34 81 0.0 1.216 Charging Deactivated
updateState 07/14/22 02:35:13 35 81 0.0 1.216 Charging Deactivated
updateState 07/14/22 02:36:13 36 81 0.0 1.216 Charging Deactivated
updateState 07/14/22 02:37:14 37 81 0.0 1.088 Charging Deactivated
updateState 07/14/22 02:38:14 38 81 0.0 1.088 Charging Deactivated
updateState 07/14/22 02:39:14 39 81 0.0 1.088 Charging Deactivated
updateState 07/14/22 02:40:14 40 81 0.0 1.216 Charging Deactivated
updateState 07/14/22 02:41:14 41 81 0.0 1.088 Charging Deactivated
updateState 07/14/22 02:42:14 42 81 0.0 1.088 Charging Deactivated
updateState 07/14/22 02:43:15 43 81 0.0 1.216 Charging Deactivated
updateState 07/14/22 02:44:15 44 81 0.0 1.088 Charging Deactivated
updateState 07/14/22 02:45:15 45 81 0.0 1.216 Charging Deactivated
updateState 07/14/22 02:46:15 46 81 0.0 1.088 Charging Deactivated
updateState 07/14/22 02:47:15 47 81 0.0 1.088 Charging Deactivated
updateState 07/14/22 02:48:15 48 81 0.0 1.088 Charging Deactivated
updateState 07/14/22 02:49:16 49 81 0.0 1.088 Charging Deactivated
updateState 07/14/22 02:50:16 50 81 0.0 1.088 Charging Deactivated
updateState 07/14/22 02:51:16 51 81 0.0 1.216 Charging Deactivated
updateState 07/14/22 02:52:16 52 81 0.0 1.088 Charging Deactivated
updateState 07/14/22 02:53:16 53 81 0.0 1.216 Charging Deactivated
updateState 07/14/22 02:54:16 54 81 0.0 1.216 Charging Deactivated
updateState 07/14/22 02:55:17 55 81 0.0 1.216 Charging Deactivated
updateState 07/14/22 02:56:17 56 81 0.0 1.088 Charging Deactivated
updateState 07/14/22 02:57:17 57 81 0.0 1.216 Charging Deactivated
updateState 07/14/22 02:58:17 58 81 0.0 1.088 Charging Deactivated
updateState 07/14/22 02:59:17 59 81 0.0 1.216 Charging Deactivated
writeLog 6
updateState 
Rule Fired: 
False
True
updateState 07/14/22 03:01:18 1 75 0.0 6.111 Charging Deactivated
updateState 07/14/22 03:02:18 2 75 0.0 5.985 Charging Deactivated
updateState 07/14/22 03:03:18 3 75 0.0 5.985 Charging Deactivated
updateState 07/14/22 03:04:18 4 75 0.0 5.985 Charging Deactivated
updateState 07/14/22 03:05:18 5 75 0.0 5.985 Charging Deactivated
Rule Fired: webcamRunAtNight 
True
False
updateState 07/14/22 03:06:19 6 80 0.0 1.08 Charging Deactivated
updateState 07/14/22 03:07:19 7 80 0.0 1.216 Charging Deactivated
updateState 07/14/22 03:08:19 8 81 0.0 1.088 Charging Deactivated
updateState 07/14/22 03:09:19 9 81 0.0 1.088 Charging Deactivated
updateState 07/14/22 03:10:19 10 81 0.0 1.088 Charging Deactivated
updateState 07/14/22 03:11:20 11 81 0.0 1.088 Charging Deactivated
updateState 07/14/22 03:12:20 12 81 0.0 1.216 Charging Deactivated
updateState 07/14/22 03:13:20 13 81 0.0 1.088 Charging Deactivated
updateState 07/14/22 03:14:20 14 81 0.0 1.088 Charging Deactivated
updateState 07/14/22 03:15:20 15 81 0.0 1.088 Charging Deactivated
updateState 07/14/22 03:16:20 16 81 0.0 1.088 Charging Deactivated
updateState 07/14/22 03:17:20 17 80 0.0 1.088 Charging Deactivated
updateState 07/14/22 03:18:21 18 81 0.0 1.216 Charging Deactivated
updateState 07/14/22 03:19:21 19 81 0.0 1.088 Charging Deactivated
updateState 07/14/22 03:20:21 20 81 0.0 1.088 Charging Deactivated
updateState 07/14/22 03:21:21 21 81 0.0 1.088 Charging Deactivated
updateState 07/14/22 03:22:21 22 81 0.0 1.216 Charging Deactivated
updateState 07/14/22 03:23:21 23 81 0.0 1.216 Charging Deactivated
updateState 07/14/22 03:24:22 24 80 0.0 1.088 Charging Deactivated
updateState 07/14/22 03:25:22 25 80 0.0 1.088 Charging Deactivated
updateState 07/14/22 03:26:22 26 80 0.0 1.088 Charging Deactivated
updateState 07/14/22 03:27:22 27 80 0.0 1.216 Charging Deactivated
updateState 07/14/22 03:28:22 28 80 0.0 1.088 Charging Deactivated
updateState 07/14/22 03:29:22 29 80 0.0 1.216 Charging Deactivated
updateState 07/14/22 03:30:23 30 80 0.0 1.216 Charging Deactivated
updateState 07/14/22 03:31:23 31 80 0.0 1.088 Charging Deactivated
updateState 07/14/22 03:32:23 32 80 0.0 1.088 Charging Deactivated
updateState 07/14/22 03:33:23 33 80 0.0 1.088 Charging Deactivated
updateState 07/14/22 03:34:23 34 80 0.0 1.088 Charging Deactivated
updateState 07/14/22 03:35:23 35 80 0.0 1.088 Charging Deactivated
updateState 07/14/22 03:36:24 36 80 0.0 1.088 Charging Deactivated
updateState 07/14/22 03:37:24 37 80 0.0 1.216 Charging Deactivated
updateState 07/14/22 03:38:24 38 80 0.0 1.088 Charging Deactivated
updateState 07/14/22 03:39:24 39 80 0.0 1.088 Charging Deactivated
updateState 07/14/22 03:40:24 40 80 0.0 1.088 Charging Deactivated
updateState 07/14/22 03:41:24 41 80 0.0 1.216 Charging Deactivated
updateState 07/14/22 03:42:25 42 80 0.0 1.08 Charging Deactivated
updateState 07/14/22 03:43:25 43 80 0.0 1.088 Charging Deactivated
updateState 07/14/22 03:44:25 44 80 0.0 1.088 Charging Deactivated
updateState 07/14/22 03:45:25 45 80 0.0 1.08 Charging Deactivated
updateState 07/14/22 03:46:25 46 80 0.0 1.08 Charging Deactivated
updateState 07/14/22 03:47:25 47 80 0.0 1.088 Charging Deactivated
updateState 07/14/22 03:48:26 48 80 0.0 1.08 Charging Deactivated
updateState 07/14/22 03:49:26 49 80 0.0 1.08 Charging Deactivated
updateState 07/14/22 03:50:26 50 80 0.0 1.08 Charging Deactivated
updateState 07/14/22 03:51:26 51 80 0.0 1.08 Charging Deactivated
updateState 07/14/22 03:52:26 52 80 0.0 1.08 Charging Deactivated
updateState 07/14/22 03:53:26 53 80 0.0 1.08 Charging Deactivated
updateState 07/14/22 03:54:27 54 80 0.0 1.206 Charging Deactivated
updateState 07/14/22 03:55:27 55 80 0.0 1.08 Charging Deactivated
updateState 07/14/22 03:56:27 56 80 0.0 1.08 Charging Deactivated
updateState 07/14/22 03:57:27 57 80 0.0 1.08 Charging Deactivated
updateState 07/14/22 03:58:27 58 80 0.0 1.206 Charging Deactivated
updateState 07/14/22 03:59:27 59 80 0.0 1.08 Charging Deactivated
writeLog 7
updateState 
Rule Fired: 
False
True
updateState 07/14/22 04:01:28 1 74 0.0 5.985 Charging Deactivated
updateState 07/14/22 04:02:28 2 74 0.0 6.111 Charging Deactivated
updateState 07/14/22 04:03:28 3 74 0.0 5.985 Charging Deactivated
updateState 07/14/22 04:04:28 4 74 0.0 5.985 Charging Deactivated
updateState 07/14/22 04:05:29 5 74 0.0 6.111 Charging Deactivated
Rule Fired: webcamRunAtNight 
True
False
updateState 07/14/22 04:06:29 6 80 0.0 1.206 Charging Deactivated
updateState 07/14/22 04:07:29 7 80 0.0 1.08 Charging Deactivated
updateState 07/14/22 04:08:29 8 80 0.0 1.08 Charging Deactivated
updateState 07/14/22 04:09:29 9 80 0.0 1.08 Charging Deactivated
updateState 07/14/22 04:10:29 10 80 0.0 1.08 Charging Deactivated
updateState 07/14/22 04:11:30 11 80 0.0 1.206 Charging Deactivated
updateState 07/14/22 04:12:30 12 80 0.0 1.08 Charging Deactivated
updateState 07/14/22 04:13:30 13 80 0.0 1.08 Charging Deactivated
updateState 07/14/22 04:14:30 14 80 0.0 1.08 Charging Deactivated
updateState 07/14/22 04:15:30 15 80 0.0 1.08 Charging Deactivated
updateState 07/14/22 04:16:30 16 80 0.0 1.08 Charging Deactivated
updateState 07/14/22 04:17:31 17 80 0.0 1.206 Charging Deactivated
updateState 07/14/22 04:18:31 18 80 0.0 1.08 Charging Deactivated
updateState 07/14/22 04:19:31 19 80 0.0 1.08 Charging Deactivated
updateState 07/14/22 04:20:31 20 80 0.0 1.08 Charging Deactivated
updateState 07/14/22 04:21:31 21 80 0.0 1.206 Charging Deactivated
updateState 07/14/22 04:22:31 22 80 0.0 1.206 Charging Deactivated
updateState 07/14/22 04:23:32 23 80 0.0 1.206 Charging Deactivated
updateState 07/14/22 04:24:32 24 80 0.0 1.08 Charging Deactivated
updateState 07/14/22 04:25:32 25 80 0.0 1.206 Charging Deactivated
updateState 07/14/22 04:26:32 26 80 0.0 1.08 Charging Deactivated
updateState 07/14/22 04:27:32 27 80 0.0 1.08 Charging Deactivated
updateState 07/14/22 04:28:33 28 80 0.0 1.08 Charging Deactivated
updateState 07/14/22 04:29:33 29 80 0.0 1.08 Charging Deactivated
updateState 07/14/22 04:30:33 30 80 0.0 1.206 Charging Deactivated
updateState 07/14/22 04:31:33 31 80 0.0 1.206 Charging Deactivated
updateState 07/14/22 04:32:33 32 80 0.0 1.08 Charging Deactivated
updateState 07/14/22 04:33:33 33 80 0.0 1.08 Charging Deactivated
updateState 07/14/22 04:34:34 34 80 0.0 1.206 Charging Deactivated
updateState 07/14/22 04:35:34 35 80 0.0 1.206 Charging Deactivated
updateState 07/14/22 04:36:34 36 80 0.0 1.08 Charging Deactivated
updateState 07/14/22 04:37:34 37 80 0.0 1.08 Charging Deactivated
updateState 07/14/22 04:38:34 38 80 0.0 1.08 Charging Deactivated
updateState 07/14/22 04:39:34 39 80 0.0 1.08 Charging Deactivated
updateState 07/14/22 04:40:35 40 80 0.0 1.08 Charging Deactivated
updateState 07/14/22 04:41:35 41 80 0.0 1.08 Charging Deactivated
updateState 07/14/22 04:42:35 42 80 0.0 1.08 Charging Deactivated
updateState 07/14/22 04:43:35 43 80 0.0 1.206 Charging Deactivated
updateState 07/14/22 04:44:35 44 80 0.0 1.206 Charging Deactivated
updateState 07/14/22 04:45:35 45 80 0.0 1.08 Charging Deactivated
updateState 07/14/22 04:46:36 46 80 0.0 1.08 Charging Deactivated
updateState 07/14/22 04:47:36 47 80 0.0 1.08 Charging Deactivated
updateState 07/14/22 04:48:36 48 80 0.0 1.08 Charging Deactivated
updateState 07/14/22 04:49:36 49 80 0.0 1.206 Charging Deactivated
updateState 07/14/22 04:50:36 50 79 0.0 1.206 Charging Deactivated
updateState 07/14/22 04:51:36 51 80 0.0 1.08 Charging Deactivated
updateState 07/14/22 04:52:37 52 80 0.0 1.08 Charging Deactivated
updateState 07/14/22 04:53:37 53 80 0.0 1.08 Charging Deactivated
updateState 07/14/22 04:54:37 54 80 0.0 1.08 Charging Deactivated
updateState 07/14/22 04:55:37 55 80 0.0 1.08 Charging Deactivated
updateState 07/14/22 04:56:37 56 80 0.0 1.08 Charging Deactivated
updateState 07/14/22 04:57:37 57 80 0.0 1.08 Charging Deactivated
updateState 07/14/22 04:58:38 58 80 0.0 1.206 Charging Deactivated
updateState 07/14/22 04:59:38 59 79 0.0 1.08 Charging Deactivated
writeLog 8
updateState 
Rule Fired: 
False
True
updateState 07/14/22 05:01:38 1 73 0.0 5.985 Charging Deactivated
updateState 07/14/22 05:02:38 2 73 0.0 5.985 Charging Deactivated
updateState 07/14/22 05:03:38 3 73 0.0 5.985 Charging Deactivated
updateState 07/14/22 05:04:39 4 73 0.0 5.859 Charging Deactivated
updateState 07/14/22 05:05:39 5 73 0.0 5.985 Charging Deactivated
Rule Fired: webcamRunAtNight 
True
False
updateState 07/14/22 05:06:39 6 79 0.0 1.08 Charging Deactivated
updateState 07/14/22 05:07:39 7 79 0.0 1.206 Charging Deactivated
updateState 07/14/22 05:08:39 8 79 0.0 1.08 Charging Deactivated
updateState 07/14/22 05:09:39 9 79 0.0 1.08 Charging Deactivated
updateState 07/14/22 05:10:40 10 79 0.0 1.206 Charging Deactivated
updateState 07/14/22 05:11:40 11 79 0.0 1.08 Charging Deactivated
updateState 07/14/22 05:12:40 12 79 0.0 1.08 Charging Deactivated
updateState 07/14/22 05:13:40 13 79 0.0 1.08 Charging Deactivated
updateState 07/14/22 05:14:40 14 79 0.0 1.08 Charging Deactivated
updateState 07/14/22 05:15:40 15 79 0.0 1.206 Charging Deactivated
updateState 07/14/22 05:16:41 16 79 0.0 1.08 Charging Deactivated
updateState 07/14/22 05:17:41 17 79 0.0 1.206 Charging Deactivated
updateState 07/14/22 05:18:41 18 79 0.0 1.08 Charging Deactivated
updateState 07/14/22 05:19:41 19 79 0.0 1.206 Charging Deactivated
updateState 07/14/22 05:20:41 20 79 0.0 1.08 Charging Deactivated
updateState 07/14/22 05:21:41 21 79 0.0 1.08 Charging Deactivated
updateState 07/14/22 05:22:42 22 79 0.0 1.08 Charging Deactivated
updateState 07/14/22 05:23:42 23 79 0.0 1.08 Charging Deactivated
updateState 07/14/22 05:24:42 24 79 0.0 1.08 Charging Deactivated
updateState 07/14/22 05:25:42 25 79 0.0 1.08 Charging Deactivated
updateState 07/14/22 05:26:42 26 79 0.0 1.08 Charging Deactivated
updateState 07/14/22 05:27:42 27 79 0.0 1.08 Charging Deactivated
updateState 07/14/22 05:28:43 28 79 0.0 1.206 Charging Deactivated
updateState 07/14/22 05:29:43 29 79 0.0 1.206 Charging Deactivated
updateState 07/14/22 05:30:43 30 80 0.0 1.08 Charging Deactivated
updateState 07/14/22 05:31:43 31 79 0.0 1.206 Charging Deactivated
updateState 07/14/22 05:32:43 32 79 0.0 1.08 Charging Deactivated
updateState 07/14/22 05:33:43 33 79 0.0 1.206 Charging Deactivated
updateState 07/14/22 05:34:44 34 79 0.0 1.206 Charging Deactivated
updateState 07/14/22 05:35:44 35 79 0.0 1.08 Charging Deactivated
updateState 07/14/22 05:36:44 36 79 0.0 1.08 Charging Deactivated
updateState 07/14/22 05:37:44 37 79 0.0 1.08 Charging Deactivated
updateState 07/14/22 05:38:44 38 79 0.0 1.08 Charging Deactivated
updateState 07/14/22 05:39:45 39 79 0.0 1.08 Charging Deactivated
updateState 07/14/22 05:40:45 40 79 0.0 1.08 Charging Deactivated
updateState 07/14/22 05:41:45 41 79 0.0 1.206 Charging Deactivated
updateState 07/14/22 05:42:45 42 79 0.0 1.08 Charging Deactivated
updateState 07/14/22 05:43:45 43 79 0.0 1.08 Charging Deactivated
updateState 07/14/22 05:44:45 44 79 0.0 1.08 Charging Deactivated
updateState 07/14/22 05:45:46 45 79 0.0 1.206 Charging Deactivated
updateState 07/14/22 05:46:46 46 79 0.0 1.08 Charging Deactivated
updateState 07/14/22 05:47:46 47 79 0.0 1.206 Charging Deactivated
updateState 07/14/22 05:48:46 48 79 0.0 1.08 Charging Deactivated
updateState 07/14/22 05:49:46 49 79 0.0 1.08 Charging Deactivated
updateState 07/14/22 05:50:46 50 80 0.0 1.206 Charging Deactivated
updateState 07/14/22 05:51:47 51 79 0.0 1.206 Charging Deactivated
updateState 07/14/22 05:52:47 52 79 0.0 1.08 Charging Deactivated
updateState 07/14/22 05:53:47 53 79 0.0 1.206 Charging Deactivated
updateState 07/14/22 05:54:47 54 79 0.0 1.206 Charging Deactivated
updateState 07/14/22 05:55:47 55 79 0.0 1.08 Charging Deactivated
updateState 07/14/22 05:56:47 56 79 0.0 1.206 Charging Deactivated
updateState 07/14/22 05:57:48 57 79 0.0 1.206 Charging Deactivated
updateState 07/14/22 05:58:48 58 79 0.0 1.206 Charging Deactivated
updateState 07/14/22 05:59:48 59 79 0.0 1.08 Charging Deactivated
writeLog 9
updateState 
Rule Fired: 
False
True
updateState 07/14/22 06:01:48 1 76 0.0 2.857 Charging Deactivated
updateState 07/14/22 06:02:48 2 76 0.0 2.857 Charging Deactivated
updateState 07/14/22 06:03:49 3 76 0.0 2.984 Charging Deactivated
updateState 07/14/22 06:04:49 4 76 0.0 2.73 Charging Deactivated
updateState 07/14/22 06:05:49 5 76 0.0 2.857 Charging Deactivated
Rule Fired: webcamRunAtNight 
True
False
updateState 07/14/22 06:06:49 6 79 0.0 1.08 Charging Deactivated
updateState 07/14/22 06:07:49 7 79 0.0 1.08 Charging Deactivated
updateState 07/14/22 06:08:50 8 79 0.0 1.08 Charging Deactivated
updateState 07/14/22 06:09:50 9 79 0.0 1.08 Charging Deactivated
updateState 07/14/22 06:10:50 10 79 0.0 1.08 Charging Deactivated
updateState 07/14/22 06:11:50 11 79 0.0 1.206 Charging Deactivated
updateState 07/14/22 06:12:50 12 79 0.0 1.206 Charging Deactivated
updateState 07/14/22 06:13:50 13 79 0.0 1.206 Charging Deactivated
updateState 07/14/22 06:14:51 14 79 0.0 1.08 Charging Deactivated
updateState 07/14/22 06:15:51 15 79 0.0 1.206 Charging Deactivated
updateState 07/14/22 06:16:51 16 79 0.0 1.206 Charging Deactivated
updateState 07/14/22 06:17:51 17 79 0.0 0.952 Charging Deactivated
updateState 07/14/22 06:18:51 18 79 0.0 1.206 Charging Deactivated
updateState 07/14/22 06:19:51 19 79 0.0 1.08 Charging Deactivated
updateState 07/14/22 06:20:52 20 79 0.917 1.08 Boost Charging Mode
Rule Fired: 
False
True
updateState 07/14/22 06:21:52 21 76 0.91 2.73 Boost Charging Mode
updateState 07/14/22 06:22:52 22 76 0.91 2.73 Boost Charging Mode
updateState 07/14/22 06:23:52 23 76 0.917 2.857 Boost Charging Mode
updateState 07/14/22 06:24:52 24 76 0.917 2.857 Boost Charging Mode
updateState 07/14/22 06:25:52 25 76 0.91 2.73 Boost Charging Mode
updateState 07/14/22 06:26:53 26 76 0.917 2.73 Boost Charging Mode
updateState 07/14/22 06:27:53 27 76 0.917 2.857 Boost Charging Mode
updateState 07/14/22 06:28:53 28 76 0.917 2.984 Boost Charging Mode
updateState 07/14/22 06:29:53 29 76 0.917 2.603 Boost Charging Mode
updateState 07/14/22 06:30:53 30 76 0.917 2.73 Boost Charging Mode
updateState 07/14/22 06:31:53 31 76 0.917 2.73 Boost Charging Mode
updateState 07/14/22 06:32:54 32 76 0.917 2.73 Boost Charging Mode
updateState 07/14/22 06:33:54 33 76 0.917 2.857 Boost Charging Mode
updateState 07/14/22 06:34:54 34 76 0.917 2.73 Boost Charging Mode
updateState 07/14/22 06:35:54 35 76 0.917 2.857 Boost Charging Mode
updateState 07/14/22 06:36:54 36 76 0.917 2.857 Boost Charging Mode
updateState 07/14/22 06:37:54 37 76 0.917 2.73 Boost Charging Mode
updateState 07/14/22 06:38:55 38 76 0.917 2.73 Boost Charging Mode
updateState 07/14/22 06:39:55 39 76 0.917 2.857 Boost Charging Mode
updateState 07/14/22 06:40:55 40 76 0.917 2.984 Boost Charging Mode
updateState 07/14/22 06:41:55 41 76 0.917 2.73 Boost Charging Mode
updateState 07/14/22 06:42:55 42 76 0.917 2.857 Boost Charging Mode
updateState 07/14/22 06:43:56 43 76 0.917 2.857 Boost Charging Mode
updateState 07/14/22 06:44:56 44 76 0.917 2.583 Boost Charging Mode
updateState 07/14/22 06:45:56 45 76 0.917 2.835 Boost Charging Mode
updateState 07/14/22 06:46:56 46 76 0.917 2.73 Boost Charging Mode
updateState 07/14/22 06:47:56 47 76 0.917 2.857 Boost Charging Mode
updateState 07/14/22 06:48:56 48 76 0.917 2.984 Boost Charging Mode
updateState 07/14/22 06:49:57 49 76 0.917 2.603 Boost Charging Mode
updateState 07/14/22 06:50:57 50 76 0.917 2.961 Boost Charging Mode
updateState 07/14/22 06:51:57 51 76 0.917 2.603 Boost Charging Mode
updateState 07/14/22 06:52:57 52 76 0.917 2.857 Boost Charging Mode
updateState 07/14/22 06:53:57 53 77 0.917 2.73 Boost Charging Mode
updateState 07/14/22 06:54:57 54 76 0.917 2.857 Boost Charging Mode
updateState 07/14/22 06:55:58 55 76 0.917 2.857 Boost Charging Mode
updateState 07/14/22 06:56:58 56 76 0.917 2.73 Boost Charging Mode
updateState 07/14/22 06:57:58 57 76 0.917 2.73 Boost Charging Mode
updateState 07/14/22 06:58:58 58 76 0.917 2.857 Boost Charging Mode
updateState 07/14/22 06:59:58 59 76 0.917 2.857 Boost Charging Mode
writeLog 10
updateState 
updateState 07/14/22 07:01:59 1 76 0.917 2.73 Boost Charging Mode
updateState 07/14/22 07:02:59 2 76 0.917 2.857 Boost Charging Mode
updateState 07/14/22 07:03:59 3 76 0.917 2.857 Boost Charging Mode
updateState 07/14/22 07:04:59 4 76 0.917 2.603 Boost Charging Mode
updateState 07/14/22 07:05:59 5 76 0.917 2.857 Boost Charging Mode
updateState 07/14/22 07:06:59 6 76 0.917 2.857 Boost Charging Mode
updateState 07/14/22 07:08:00 7 76 0.917 2.73 Boost Charging Mode
updateState 07/14/22 07:09:00 8 76 0.917 2.984 Boost Charging Mode
updateState 07/14/22 07:10:00 9 76 0.917 2.73 Boost Charging Mode
updateState 07/14/22 07:11:00 10 76 0.917 2.857 Boost Charging Mode
updateState 07/14/22 07:12:00 11 76 0.917 2.857 Boost Charging Mode
updateState 07/14/22 07:13:00 12 76 0.917 2.603 Boost Charging Mode
updateState 07/14/22 07:14:01 13 76 0.917 2.857 Boost Charging Mode
updateState 07/14/22 07:15:01 14 76 0.917 2.857 Boost Charging Mode
updateState 07/14/22 07:16:01 15 76 0.917 2.857 Boost Charging Mode
updateState 07/14/22 07:17:01 16 76 0.917 2.603 Boost Charging Mode
updateState 07/14/22 07:18:01 17 76 0.917 2.73 Boost Charging Mode
updateState 07/14/22 07:19:01 18 76 0.917 2.857 Boost Charging Mode
updateState 07/14/22 07:20:02 19 76 0.917 2.857 Boost Charging Mode
updateState 07/14/22 07:21:02 20 76 0.917 2.857 Boost Charging Mode
updateState 07/14/22 07:22:02 21 76 0.917 2.603 Boost Charging Mode
updateState 07/14/22 07:23:02 22 77 0.917 2.73 Boost Charging Mode
updateState 07/14/22 07:24:02 23 76 0.917 2.857 Boost Charging Mode
updateState 07/14/22 07:25:02 24 76 0.917 2.857 Boost Charging Mode
updateState 07/14/22 07:26:03 25 76 0.917 2.857 Boost Charging Mode
updateState 07/14/22 07:27:03 26 76 0.917 2.603 Boost Charging Mode
updateState 07/14/22 07:28:03 27 76 0.917 2.73 Boost Charging Mode
updateState 07/14/22 07:29:03 28 76 0.917 2.857 Boost Charging Mode
updateState 07/14/22 07:30:03 29 76 0.917 2.603 Boost Charging Mode
updateState 07/14/22 07:31:03 30 76 0.917 2.603 Boost Charging Mode
updateState 07/14/22 07:32:04 31 76 1.965 2.857 Boost Charging Mode
updateState 07/14/22 07:33:04 32 76 1.965 2.857 Boost Charging Mode
updateState 07/14/22 07:34:04 33 76 1.965 2.73 Boost Charging Mode
updateState 07/14/22 07:35:04 34 76 1.965 2.73 Boost Charging Mode
updateState 07/14/22 07:36:04 35 76 1.965 2.73 Boost Charging Mode
updateState 07/14/22 07:37:04 36 76 1.965 2.73 Boost Charging Mode
updateState 07/14/22 07:38:05 37 76 1.965 2.857 Boost Charging Mode
updateState 07/14/22 07:39:05 38 76 1.965 2.857 Boost Charging Mode
updateState 07/14/22 07:40:05 39 76 1.965 2.857 Boost Charging Mode
updateState 07/14/22 07:41:05 40 77 1.965 2.857 Boost Charging Mode
updateState 07/14/22 07:42:05 41 76 1.965 2.857 Boost Charging Mode
updateState 07/14/22 07:43:06 42 76 1.965 2.603 Boost Charging Mode
updateState 07/14/22 07:44:06 43 77 1.965 2.603 Boost Charging Mode
updateState 07/14/22 07:45:06 44 76 1.965 2.73 Boost Charging Mode
updateState 07/14/22 07:46:06 45 77 1.98 2.857 Boost Charging Mode
updateState 07/14/22 07:47:06 46 77 1.98 2.73 Boost Charging Mode
updateState 07/14/22 07:48:06 47 77 1.98 2.857 Boost Charging Mode
updateState 07/14/22 07:49:07 48 78 1.98 2.857 Boost Charging Mode
updateState 07/14/22 07:50:07 49 78 1.98 2.857 Boost Charging Mode
updateState 07/14/22 07:51:07 50 77 1.98 2.857 Boost Charging Mode
updateState 07/14/22 07:52:07 51 77 1.98 2.857 Boost Charging Mode
updateState 07/14/22 07:53:07 52 77 1.98 2.857 Boost Charging Mode
updateState 07/14/22 07:54:07 53 78 1.98 2.73 Boost Charging Mode
updateState 07/14/22 07:55:08 54 78 1.98 2.73 Boost Charging Mode
updateState 07/14/22 07:56:08 55 77 1.98 2.73 Boost Charging Mode
updateState 07/14/22 07:57:08 56 77 1.98 2.73 Boost Charging Mode
updateState 07/14/22 07:58:08 57 78 1.98 2.857 Boost Charging Mode
updateState 07/14/22 07:59:08 58 77 1.98 2.857 Boost Charging Mode
writeLog 11
updateState 
updateState 07/14/22 08:01:09 1 78 1.98 2.73 Boost Charging Mode
updateState 07/14/22 08:02:09 2 78 1.98 2.603 Boost Charging Mode
updateState 07/14/22 08:03:09 3 78 1.98 2.603 Boost Charging Mode
updateState 07/14/22 08:04:09 4 78 1.98 2.73 Boost Charging Mode
updateState 07/14/22 08:05:09 5 78 1.98 2.857 Boost Charging Mode
updateState 07/14/22 08:06:09 6 78 1.98 2.857 Boost Charging Mode
updateState 07/14/22 08:07:10 7 78 1.98 2.73 Boost Charging Mode
updateState 07/14/22 08:08:10 8 78 1.98 2.73 Boost Charging Mode
updateState 07/14/22 08:09:10 9 78 1.98 2.857 Boost Charging Mode
updateState 07/14/22 08:10:10 10 78 1.98 2.857 Boost Charging Mode
updateState 07/14/22 08:11:10 11 78 2.904 2.603 Boost Charging Mode
updateState 07/14/22 08:12:10 12 78 2.904 2.73 Boost Charging Mode
updateState 07/14/22 08:13:11 13 79 2.904 2.857 Boost Charging Mode
updateState 07/14/22 08:14:11 14 80 2.904 2.857 Boost Charging Mode
updateState 07/14/22 08:15:11 15 80 3.96 2.73 Boost Charging Mode
updateState 07/14/22 08:16:11 16 82 4.921 2.88 Boost Charging Mode
updateState 07/14/22 08:17:11 17 84 5.985 2.88 Boost Charging Mode
updateState 07/14/22 08:18:11 18 86 5.896 2.773 Boost Charging Mode
updateState 07/14/22 08:19:12 19 89 6.968 2.902 Boost Charging Mode
updateState 07/14/22 08:20:12 20 95 10.88 2.795 Boost Charging Mode
updateState 07/14/22 08:21:12 21 100 13.9 2.97 Boost Charging Mode
updateState 07/14/22 08:22:12 22 100 18.9 2.747 Boost Charging Mode
updateState 07/14/22 08:23:12 23 100 20.868 2.788 Boost Charging Mode
updateState 07/14/22 08:24:12 24 100 21.868 3.06 Boost Charging Mode
updateState 07/14/22 08:25:13 25 100 21.868 2.945 Boost Charging Mode
updateState 07/14/22 08:26:13 26 100 21.868 2.945 Boost Charging Mode
updateState 07/14/22 08:27:13 27 100 21.879 3.082 Boost Charging Mode
updateState 07/14/22 08:28:13 28 100 21.879 3.082 Boost Charging Mode
updateState 07/14/22 08:29:13 29 100 22.88 2.945 Boost Charging Mode
updateState 07/14/22 08:30:13 30 100 22.88 2.967 Boost Charging Mode
updateState 07/14/22 08:31:14 31 100 23.925 2.829 Boost Charging Mode
updateState 07/14/22 08:32:14 32 100 23.904 2.967 Boost Charging Mode
updateState 07/14/22 08:33:14 33 100 9.869 3.015 Boost Charging Mode
updateState 07/14/22 08:34:14 34 100 14.98 2.902 Boost Charging Mode
updateState 07/14/22 08:35:14 35 100 18.894 2.924 Boost Charging Mode
updateState 07/14/22 08:36:14 36 100 12.88 3.172 Boost Charging Mode
updateState 07/14/22 08:37:15 37 100 9.94 3.015 Boost Charging Mode
updateState 07/14/22 08:38:15 38 100 7.866 2.859 Boost Charging Mode
updateState 07/14/22 08:39:15 39 100 6.9 2.859 Boost Charging Mode
updateState 07/14/22 08:40:15 40 100 8.97 2.859 Boost Charging Mode
updateState 07/14/22 08:41:15 41 100 15.96 3.037 Boost Charging Mode
updateState 07/14/22 08:42:16 42 100 21.879 3.105 Boost Charging Mode
updateState 07/14/22 08:43:16 43 100 22.896 3.105 Boost Charging Mode
updateState 07/14/22 08:44:16 44 100 18.894 3.06 Boost Charging Mode
updateState 07/14/22 08:45:16 45 100 14.0 3.037 Boost Charging Mode
updateState 07/14/22 08:46:16 46 100 14.98 2.902 Boost Charging Mode
updateState 07/14/22 08:47:16 47 100 16.92 2.924 Boost Charging Mode
updateState 07/14/22 08:48:17 48 100 15.933 3.06 Boost Charging Mode
updateState 07/14/22 08:49:17 49 100 11.9 3.015 Boost Charging Mode
updateState 07/14/22 08:50:17 50 100 16.92 3.037 Boost Charging Mode
updateState 07/14/22 08:51:17 51 100 22.91 3.15 Boost Charging Mode
updateState 07/14/22 08:52:17 52 100 17.892 3.082 Boost Charging Mode
updateState 07/14/22 08:53:17 53 100 11.9 3.037 Boost Charging Mode
updateState 07/14/22 08:54:18 54 100 12.88 3.037 Boost Charging Mode
updateState 07/14/22 08:55:18 55 100 11.9 2.902 Boost Charging Mode
updateState 07/14/22 08:56:18 56 100 14.946 3.06 Boost Charging Mode
updateState 07/14/22 08:57:18 57 100 15.933 3.06 Boost Charging Mode
updateState 07/14/22 08:58:18 58 100 16.898 3.06 Boost Charging Mode
updateState 07/14/22 08:59:18 59 100 13.959 3.037 Boost Charging Mode
writeLog 12
updateState 
updateState 07/14/22 09:01:19 1 100 9.869 3.149 Boost Charging Mode
updateState 07/14/22 09:02:19 2 100 13.959 2.924 Boost Charging Mode
updateState 07/14/22 09:03:19 3 100 12.972 3.06 Boost Charging Mode
updateState 07/14/22 09:04:19 4 100 17.892 3.082 Boost Charging Mode
updateState 07/14/22 09:05:19 5 100 19.877 2.967 Boost Charging Mode
updateState 07/14/22 09:06:20 6 100 19.872 3.127 Boost Charging Mode
updateState 07/14/22 09:07:20 7 100 17.875 2.945 Boost Charging Mode
updateState 07/14/22 09:08:20 8 100 10.92 3.172 Boost Charging Mode
updateState 07/14/22 09:09:20 9 100 11.9 3.037 Boost Charging Mode
updateState 07/14/22 09:10:20 10 100 17.875 3.082 Boost Charging Mode
updateState 07/14/22 09:11:20 11 100 14.91 2.945 Boost Charging Mode
updateState 07/14/22 09:12:21 12 100 14.872 2.967 Boost Charging Mode
updateState 07/14/22 09:13:21 13 100 8.96 3.037 Boost Charging Mode
updateState 07/14/22 09:14:21 14 100 7.923 3.015 Boost Charging Mode
updateState 07/14/22 09:15:21 15 100 5.934 3.126 Boost Charging Mode
updateState 07/14/22 09:16:21 16 100 5.934 2.859 Boost Charging Mode
updateState 07/14/22 09:17:21 17 100 5.934 2.859 Boost Charging Mode
updateState 07/14/22 09:18:22 18 100 5.934 2.992 Boost Charging Mode
updateState 07/14/22 09:19:22 19 100 5.934 2.859 Boost Charging Mode
updateState 07/14/22 09:20:22 20 100 5.934 2.859 Boost Charging Mode
updateState 07/14/22 09:21:22 21 100 8.896 2.881 Boost Charging Mode
updateState 07/14/22 09:22:22 22 100 11.985 3.037 Boost Charging Mode
updateState 07/14/22 09:23:23 23 100 13.916 3.172 Boost Charging Mode
updateState 07/14/22 09:24:23 24 100 22.946 3.053 Boost Charging Mode
updateState 07/14/22 09:25:23 25 100 22.0 3.031 Boost Charging Mode
updateState 07/14/22 09:26:23 26 100 21.894 3.031 Boost Charging Mode
updateState 07/14/22 09:27:23 27 100 20.943 3.172 Boost Charging Mode
updateState 07/14/22 09:28:23 28 100 20.88 2.89 Boost Charging Mode
updateState 07/14/22 09:29:24 29 100 18.824 3.031 Boost Charging Mode
updateState 07/14/22 09:30:24 30 100 19.968 3.053 Boost Charging Mode
updateState 07/14/22 09:31:24 31 100 11.928 2.924 Boost Charging Mode
updateState 07/14/22 09:32:24 32 100 15.873 3.082 Boost Charging Mode
updateState 07/14/22 09:33:24 33 100 15.873 3.105 Boost Charging Mode
updateState 07/14/22 09:34:24 34 100 14.872 2.967 Boost Charging Mode
updateState 07/14/22 09:35:25 35 100 18.875 3.15 Boost Charging Mode
updateState 07/14/22 09:36:25 36 100 19.836 3.172 Boost Charging Mode
updateState 07/14/22 09:37:25 37 100 13.916 3.196 Boost Charging Mode
updateState 07/14/22 09:38:25 38 100 16.992 3.127 Boost Charging Mode
updateState 07/14/22 09:39:25 39 100 8.96 3.037 Boost Charging Mode
updateState 07/14/22 09:40:25 40 100 19.902 3.031 Boost Charging Mode
updateState 07/14/22 09:41:26 41 100 18.849 3.172 Boost Charging Mode
updateState 07/14/22 09:42:26 42 100 16.926 3.031 Boost Charging Mode
updateState 07/14/22 09:43:26 43 100 17.978 3.031 Boost Charging Mode
updateState 07/14/22 09:44:26 44 100 16.928 3.031 Boost Charging Mode
updateState 07/14/22 09:45:26 45 100 14.949 3.127 Boost Charging Mode
updateState 07/14/22 09:46:26 46 100 16.91 3.031 Boost Charging Mode
updateState 07/14/22 09:47:27 47 100 15.95 3.01 Boost Charging Mode
updateState 07/14/22 09:48:27 48 100 17.9 3.031 Boost Charging Mode
updateState 07/14/22 09:49:27 49 100 17.901 3.172 Boost Charging Mode
updateState 07/14/22 09:50:27 50 100 17.936 3.172 Boost Charging Mode
updateState 07/14/22 09:51:27 51 100 17.854 3.172 Boost Charging Mode
updateState 07/14/22 09:52:27 52 100 10.934 3.082 Boost Charging Mode
updateState 07/14/22 09:53:28 53 100 9.94 2.924 Boost Charging Mode
updateState 07/14/22 09:54:28 54 100 10.934 3.06 Boost Charging Mode
updateState 07/14/22 09:55:28 55 100 7.98 2.902 Boost Charging Mode
updateState 07/14/22 09:56:28 56 100 8.96 3.037 Boost Charging Mode
updateState 07/14/22 09:57:28 57 100 7.98 3.037 Boost Charging Mode
updateState 07/14/22 09:58:28 58 100 7.98 3.037 Boost Charging Mode
updateState 07/14/22 09:59:28 59 100 7.98 3.037 Boost Charging Mode
writeLog 13
updateState 
updateState 07/14/22 10:01:29 1 100 8.96 2.902 Boost Charging Mode
updateState 07/14/22 10:02:29 2 100 8.96 3.172 Boost Charging Mode
updateState 07/14/22 10:03:29 3 100 7.896 3.037 Boost Charging Mode
updateState 07/14/22 10:04:29 4 100 8.96 3.037 Boost Charging Mode
updateState 07/14/22 10:05:30 5 100 8.96 2.902 Boost Charging Mode
updateState 07/14/22 10:06:30 6 100 8.96 2.902 Boost Charging Mode
updateState 07/14/22 10:07:30 7 100 9.87 2.902 Boost Charging Mode
updateState 07/14/22 10:08:30 8 100 8.96 2.902 Boost Charging Mode
updateState 07/14/22 10:09:30 9 100 8.96 3.037 Boost Charging Mode
updateState 07/14/22 10:10:30 10 100 8.96 2.902 Boost Charging Mode
updateState 07/14/22 10:11:30 11 100 8.96 2.902 Boost Charging Mode
updateState 07/14/22 10:12:31 12 100 8.96 2.902 Boost Charging Mode
updateState 07/14/22 10:13:31 13 100 10.998 2.924 Boost Charging Mode
updateState 07/14/22 10:14:31 14 100 8.96 3.037 Boost Charging Mode
updateState 07/14/22 10:15:31 15 100 8.96 3.037 Boost Charging Mode
updateState 07/14/22 10:16:31 16 100 11.928 3.082 Boost Charging Mode
updateState 07/14/22 10:17:31 17 100 10.934 3.082 Boost Charging Mode
updateState 07/14/22 10:18:32 18 100 12.87 3.082 Boost Charging Mode
updateState 07/14/22 10:19:32 19 100 14.976 2.988 Boost Charging Mode
updateState 07/14/22 10:20:32 20 100 14.892 3.01 Boost Charging Mode
updateState 07/14/22 10:21:32 21 100 15.876 3.031 Boost Charging Mode
updateState 07/14/22 10:22:32 22 100 14.88 3.172 Boost Charging Mode
updateState 07/14/22 10:23:32 23 100 14.973 3.031 Boost Charging Mode
updateState 07/14/22 10:24:33 24 100 16.895 3.172 Boost Charging Mode
updateState 07/14/22 10:25:33 25 100 13.92 3.031 Boost Charging Mode
updateState 07/14/22 10:26:33 26 100 14.96 3.172 Boost Charging Mode
updateState 07/14/22 10:27:33 27 100 14.904 3.031 Boost Charging Mode
updateState 07/14/22 10:28:33 28 100 15.824 3.031 Boost Charging Mode
updateState 07/14/22 10:29:33 29 100 15.91 3.031 Boost Charging Mode
updateState 07/14/22 10:30:34 30 100 15.824 3.031 Boost Charging Mode
updateState 07/14/22 10:31:34 31 100 14.96 2.89 Boost Charging Mode
updateState 07/14/22 10:32:34 32 100 13.986 3.031 Boost Charging Mode
updateState 07/14/22 10:33:34 33 100 12.92 3.031 Boost Charging Mode
updateState 07/14/22 10:34:34 34 100 12.92 3.172 Boost Charging Mode
updateState 07/14/22 10:35:34 35 100 12.988 3.172 Boost Charging Mode
updateState 07/14/22 10:36:35 36 100 12.988 3.172 Boost Charging Mode
updateState 07/14/22 10:37:35 37 100 12.92 3.172 Boost Charging Mode
updateState 07/14/22 10:38:35 38 100 13.943 3.172 Boost Charging Mode
updateState 07/14/22 10:39:35 39 100 14.898 3.172 Boost Charging Mode
updateState 07/14/22 10:40:35 40 100 14.976 3.172 Boost Charging Mode
updateState 07/14/22 10:41:35 41 100 14.976 3.031 Boost Charging Mode
updateState 07/14/22 10:42:36 42 100 14.976 3.172 Boost Charging Mode
updateState 07/14/22 10:43:36 43 100 14.976 3.172 Boost Charging Mode
updateState 07/14/22 10:44:36 44 100 13.824 3.172 Boost Charging Mode
updateState 07/14/22 10:45:36 45 100 12.864 3.031 Boost Charging Mode
updateState 07/14/22 10:46:36 46 100 12.931 3.031 Boost Charging Mode
updateState 07/14/22 10:47:36 47 100 11.966 3.172 Boost Charging Mode
updateState 07/14/22 10:48:37 48 100 11.966 3.031 Boost Charging Mode
updateState 07/14/22 10:49:37 49 100 11.966 3.031 Boost Charging Mode
updateState 07/14/22 10:50:37 50 100 11.904 3.031 Boost Charging Mode
updateState 07/14/22 10:51:37 51 100 12.931 3.031 Boost Charging Mode
updateState 07/14/22 10:52:37 52 100 12.998 3.031 Boost Charging Mode
updateState 07/14/22 10:53:37 53 100 13.968 2.89 Boost Charging Mode
updateState 07/14/22 10:54:38 54 100 13.896 3.031 Boost Charging Mode
updateState 07/14/22 10:55:38 55 100 14.861 3.595 Boost Charging Mode
updateState 07/14/22 10:56:38 56 100 13.896 3.031 Boost Charging Mode
updateState 07/14/22 10:57:38 57 100 12.931 3.172 Boost Charging Mode
updateState 07/14/22 10:58:38 58 100 11.834 3.172 Boost Charging Mode
updateState 07/14/22 10:59:38 59 100 11.956 3.454 Boost Charging Mode
writeLog 14
updateState 
updateState 07/14/22 11:01:39 1 100 10.976 3.031 Boost Charging Mode
updateState 07/14/22 11:02:39 2 100 10.976 3.031 Boost Charging Mode
updateState 07/14/22 11:03:39 3 100 12.92 4.159 Boost Charging Mode
updateState 07/14/22 11:04:39 4 100 10.976 3.172 Boost Charging Mode
updateState 07/14/22 11:05:39 5 100 11.956 3.031 Boost Charging Mode
updateState 07/14/22 11:06:40 6 100 12.805 3.031 Boost Charging Mode
updateState 07/14/22 11:07:40 7 100 12.936 3.031 Boost Charging Mode
updateState 07/14/22 11:08:40 8 100 13.0 3.313 Boost Charging Mode
updateState 07/14/22 11:09:40 9 100 13.896 4.3 Boost Charging Mode
updateState 07/14/22 11:10:40 10 100 12.805 3.031 Boost Charging Mode
updateState 07/14/22 11:11:40 11 100 11.956 3.031 Boost Charging Mode
updateState 07/14/22 11:12:41 12 100 11.842 3.313 Boost Charging Mode
updateState 07/14/22 11:13:41 13 100 10.976 3.172 Boost Charging Mode
updateState 07/14/22 11:14:41 14 100 10.976 3.031 Boost Charging Mode
updateState 07/14/22 11:15:41 15 100 9.88 3.031 Boost Charging Mode
updateState 07/14/22 11:16:41 16 100 9.99 3.172 Boost Charging Mode
updateState 07/14/22 11:17:41 17 100 9.828 3.031 Boost Charging Mode
updateState 07/14/22 11:18:42 18 100 10.85 3.031 Boost Charging Mode
updateState 07/14/22 11:19:42 19 100 8.977 3.031 Boost Charging Mode
updateState 07/14/22 11:20:42 20 100 9.976 3.172 Boost Charging Mode
updateState 07/14/22 11:21:42 21 100 10.88 3.172 Boost Charging Mode
updateState 07/14/22 11:22:42 22 100 10.85 3.031 Boost Charging Mode
updateState 07/14/22 11:23:42 23 100 10.952 3.172 Boost Charging Mode
updateState 07/14/22 11:24:43 24 100 10.988 3.195 Boost Charging Mode
updateState 07/14/22 11:25:43 25 100 11.88 3.172 Boost Charging Mode
updateState 07/14/22 11:26:43 26 100 11.94 3.172 Boost Charging Mode
updateState 07/14/22 11:27:43 27 100 10.945 3.031 Boost Charging Mode
updateState 07/14/22 11:28:43 28 100 9.95 3.031 Boost Charging Mode
updateState 07/14/22 11:29:43 29 100 10.0 2.89 Boost Charging Mode
updateState 07/14/22 11:30:43 30 100 9.0 3.031 Boost Charging Mode
updateState 07/14/22 11:31:44 31 100 9.0 2.89 Boost Charging Mode
updateState 07/14/22 11:32:44 32 100 9.0 3.031 Boost Charging Mode
updateState 07/14/22 11:33:44 33 100 9.95 3.172 Boost Charging Mode
updateState 07/14/22 11:34:44 34 100 9.95 3.172 Boost Charging Mode
updateState 07/14/22 11:35:44 35 100 9.85 3.031 Boost Charging Mode
updateState 07/14/22 11:36:44 36 100 10.835 3.172 Boost Charging Mode
updateState 07/14/22 11:37:45 37 100 10.864 3.172 Boost Charging Mode
updateState 07/14/22 11:38:45 38 100 10.944 3.031 Boost Charging Mode
updateState 07/14/22 11:39:45 39 100 10.887 3.172 Boost Charging Mode
updateState 07/14/22 11:40:45 40 100 10.887 3.172 Boost Charging Mode
updateState 07/14/22 11:41:45 41 100 9.911 3.172 Boost Charging Mode
updateState 07/14/22 11:42:45 42 100 4.848 2.945 Floating Charging Mode
updateState 07/14/22 11:43:46 43 100 5.82 3.082 Floating Charging Mode
updateState 07/14/22 11:44:46 44 100 5.984 3.082 Floating Charging Mode
updateState 07/14/22 11:45:46 45 100 6.845 3.082 Floating Charging Mode
updateState 07/14/22 11:46:46 46 100 5.984 3.082 Floating Charging Mode
updateState 07/14/22 11:47:46 47 100 6.876 3.082 Floating Charging Mode
updateState 07/14/22 11:48:46 48 100 6.942 3.219 Floating Charging Mode
updateState 07/14/22 11:49:46 49 100 7.866 3.082 Floating Charging Mode
updateState 07/14/22 11:50:47 50 100 7.92 3.082 Floating Charging Mode
updateState 07/14/22 11:51:47 51 100 7.958 2.945 Floating Charging Mode
updateState 07/14/22 11:52:47 52 100 6.93 3.082 Floating Charging Mode
updateState 07/14/22 11:53:47 53 100 6.923 3.082 Floating Charging Mode
updateState 07/14/22 11:54:47 54 100 6.93 3.082 Floating Charging Mode
updateState 07/14/22 11:55:47 55 100 6.93 3.082 Floating Charging Mode
updateState 07/14/22 11:56:48 56 100 6.885 2.945 Floating Charging Mode
updateState 07/14/22 11:57:48 57 100 7.905 3.082 Floating Charging Mode
updateState 07/14/22 11:58:48 58 100 6.946 3.082 Floating Charging Mode
updateState 07/14/22 11:59:48 59 100 6.992 3.082 Floating Charging Mode
writeLog 15
updateState 
updateState 07/14/22 12:01:48 1 100 5.964 3.082 Floating Charging Mode
updateState 07/14/22 12:02:49 2 100 5.922 3.06 Floating Charging Mode
updateState 07/14/22 12:03:49 3 100 7.956 2.967 Floating Charging Mode
updateState 07/14/22 12:04:49 4 100 6.912 3.082 Floating Charging Mode
updateState 07/14/22 12:05:49 5 100 4.935 2.924 Floating Charging Mode
updateState 07/14/22 12:06:49 6 100 4.935 3.06 Floating Charging Mode
updateState 07/14/22 12:07:49 7 100 4.9 3.172 Floating Charging Mode
updateState 07/14/22 12:08:50 8 100 4.9 2.902 Floating Charging Mode
updateState 07/14/22 12:09:50 9 100 4.9 3.172 Floating Charging Mode
updateState 07/14/22 12:10:50 10 100 2.94 3.037 Floating Charging Mode
updateState 07/14/22 12:11:50 11 100 2.919 3.015 Floating Charging Mode
updateState 07/14/22 12:12:50 12 100 2.919 3.015 Floating Charging Mode
updateState 07/14/22 12:13:50 13 100 5.88 2.902 Floating Charging Mode
updateState 07/14/22 12:14:51 14 100 5.88 3.037 Floating Charging Mode
updateState 07/14/22 12:15:51 15 100 3.92 2.902 Floating Charging Mode
updateState 07/14/22 12:16:51 16 100 4.9 3.037 Floating Charging Mode
updateState 07/14/22 12:17:51 17 100 3.892 3.015 Floating Charging Mode
updateState 07/14/22 12:18:51 18 100 5.88 2.902 Floating Charging Mode
updateState 07/14/22 12:19:51 19 100 4.9 3.037 Floating Charging Mode
updateState 07/14/22 12:20:52 20 100 4.9 3.037 Floating Charging Mode
updateState 07/14/22 12:21:52 21 100 4.9 3.037 Floating Charging Mode
updateState 07/14/22 12:22:52 22 100 5.88 2.902 Floating Charging Mode
updateState 07/14/22 12:23:52 23 100 5.88 3.172 Floating Charging Mode
updateState 07/14/22 12:24:52 24 100 5.88 2.902 Floating Charging Mode
updateState 07/14/22 12:25:52 25 100 4.9 3.037 Floating Charging Mode
updateState 07/14/22 12:26:52 26 100 4.9 3.037 Floating Charging Mode
updateState 07/14/22 12:27:53 27 100 4.9 3.037 Floating Charging Mode
updateState 07/14/22 12:28:53 28 100 3.92 2.902 Floating Charging Mode
updateState 07/14/22 12:29:53 29 100 4.9 3.037 Floating Charging Mode
updateState 07/14/22 12:30:53 30 100 4.9 3.172 Floating Charging Mode
updateState 07/14/22 12:31:53 31 100 4.9 3.037 Floating Charging Mode
updateState 07/14/22 12:32:53 32 100 6.909 2.924 Floating Charging Mode
updateState 07/14/22 12:33:54 33 100 5.922 3.196 Floating Charging Mode
updateState 07/14/22 12:34:54 34 100 3.92 3.037 Floating Charging Mode
updateState 07/14/22 12:35:54 35 100 2.919 3.015 Floating Charging Mode
updateState 07/14/22 12:36:54 36 100 1.932 3.015 Floating Charging Mode
updateState 07/14/22 12:37:54 37 100 2.898 3.126 Floating Charging Mode
updateState 07/14/22 12:38:54 38 100 2.898 2.992 Floating Charging Mode
updateState 07/14/22 12:39:55 39 100 2.898 2.992 Floating Charging Mode
updateState 07/14/22 12:40:55 40 100 2.898 2.992 Floating Charging Mode
updateState 07/14/22 12:41:55 41 100 5.977 2.992 Floating Charging Mode
updateState 07/14/22 12:42:55 42 100 5.977 2.881 Floating Charging Mode
updateState 07/14/22 12:43:55 43 100 5.88 2.902 Floating Charging Mode
updateState 07/14/22 12:44:55 44 100 4.935 3.037 Floating Charging Mode
updateState 07/14/22 12:45:56 45 100 4.9 2.902 Floating Charging Mode
updateState 07/14/22 12:46:56 46 100 4.9 3.037 Floating Charging Mode
updateState 07/14/22 12:47:56 47 100 5.922 3.037 Floating Charging Mode
updateState 07/14/22 12:48:56 48 100 4.9 2.902 Floating Charging Mode
updateState 07/14/22 12:49:56 49 100 5.88 2.902 Floating Charging Mode
updateState 07/14/22 12:50:56 50 100 4.9 3.037 Floating Charging Mode
updateState 07/14/22 12:51:56 51 100 5.922 3.196 Floating Charging Mode
updateState 07/14/22 12:52:57 52 100 1.946 3.015 Floating Charging Mode
updateState 07/14/22 12:53:57 53 100 1.932 2.992 Floating Charging Mode
updateState 07/14/22 12:54:57 54 100 1.918 2.992 Floating Charging Mode
updateState 07/14/22 12:55:57 55 100 1.918 2.97 Floating Charging Mode
updateState 07/14/22 12:56:57 56 100 1.918 2.97 Floating Charging Mode
updateState 07/14/22 12:57:57 57 100 1.918 2.838 Floating Charging Mode
updateState 07/14/22 12:58:58 58 100 9.869 3.015 Floating Charging Mode
updateState 07/14/22 12:59:58 59 100 9.975 3.082 Floating Charging Mode
writeLog 16
updateState 
updateState 07/14/22 13:01:58 1 100 7.876 3.082 Floating Charging Mode
updateState 07/14/22 13:02:58 2 100 7.99 2.945 Floating Charging Mode
updateState 07/14/22 13:03:58 3 100 6.888 3.082 Floating Charging Mode
updateState 07/14/22 13:04:59 4 100 8.0 3.082 Floating Charging Mode
updateState 07/14/22 13:05:59 5 100 4.935 3.196 Floating Charging Mode
updateState 07/14/22 13:06:59 6 100 1.946 3.015 Floating Charging Mode
updateState 07/14/22 13:07:59 7 100 1.946 2.881 Floating Charging Mode
updateState 07/14/22 13:08:59 8 100 1.932 2.881 Floating Charging Mode
updateState 07/14/22 13:09:59 9 100 1.932 3.126 Floating Charging Mode
updateState 07/14/22 13:11:00 10 100 5.977 2.992 Floating Charging Mode
updateState 07/14/22 13:12:00 11 100 1.932 2.992 Floating Charging Mode
updateState 07/14/22 13:13:00 12 100 4.865 3.015 Floating Charging Mode
updateState 07/14/22 13:14:00 13 100 3.892 3.015 Floating Charging Mode
updateState 07/14/22 13:15:00 14 100 3.892 3.015 Floating Charging Mode
updateState 07/14/22 13:16:00 15 100 3.892 3.015 Floating Charging Mode
updateState 07/14/22 13:17:01 16 100 3.892 2.881 Floating Charging Mode
updateState 07/14/22 13:18:01 17 100 3.892 3.149 Floating Charging Mode
updateState 07/14/22 13:19:01 18 100 3.864 2.859 Floating Charging Mode
updateState 07/14/22 13:20:01 19 100 3.864 2.992 Floating Charging Mode
updateState 07/14/22 13:21:01 20 100 3.864 2.859 Floating Charging Mode
updateState 07/14/22 13:22:01 21 100 2.898 2.992 Floating Charging Mode
updateState 07/14/22 13:23:02 22 100 3.892 2.992 Floating Charging Mode
updateState 07/14/22 13:24:02 23 100 3.892 3.015 Floating Charging Mode
updateState 07/14/22 13:25:02 24 100 3.892 3.015 Floating Charging Mode
updateState 07/14/22 13:26:02 25 100 3.92 3.015 Floating Charging Mode
updateState 07/14/22 13:27:02 26 100 2.898 2.992 Floating Charging Mode
updateState 07/14/22 13:28:02 27 100 2.898 2.992 Floating Charging Mode
updateState 07/14/22 13:29:03 28 100 3.892 3.149 Floating Charging Mode
updateState 07/14/22 13:30:03 29 100 3.892 3.015 Floating Charging Mode
updateState 07/14/22 13:31:03 30 100 3.892 3.015 Floating Charging Mode
updateState 07/14/22 13:32:03 31 100 3.92 3.015 Floating Charging Mode
updateState 07/14/22 13:33:03 32 100 3.864 2.992 Floating Charging Mode
updateState 07/14/22 13:34:04 33 100 3.864 2.992 Floating Charging Mode
updateState 07/14/22 13:35:04 34 100 2.898 2.992 Floating Charging Mode
updateState 07/14/22 13:36:04 35 100 1.918 2.97 Floating Charging Mode
updateState 07/14/22 13:37:04 36 100 1.918 2.97 Floating Charging Mode
updateState 07/14/22 13:38:04 37 100 2.877 2.838 Floating Charging Mode
updateState 07/14/22 13:39:04 38 100 2.877 2.97 Floating Charging Mode
updateState 07/14/22 13:40:05 39 100 2.877 2.97 Floating Charging Mode
updateState 07/14/22 13:41:05 40 100 2.877 2.838 Floating Charging Mode
updateState 07/14/22 13:42:05 41 100 2.877 2.97 Floating Charging Mode
updateState 07/14/22 13:43:05 42 100 2.877 2.97 Floating Charging Mode
updateState 07/14/22 13:44:05 43 100 2.877 2.838 Floating Charging Mode
updateState 07/14/22 13:45:05 44 100 2.877 2.97 Floating Charging Mode
updateState 07/14/22 13:46:05 45 100 2.877 2.97 Floating Charging Mode
updateState 07/14/22 13:47:06 46 100 2.877 2.97 Floating Charging Mode
updateState 07/14/22 13:48:06 47 100 2.877 2.97 Floating Charging Mode
updateState 07/14/22 13:49:06 48 100 2.877 2.97 Floating Charging Mode
updateState 07/14/22 13:50:06 49 100 2.877 2.97 Floating Charging Mode
updateState 07/14/22 13:51:06 50 100 2.877 2.97 Floating Charging Mode
updateState 07/14/22 13:52:06 51 100 2.877 3.102 Floating Charging Mode
updateState 07/14/22 13:53:07 52 100 2.877 2.97 Floating Charging Mode
updateState 07/14/22 13:54:07 53 100 2.877 2.97 Floating Charging Mode
updateState 07/14/22 13:55:07 54 100 2.877 2.97 Floating Charging Mode
updateState 07/14/22 13:56:07 55 100 2.877 2.97 Floating Charging Mode
updateState 07/14/22 13:57:07 56 100 2.877 2.97 Floating Charging Mode
updateState 07/14/22 13:58:07 57 100 1.918 2.97 Floating Charging Mode
updateState 07/14/22 13:59:08 58 100 2.877 2.838 Floating Charging Mode
writeLog 17
updateState 
updateState 07/14/22 14:01:08 1 100 2.992 2.97 Floating Charging Mode
updateState 07/14/22 14:02:08 2 100 2.992 2.97 Floating Charging Mode
updateState 07/14/22 14:03:08 3 100 2.992 2.97 Floating Charging Mode
updateState 07/14/22 14:04:08 4 100 2.877 3.102 Floating Charging Mode
updateState 07/14/22 14:05:09 5 99 1.904 2.947 Boost Charging Mode
updateState 07/14/22 14:06:09 6 98 0.952 2.947 Boost Charging Mode
updateState 07/14/22 14:07:09 7 97 0.952 2.947 Boost Charging Mode
updateState 07/14/22 14:08:09 8 98 1.904 2.947 Boost Charging Mode
updateState 07/14/22 14:09:09 9 99 2.992 2.947 Boost Charging Mode
updateState 07/14/22 14:10:09 10 99 1.904 2.947 Boost Charging Mode
updateState 07/14/22 14:11:10 11 99 1.904 2.947 Boost Charging Mode
updateState 07/14/22 14:12:10 12 98 1.904 2.947 Boost Charging Mode
updateState 07/14/22 14:13:10 13 98 1.918 2.947 Boost Charging Mode
updateState 07/14/22 14:14:10 14 99 1.904 3.078 Boost Charging Mode
updateState 07/14/22 14:15:10 15 97 0.945 2.947 Boost Charging Mode
updateState 07/14/22 14:16:10 16 97 0.945 2.947 Boost Charging Mode
updateState 07/14/22 14:17:11 17 97 1.904 2.947 Boost Charging Mode
updateState 07/14/22 14:18:11 18 98 1.904 2.947 Boost Charging Mode
updateState 07/14/22 14:19:11 19 98 1.904 2.947 Boost Charging Mode
updateState 07/14/22 14:20:11 20 98 1.904 3.078 Boost Charging Mode
updateState 07/14/22 14:21:11 21 98 1.904 3.078 Boost Charging Mode
