Initialize
updateState 
Rule Fired: 
False
True
updateState 07/12/22 16:20:32 1 95 1.89 2.947 Boost Charging Mode
updateState 07/12/22 16:21:32 2 95 1.89 3.078 Boost Charging Mode
updateState 07/12/22 16:22:32 3 93 0.945 3.055 Boost Charging Mode
updateState 07/12/22 16:23:32 4 93 0.945 3.055 Boost Charging Mode
updateState 07/12/22 16:24:32 5 94 1.904 2.925 Boost Charging Mode
updateState 07/12/22 16:25:32 6 94 1.89 3.055 Boost Charging Mode
updateState 07/12/22 16:26:33 7 94 0.945 3.055 Boost Charging Mode
updateState 07/12/22 16:27:33 8 93 0.945 2.925 Boost Charging Mode
updateState 07/12/22 16:28:33 9 93 0.945 2.925 Boost Charging Mode
updateState 07/12/22 16:29:33 10 93 1.89 3.055 Boost Charging Mode
updateState 07/12/22 16:30:33 11 94 1.89 3.055 Boost Charging Mode
updateState 07/12/22 16:31:33 12 94 0.945 3.055 Boost Charging Mode
updateState 07/12/22 16:32:34 13 94 0.945 2.795 Boost Charging Mode
updateState 07/12/22 16:33:34 14 94 1.89 2.925 Boost Charging Mode
updateState 07/12/22 16:34:34 15 95 1.89 2.947 Boost Charging Mode
updateState 07/12/22 16:35:34 16 95 2.97 3.078 Boost Charging Mode
updateState 07/12/22 16:36:34 17 96 1.89 3.078 Boost Charging Mode
updateState 07/12/22 16:37:34 18 95 1.89 2.947 Boost Charging Mode
updateState 07/12/22 16:38:35 19 95 1.89 2.925 Boost Charging Mode
updateState 07/12/22 16:39:35 20 94 1.89 2.925 Boost Charging Mode
updateState 07/12/22 16:40:35 21 94 1.89 2.795 Boost Charging Mode
updateState 07/12/22 16:41:35 22 95 1.89 3.078 Boost Charging Mode
updateState 07/12/22 16:42:35 23 96 2.992 3.078 Boost Charging Mode
updateState 07/12/22 16:43:35 24 95 1.89 3.078 Boost Charging Mode
updateState 07/12/22 16:44:36 25 94 1.89 2.925 Boost Charging Mode
updateState 07/12/22 16:45:36 26 93 1.89 2.925 Boost Charging Mode
updateState 07/12/22 16:46:36 27 93 0.945 3.055 Boost Charging Mode
updateState 07/12/22 16:47:36 28 93 0.945 3.055 Boost Charging Mode
updateState 07/12/22 16:48:36 29 93 0.945 3.055 Boost Charging Mode
updateState 07/12/22 16:49:36 30 93 0.945 3.055 Boost Charging Mode
updateState 07/12/22 16:50:37 31 93 0.945 3.055 Boost Charging Mode
updateState 07/12/22 16:51:37 32 93 0.945 2.925 Boost Charging Mode
updateState 07/12/22 16:52:37 33 93 0.945 3.055 Boost Charging Mode
updateState 07/12/22 16:53:37 34 93 0.945 2.925 Boost Charging Mode
updateState 07/12/22 16:54:37 35 92 0.945 2.925 Boost Charging Mode
updateState 07/12/22 16:55:37 36 92 0.945 2.925 Boost Charging Mode
updateState 07/12/22 16:56:37 37 92 0.938 2.925 Boost Charging Mode
updateState 07/12/22 16:57:38 38 92 0.938 3.055 Boost Charging Mode
updateState 07/12/22 16:58:38 39 92 0.938 3.055 Boost Charging Mode
updateState 07/12/22 16:59:38 40 92 0.938 2.925 Boost Charging Mode
writeLog 20
updateState 
updateState 07/12/22 17:01:38 1 92 0.938 2.925 Boost Charging Mode
updateState 07/12/22 17:02:38 2 92 0.938 2.925 Boost Charging Mode
updateState 07/12/22 17:03:39 3 92 0.938 2.925 Boost Charging Mode
updateState 07/12/22 17:04:39 4 92 0.938 3.055 Boost Charging Mode
updateState 07/12/22 17:05:39 5 92 0.938 2.925 Boost Charging Mode
updateState 07/12/22 17:06:39 6 92 0.938 2.925 Boost Charging Mode
updateState 07/12/22 17:07:39 7 92 0.938 2.925 Boost Charging Mode
updateState 07/12/22 17:08:39 8 92 0.938 2.925 Boost Charging Mode
updateState 07/12/22 17:09:40 9 92 0.945 2.925 Boost Charging Mode
updateState 07/12/22 17:10:40 10 92 0.945 3.055 Boost Charging Mode
updateState 07/12/22 17:11:40 11 92 0.945 3.055 Boost Charging Mode
updateState 07/12/22 17:12:40 12 92 0.945 2.925 Boost Charging Mode
updateState 07/12/22 17:13:40 13 92 0.945 2.925 Boost Charging Mode
updateState 07/12/22 17:14:40 14 92 0.945 3.055 Boost Charging Mode
updateState 07/12/22 17:15:41 15 92 0.945 2.925 Boost Charging Mode
updateState 07/12/22 17:16:41 16 92 0.945 2.925 Boost Charging Mode
updateState 07/12/22 17:17:41 17 92 0.945 2.925 Boost Charging Mode
updateState 07/12/22 17:18:41 18 92 0.945 3.055 Boost Charging Mode
updateState 07/12/22 17:19:41 19 92 0.945 2.925 Boost Charging Mode
updateState 07/12/22 17:20:41 20 92 0.945 2.925 Boost Charging Mode
updateState 07/12/22 17:21:42 21 92 0.945 2.925 Boost Charging Mode
updateState 07/12/22 17:22:42 22 92 0.945 2.925 Boost Charging Mode
updateState 07/12/22 17:23:42 23 92 0.945 2.925 Boost Charging Mode
updateState 07/12/22 17:24:42 24 92 0.945 3.055 Boost Charging Mode
updateState 07/12/22 17:25:42 25 92 0.945 3.055 Boost Charging Mode
updateState 07/12/22 17:26:42 26 92 0.938 2.795 Boost Charging Mode
updateState 07/12/22 17:27:43 27 91 0.938 3.055 Boost Charging Mode
updateState 07/12/22 17:28:43 28 92 0.938 2.925 Boost Charging Mode
updateState 07/12/22 17:29:43 29 91 0.938 2.925 Boost Charging Mode
updateState 07/12/22 17:30:43 30 91 0.938 3.055 Boost Charging Mode
updateState 07/12/22 17:31:43 31 91 0.938 2.925 Boost Charging Mode
updateState 07/12/22 17:32:43 32 91 0.938 2.925 Boost Charging Mode
updateState 07/12/22 17:33:44 33 91 0.938 2.925 Boost Charging Mode
updateState 07/12/22 17:34:44 34 91 0.938 2.925 Boost Charging Mode
updateState 07/12/22 17:35:44 35 91 0.938 3.055 Boost Charging Mode
updateState 07/12/22 17:36:44 36 90 0.938 2.925 Boost Charging Mode
updateState 07/12/22 17:37:44 37 90 0.938 2.925 Boost Charging Mode
updateState 07/12/22 17:38:44 38 90 0.938 2.925 Boost Charging Mode
updateState 07/12/22 17:39:45 39 90 0.931 2.925 Boost Charging Mode
updateState 07/12/22 17:40:45 40 90 0.931 2.795 Boost Charging Mode
updateState 07/12/22 17:41:45 41 90 0.91 3.055 Boost Charging Mode
updateState 07/12/22 17:42:45 42 90 0.91 2.925 Boost Charging Mode
updateState 07/12/22 17:43:45 43 90 0.903 3.031 Boost Charging Mode
updateState 07/12/22 17:44:45 44 90 0.903 3.031 Boost Charging Mode
updateState 07/12/22 17:45:46 45 90 0.903 2.902 Boost Charging Mode
updateState 07/12/22 17:46:46 46 90 0.896 3.031 Boost Charging Mode
updateState 07/12/22 17:47:46 47 90 0.896 2.902 Boost Charging Mode
updateState 07/12/22 17:48:46 48 90 0.896 2.902 Boost Charging Mode
updateState 07/12/22 17:49:46 49 90 0.896 3.031 Boost Charging Mode
updateState 07/12/22 17:50:46 50 90 0.896 2.902 Boost Charging Mode
updateState 07/12/22 17:51:47 51 90 0.896 3.031 Boost Charging Mode
updateState 07/12/22 17:52:47 52 90 0.896 2.902 Boost Charging Mode
updateState 07/12/22 17:53:47 53 90 0.889 3.031 Boost Charging Mode
updateState 07/12/22 17:54:47 54 90 0.889 2.902 Boost Charging Mode
updateState 07/12/22 17:55:47 55 90 0.889 3.031 Boost Charging Mode
updateState 07/12/22 17:56:47 56 90 0.889 2.902 Boost Charging Mode
updateState 07/12/22 17:57:48 57 90 0.889 2.902 Boost Charging Mode
updateState 07/12/22 17:58:48 58 90 0.889 2.902 Boost Charging Mode
updateState 07/12/22 17:59:48 59 89 0.889 2.902 Boost Charging Mode
writeLog 21
updateState 
updateState 07/12/22 18:01:48 1 90 0.889 2.902 Boost Charging Mode
updateState 07/12/22 18:02:48 2 89 0.889 3.031 Boost Charging Mode
updateState 07/12/22 18:03:49 3 89 0.882 3.031 Boost Charging Mode
updateState 07/12/22 18:04:49 4 89 0.882 2.902 Boost Charging Mode
updateState 07/12/22 18:05:49 5 89 1.0 3.031 Boost Charging Mode
updateState 07/12/22 18:06:49 6 89 0.992 2.902 Boost Charging Mode
updateState 07/12/22 18:07:49 7 89 0.992 2.902 Boost Charging Mode
updateState 07/12/22 18:08:49 8 89 0.992 3.031 Boost Charging Mode
updateState 07/12/22 18:09:49 9 89 0.992 2.902 Boost Charging Mode
updateState 07/12/22 18:10:50 10 89 0.882 2.902 Boost Charging Mode
updateState 07/12/22 18:11:50 11 89 0.882 3.031 Boost Charging Mode
updateState 07/12/22 18:12:50 12 89 0.882 2.902 Boost Charging Mode
updateState 07/12/22 18:13:50 13 89 0.889 3.031 Boost Charging Mode
updateState 07/12/22 18:14:50 14 89 0.889 2.902 Boost Charging Mode
updateState 07/12/22 18:15:50 15 89 0.889 2.902 Boost Charging Mode
updateState 07/12/22 18:16:51 16 89 0.889 2.902 Boost Charging Mode
updateState 07/12/22 18:17:51 17 89 0.889 2.902 Boost Charging Mode
updateState 07/12/22 18:18:51 18 89 0.896 2.902 Boost Charging Mode
updateState 07/12/22 18:19:51 19 89 0.896 3.031 Boost Charging Mode
updateState 07/12/22 18:20:51 20 89 0.896 2.902 Boost Charging Mode
updateState 07/12/22 18:21:51 21 89 0.896 2.902 Boost Charging Mode
updateState 07/12/22 18:22:52 22 89 0.896 2.902 Boost Charging Mode
updateState 07/12/22 18:23:52 23 89 0.903 2.902 Boost Charging Mode
updateState 07/12/22 18:24:52 24 89 0.903 3.031 Boost Charging Mode
updateState 07/12/22 18:25:52 25 89 0.903 2.902 Boost Charging Mode
updateState 07/12/22 18:26:52 26 89 0.903 2.902 Boost Charging Mode
updateState 07/12/22 18:27:52 27 89 0.903 2.773 Boost Charging Mode
updateState 07/12/22 18:28:53 28 89 0.903 2.902 Boost Charging Mode
updateState 07/12/22 18:29:53 29 89 0.903 2.902 Boost Charging Mode
updateState 07/12/22 18:30:53 30 89 0.903 2.902 Boost Charging Mode
updateState 07/12/22 18:31:53 31 89 0.903 2.902 Boost Charging Mode
updateState 07/12/22 18:32:53 32 89 0.903 2.902 Boost Charging Mode
updateState 07/12/22 18:33:53 33 89 0.903 2.902 Boost Charging Mode
updateState 07/12/22 18:34:54 34 89 0.903 2.902 Boost Charging Mode
updateState 07/12/22 18:35:54 35 89 0.903 2.902 Boost Charging Mode
updateState 07/12/22 18:36:54 36 88 0.903 2.902 Boost Charging Mode
updateState 07/12/22 18:37:54 37 89 0.903 2.902 Boost Charging Mode
updateState 07/12/22 18:38:54 38 88 0.903 2.902 Boost Charging Mode
updateState 07/12/22 18:39:54 39 88 0.903 2.902 Boost Charging Mode
updateState 07/12/22 18:40:54 40 88 0.903 2.902 Boost Charging Mode
updateState 07/12/22 18:41:55 41 88 0.896 2.902 Boost Charging Mode
updateState 07/12/22 18:42:55 42 88 0.896 3.031 Boost Charging Mode
updateState 07/12/22 18:43:55 43 88 0.896 2.902 Boost Charging Mode
updateState 07/12/22 18:44:55 44 88 0.896 2.902 Boost Charging Mode
updateState 07/12/22 18:45:55 45 88 0.896 3.031 Boost Charging Mode
updateState 07/12/22 18:46:55 46 88 0.896 2.902 Boost Charging Mode
updateState 07/12/22 18:47:56 47 88 0.896 2.902 Boost Charging Mode
updateState 07/12/22 18:48:56 48 88 0.896 2.902 Boost Charging Mode
updateState 07/12/22 18:49:56 49 88 0.896 2.902 Boost Charging Mode
updateState 07/12/22 18:50:56 50 88 0.896 2.902 Boost Charging Mode
updateState 07/12/22 18:51:56 51 88 0.896 2.902 Boost Charging Mode
updateState 07/12/22 18:52:56 52 88 0.896 3.031 Boost Charging Mode
updateState 07/12/22 18:53:56 53 88 0.896 3.031 Boost Charging Mode
updateState 07/12/22 18:54:57 54 88 0.896 3.031 Boost Charging Mode
updateState 07/12/22 18:55:57 55 88 0.896 2.902 Boost Charging Mode
updateState 07/12/22 18:56:57 56 88 0.896 2.902 Boost Charging Mode
updateState 07/12/22 18:57:57 57 88 0.896 2.902 Boost Charging Mode
updateState 07/12/22 18:58:57 58 88 0.896 2.773 Boost Charging Mode
updateState 07/12/22 18:59:57 59 88 0.896 2.773 Boost Charging Mode
writeLog 22
updateState 
updateState 07/12/22 19:01:58 1 87 0.896 3.16 Boost Charging Mode
updateState 07/12/22 19:02:58 2 87 0.896 3.031 Boost Charging Mode
updateState 07/12/22 19:03:58 3 88 0.896 2.902 Boost Charging Mode
updateState 07/12/22 19:04:58 4 87 0.896 3.031 Boost Charging Mode
updateState 07/12/22 19:05:58 5 88 0.903 3.031 Boost Charging Mode
updateState 07/12/22 19:06:59 6 87 0.903 2.902 Boost Charging Mode
updateState 07/12/22 19:07:59 7 87 0.903 2.902 Boost Charging Mode
updateState 07/12/22 19:08:59 8 87 0.903 3.031 Boost Charging Mode
updateState 07/12/22 19:09:59 9 87 0.903 2.902 Boost Charging Mode
updateState 07/12/22 19:10:59 10 87 0.903 2.773 Boost Charging Mode
updateState 07/12/22 19:11:59 11 87 0.903 2.902 Boost Charging Mode
updateState 07/12/22 19:13:00 12 87 0.903 3.031 Boost Charging Mode
updateState 07/12/22 19:14:00 13 87 0.903 3.031 Boost Charging Mode
updateState 07/12/22 19:15:00 14 87 0.903 2.902 Boost Charging Mode
updateState 07/12/22 19:16:00 15 87 0.903 3.16 Boost Charging Mode
updateState 07/12/22 19:17:00 16 87 0.903 2.902 Boost Charging Mode
updateState 07/12/22 19:18:00 17 87 0.903 2.902 Boost Charging Mode
updateState 07/12/22 19:19:00 18 87 0.903 3.031 Boost Charging Mode
updateState 07/12/22 19:20:01 19 87 0.896 3.031 Boost Charging Mode
updateState 07/12/22 19:21:01 20 87 0.896 2.902 Boost Charging Mode
updateState 07/12/22 19:22:01 21 87 0.896 3.031 Boost Charging Mode
updateState 07/12/22 19:23:01 22 87 0.896 2.902 Boost Charging Mode
updateState 07/12/22 19:24:01 23 87 0.896 3.031 Boost Charging Mode
updateState 07/12/22 19:25:01 24 87 0.896 3.031 Boost Charging Mode
updateState 07/12/22 19:26:02 25 87 0.896 3.031 Boost Charging Mode
updateState 07/12/22 19:27:02 26 87 0.896 3.031 Boost Charging Mode
updateState 07/12/22 19:28:02 27 87 0.896 2.902 Boost Charging Mode
updateState 07/12/22 19:29:02 28 87 0.896 2.773 Boost Charging Mode
updateState 07/12/22 19:30:02 29 87 0.896 3.031 Boost Charging Mode
updateState 07/12/22 19:31:02 30 87 0.896 2.902 Boost Charging Mode
updateState 07/12/22 19:32:03 31 87 0.889 3.031 Boost Charging Mode
updateState 07/12/22 19:33:03 32 87 0.889 3.031 Boost Charging Mode
updateState 07/12/22 19:34:03 33 87 0.889 2.902 Boost Charging Mode
updateState 07/12/22 19:35:03 34 87 0.889 3.031 Boost Charging Mode
updateState 07/12/22 19:36:03 35 87 0.889 2.902 Boost Charging Mode
updateState 07/12/22 19:37:03 36 87 0.889 3.031 Boost Charging Mode
updateState 07/12/22 19:38:04 37 86 0.889 2.902 Boost Charging Mode
updateState 07/12/22 19:39:04 38 86 0.882 3.031 Boost Charging Mode
updateState 07/12/22 19:40:04 39 87 0.882 2.902 Boost Charging Mode
updateState 07/12/22 19:41:04 40 86 0.882 2.902 Boost Charging Mode
updateState 07/12/22 19:42:04 41 86 0.882 2.902 Boost Charging Mode
updateState 07/12/22 19:43:05 42 86 0.882 2.902 Boost Charging Mode
updateState 07/12/22 19:44:05 43 86 0.882 3.031 Boost Charging Mode
updateState 07/12/22 19:45:05 44 86 0.882 2.902 Boost Charging Mode
updateState 07/12/22 19:46:05 45 86 0.889 3.031 Boost Charging Mode
updateState 07/12/22 19:47:05 46 86 0.889 2.902 Boost Charging Mode
updateState 07/12/22 19:48:05 47 86 0.896 3.031 Boost Charging Mode
updateState 07/12/22 19:49:06 48 86 0.896 3.031 Boost Charging Mode
updateState 07/12/22 19:50:06 49 86 0.896 2.902 Boost Charging Mode
updateState 07/12/22 19:51:06 50 86 0.896 2.773 Boost Charging Mode
updateState 07/12/22 19:52:06 51 86 0.896 3.031 Boost Charging Mode
updateState 07/12/22 19:53:06 52 86 0.889 2.902 Boost Charging Mode
updateState 07/12/22 19:54:06 53 86 0.889 2.902 Boost Charging Mode
updateState 07/12/22 19:55:07 54 86 0.889 3.031 Boost Charging Mode
updateState 07/12/22 19:56:07 55 86 0.882 2.902 Boost Charging Mode
updateState 07/12/22 19:57:07 56 86 0.882 2.902 Boost Charging Mode
updateState 07/12/22 19:58:07 57 86 0.882 2.902 Boost Charging Mode
updateState 07/12/22 19:59:07 58 86 0.882 2.902 Boost Charging Mode
writeLog 23
updateState 
updateState 07/12/22 20:01:07 1 86 0.992 2.902 Boost Charging Mode
updateState 07/12/22 20:02:08 2 85 0.976 3.648 Boost Charging Mode
updateState 07/12/22 20:03:08 3 85 0.968 3.776 Boost Charging Mode
updateState 07/12/22 20:04:08 4 84 0.96 4.544 Boost Charging Mode
updateState 07/12/22 20:05:08 5 83 0.952 5.056 Boost Charging Mode
updateState 07/12/22 20:06:08 6 83 0.0 5.44 Charging Deactivated
updateState 07/12/22 20:07:08 7 82 0.0 5.824 Charging Deactivated
updateState 07/12/22 20:08:09 8 82 0.0 5.696 Charging Deactivated
updateState 07/12/22 20:09:09 9 82 0.0 5.824 Charging Deactivated
updateState 07/12/22 20:10:09 10 82 0.0 5.696 Charging Deactivated
updateState 07/12/22 20:11:09 11 82 0.0 5.952 Charging Deactivated
updateState 07/12/22 20:12:09 12 82 0.0 5.824 Charging Deactivated
updateState 07/12/22 20:13:09 13 82 0.0 5.952 Charging Deactivated
updateState 07/12/22 20:14:10 14 82 0.0 5.952 Charging Deactivated
updateState 07/12/22 20:15:10 15 82 0.0 5.952 Charging Deactivated
updateState 07/12/22 20:16:10 16 82 0.0 5.952 Charging Deactivated
updateState 07/12/22 20:17:10 17 82 0.0 5.824 Charging Deactivated
updateState 07/12/22 20:18:10 18 82 0.0 5.952 Charging Deactivated
updateState 07/12/22 20:19:10 19 82 0.0 5.952 Charging Deactivated
updateState 07/12/22 20:20:11 20 82 0.0 5.952 Charging Deactivated
updateState 07/12/22 20:21:11 21 82 0.0 5.824 Charging Deactivated
updateState 07/12/22 20:22:11 22 82 0.0 6.08 Charging Deactivated
updateState 07/12/22 20:23:11 23 82 0.0 5.952 Charging Deactivated
updateState 07/12/22 20:24:11 24 82 0.0 5.952 Charging Deactivated
updateState 07/12/22 20:25:11 25 82 0.0 5.696 Charging Deactivated
updateState 07/12/22 20:26:11 26 82 0.0 5.952 Charging Deactivated
updateState 07/12/22 20:27:12 27 82 0.0 5.824 Charging Deactivated
updateState 07/12/22 20:28:12 28 82 0.0 5.952 Charging Deactivated
updateState 07/12/22 20:29:12 29 81 0.0 5.952 Charging Deactivated
updateState 07/12/22 20:30:12 30 82 0.0 5.824 Charging Deactivated
updateState 07/12/22 20:31:12 31 81 0.0 5.952 Charging Deactivated
updateState 07/12/22 20:32:12 32 82 0.0 5.824 Charging Deactivated
updateState 07/12/22 20:33:13 33 81 0.0 6.08 Charging Deactivated
updateState 07/12/22 20:34:13 34 81 0.0 6.08 Charging Deactivated
updateState 07/12/22 20:35:13 35 81 0.0 5.824 Charging Deactivated
updateState 07/12/22 20:36:13 36 81 0.0 6.08 Charging Deactivated
updateState 07/12/22 20:37:13 37 81 0.0 5.952 Charging Deactivated
updateState 07/12/22 20:38:13 38 81 0.0 6.08 Charging Deactivated
updateState 07/12/22 20:39:14 39 81 0.0 5.952 Charging Deactivated
updateState 07/12/22 20:40:14 40 81 0.0 5.696 Charging Deactivated
updateState 07/12/22 20:41:14 41 81 0.0 5.952 Charging Deactivated
updateState 07/12/22 20:42:14 42 81 0.0 5.824 Charging Deactivated
updateState 07/12/22 20:43:14 43 81 0.0 5.952 Charging Deactivated
updateState 07/12/22 20:44:14 44 81 0.0 5.952 Charging Deactivated
updateState 07/12/22 20:45:15 45 81 0.0 5.952 Charging Deactivated
updateState 07/12/22 20:46:15 46 81 0.0 5.824 Charging Deactivated
updateState 07/12/22 20:47:15 47 81 0.0 5.952 Charging Deactivated
updateState 07/12/22 20:48:15 48 81 0.0 6.08 Charging Deactivated
updateState 07/12/22 20:49:15 49 81 0.0 5.952 Charging Deactivated
updateState 07/12/22 20:50:15 50 81 0.0 5.824 Charging Deactivated
updateState 07/12/22 20:51:16 51 81 0.0 5.952 Charging Deactivated
updateState 07/12/22 20:52:16 52 81 0.0 5.952 Charging Deactivated
updateState 07/12/22 20:53:16 53 80 0.0 5.952 Charging Deactivated
updateState 07/12/22 20:54:16 54 80 0.0 5.952 Charging Deactivated
updateState 07/12/22 20:55:16 55 80 0.0 5.952 Charging Deactivated
updateState 07/12/22 20:56:16 56 80 0.0 5.905 Charging Deactivated
updateState 07/12/22 20:57:16 57 80 0.0 5.952 Charging Deactivated
updateState 07/12/22 20:58:17 58 80 0.0 5.905 Charging Deactivated
updateState 07/12/22 20:59:17 59 80 0.0 5.905 Charging Deactivated
writeLog 0
updateState 
updateState 07/12/22 21:01:17 1 80 0.0 5.905 Charging Deactivated
updateState 07/12/22 21:02:17 2 80 0.0 5.905 Charging Deactivated
updateState 07/12/22 21:03:17 3 80 0.0 5.905 Charging Deactivated
updateState 07/12/22 21:04:17 4 80 0.0 5.779 Charging Deactivated
updateState 07/12/22 21:05:18 5 80 0.0 5.905 Charging Deactivated
Rule Fired: webcamRunAtNight 
True
False
updateState 07/12/22 21:06:18 6 85 0.0 1.344 Charging Deactivated
updateState 07/12/22 21:07:18 7 85 0.0 1.225 Charging Deactivated
updateState 07/12/22 21:08:18 8 86 0.0 1.225 Charging Deactivated
updateState 07/12/22 21:09:18 9 86 0.0 1.355 Charging Deactivated
updateState 07/12/22 21:10:19 10 86 0.0 1.225 Charging Deactivated
updateState 07/12/22 21:11:19 11 86 0.0 1.225 Charging Deactivated
updateState 07/12/22 21:12:19 12 86 0.0 1.225 Charging Deactivated
updateState 07/12/22 21:13:19 13 87 0.0 1.355 Charging Deactivated
updateState 07/12/22 21:14:19 14 86 0.0 1.225 Charging Deactivated
updateState 07/12/22 21:15:19 15 86 0.0 1.225 Charging Deactivated
updateState 07/12/22 21:16:20 16 86 0.0 1.225 Charging Deactivated
updateState 07/12/22 21:17:20 17 86 0.0 1.225 Charging Deactivated
updateState 07/12/22 21:18:20 18 86 0.0 1.355 Charging Deactivated
updateState 07/12/22 21:19:20 19 86 0.0 1.225 Charging Deactivated
updateState 07/12/22 21:20:20 20 86 0.0 1.097 Charging Deactivated
updateState 07/12/22 21:21:20 21 86 0.0 1.225 Charging Deactivated
updateState 07/12/22 21:22:21 22 86 0.0 1.355 Charging Deactivated
updateState 07/12/22 21:23:21 23 86 0.0 1.355 Charging Deactivated
updateState 07/12/22 21:24:21 24 85 0.0 1.225 Charging Deactivated
updateState 07/12/22 21:25:21 25 86 0.0 1.225 Charging Deactivated
updateState 07/12/22 21:26:21 26 86 0.0 1.225 Charging Deactivated
updateState 07/12/22 21:27:21 27 85 0.0 1.225 Charging Deactivated
updateState 07/12/22 21:28:21 28 85 0.0 1.355 Charging Deactivated
updateState 07/12/22 21:29:22 29 86 0.0 1.225 Charging Deactivated
updateState 07/12/22 21:30:22 30 86 0.0 1.225 Charging Deactivated
updateState 07/12/22 21:31:22 31 86 0.0 1.225 Charging Deactivated
updateState 07/12/22 21:32:22 32 86 0.0 1.225 Charging Deactivated
updateState 07/12/22 21:33:22 33 85 0.0 1.225 Charging Deactivated
updateState 07/12/22 21:34:22 34 85 0.0 1.225 Charging Deactivated
updateState 07/12/22 21:35:23 35 85 0.0 1.225 Charging Deactivated
updateState 07/12/22 21:36:23 36 85 0.0 1.355 Charging Deactivated
updateState 07/12/22 21:37:23 37 85 0.0 1.355 Charging Deactivated
updateState 07/12/22 21:38:23 38 85 0.0 1.225 Charging Deactivated
updateState 07/12/22 21:39:23 39 85 0.0 1.225 Charging Deactivated
updateState 07/12/22 21:40:23 40 85 0.0 1.225 Charging Deactivated
updateState 07/12/22 21:41:24 41 85 0.0 1.225 Charging Deactivated
updateState 07/12/22 21:42:24 42 85 0.0 1.225 Charging Deactivated
updateState 07/12/22 21:43:24 43 85 0.0 1.216 Charging Deactivated
updateState 07/12/22 21:44:24 44 85 0.0 1.225 Charging Deactivated
updateState 07/12/22 21:45:24 45 85 0.0 1.344 Charging Deactivated
updateState 07/12/22 21:46:24 46 85 0.0 1.216 Charging Deactivated
updateState 07/12/22 21:47:25 47 85 0.0 1.216 Charging Deactivated
updateState 07/12/22 21:48:25 48 85 0.0 1.216 Charging Deactivated
updateState 07/12/22 21:49:25 49 85 0.0 1.216 Charging Deactivated
updateState 07/12/22 21:50:25 50 85 0.0 1.216 Charging Deactivated
updateState 07/12/22 21:51:25 51 85 0.0 1.216 Charging Deactivated
updateState 07/12/22 21:52:25 52 85 0.0 1.088 Charging Deactivated
updateState 07/12/22 21:53:25 53 85 0.0 1.216 Charging Deactivated
updateState 07/12/22 21:54:26 54 85 0.0 1.216 Charging Deactivated
updateState 07/12/22 21:55:26 55 85 0.0 1.216 Charging Deactivated
updateState 07/12/22 21:56:26 56 85 0.0 1.216 Charging Deactivated
updateState 07/12/22 21:57:26 57 85 0.0 1.216 Charging Deactivated
updateState 07/12/22 21:58:26 58 85 0.0 1.088 Charging Deactivated
updateState 07/12/22 21:59:26 59 85 0.0 1.216 Charging Deactivated
writeLog 1
updateState 
Rule Fired: 
False
True
updateState 07/12/22 22:01:27 1 80 0.0 6.159 Charging Deactivated
updateState 07/12/22 22:02:27 2 79 0.0 6.159 Charging Deactivated
updateState 07/12/22 22:03:27 3 79 0.0 6.159 Charging Deactivated
updateState 07/12/22 22:04:27 4 79 0.0 6.159 Charging Deactivated
updateState 07/12/22 22:05:28 5 78 0.0 6.159 Charging Deactivated
Rule Fired: webcamRunAtNight 
True
False
updateState 07/12/22 22:06:28 6 84 0.0 1.216 Charging Deactivated
updateState 07/12/22 22:07:28 7 84 0.0 1.216 Charging Deactivated
updateState 07/12/22 22:08:28 8 84 0.0 1.216 Charging Deactivated
updateState 07/12/22 22:09:28 9 84 0.0 1.216 Charging Deactivated
updateState 07/12/22 22:10:29 10 85 0.0 1.216 Charging Deactivated
updateState 07/12/22 22:11:29 11 85 0.0 1.088 Charging Deactivated
updateState 07/12/22 22:12:29 12 85 0.0 1.088 Charging Deactivated
updateState 07/12/22 22:13:29 13 85 0.0 1.216 Charging Deactivated
updateState 07/12/22 22:14:29 14 84 0.0 1.344 Charging Deactivated
updateState 07/12/22 22:15:29 15 84 0.0 1.216 Charging Deactivated
updateState 07/12/22 22:16:30 16 84 0.0 1.216 Charging Deactivated
updateState 07/12/22 22:17:30 17 84 0.0 1.216 Charging Deactivated
updateState 07/12/22 22:18:30 18 85 0.0 1.216 Charging Deactivated
updateState 07/12/22 22:19:30 19 85 0.0 1.216 Charging Deactivated
updateState 07/12/22 22:20:30 20 85 0.0 1.216 Charging Deactivated
updateState 07/12/22 22:21:30 21 84 0.0 1.216 Charging Deactivated
updateState 07/12/22 22:22:30 22 84 0.0 1.216 Charging Deactivated
updateState 07/12/22 22:23:31 23 85 0.0 1.216 Charging Deactivated
updateState 07/12/22 22:24:31 24 84 0.0 1.216 Charging Deactivated
updateState 07/12/22 22:25:31 25 84 0.0 1.216 Charging Deactivated
updateState 07/12/22 22:26:31 26 84 0.0 1.216 Charging Deactivated
updateState 07/12/22 22:27:31 27 84 0.0 1.216 Charging Deactivated
updateState 07/12/22 22:28:31 28 84 0.0 1.216 Charging Deactivated
updateState 07/12/22 22:29:32 29 84 0.0 1.216 Charging Deactivated
updateState 07/12/22 22:30:32 30 84 0.0 1.216 Charging Deactivated
updateState 07/12/22 22:31:32 31 84 0.0 1.344 Charging Deactivated
updateState 07/12/22 22:32:32 32 84 0.0 1.216 Charging Deactivated
updateState 07/12/22 22:33:32 33 84 0.0 1.216 Charging Deactivated
updateState 07/12/22 22:34:32 34 84 0.0 1.216 Charging Deactivated
updateState 07/12/22 22:35:33 35 84 0.0 1.216 Charging Deactivated
updateState 07/12/22 22:36:33 36 84 0.0 1.216 Charging Deactivated
updateState 07/12/22 22:37:33 37 84 0.0 1.216 Charging Deactivated
updateState 07/12/22 22:38:33 38 84 0.0 1.216 Charging Deactivated
updateState 07/12/22 22:39:33 39 84 0.0 1.216 Charging Deactivated
updateState 07/12/22 22:40:33 40 84 0.0 1.216 Charging Deactivated
updateState 07/12/22 22:41:34 41 84 0.0 1.216 Charging Deactivated
updateState 07/12/22 22:42:34 42 84 0.0 1.216 Charging Deactivated
updateState 07/12/22 22:43:34 43 84 0.0 1.216 Charging Deactivated
updateState 07/12/22 22:44:34 44 84 0.0 1.216 Charging Deactivated
updateState 07/12/22 22:45:34 45 84 0.0 1.216 Charging Deactivated
updateState 07/12/22 22:46:34 46 84 0.0 1.088 Charging Deactivated
updateState 07/12/22 22:47:35 47 84 0.0 1.216 Charging Deactivated
updateState 07/12/22 22:48:35 48 84 0.0 1.216 Charging Deactivated
updateState 07/12/22 22:49:35 49 84 0.0 1.216 Charging Deactivated
updateState 07/12/22 22:50:35 50 84 0.0 1.216 Charging Deactivated
updateState 07/12/22 22:51:35 51 84 0.0 1.216 Charging Deactivated
updateState 07/12/22 22:52:35 52 84 0.0 1.216 Charging Deactivated
updateState 07/12/22 22:53:36 53 84 0.0 1.216 Charging Deactivated
updateState 07/12/22 22:54:36 54 84 0.0 1.216 Charging Deactivated
updateState 07/12/22 22:55:36 55 84 0.0 1.216 Charging Deactivated
updateState 07/12/22 22:56:36 56 84 0.0 1.216 Charging Deactivated
updateState 07/12/22 22:57:36 57 84 0.0 1.216 Charging Deactivated
updateState 07/12/22 22:58:36 58 84 0.0 1.088 Charging Deactivated
updateState 07/12/22 22:59:36 59 84 0.0 1.216 Charging Deactivated
writeLog 2
updateState 
Rule Fired: 
False
True
updateState 07/12/22 23:01:37 1 78 0.0 6.159 Charging Deactivated
updateState 07/12/22 23:02:37 2 78 0.0 6.286 Charging Deactivated
updateState 07/12/22 23:03:37 3 78 0.0 6.032 Charging Deactivated
updateState 07/12/22 23:04:37 4 78 0.0 6.032 Charging Deactivated
updateState 07/12/22 23:05:38 5 78 0.0 6.032 Charging Deactivated
Rule Fired: webcamRunAtNight 
True
False
updateState 07/12/22 23:06:38 6 83 0.0 1.216 Charging Deactivated
updateState 07/12/22 23:07:38 7 83 0.0 1.216 Charging Deactivated
updateState 07/12/22 23:08:38 8 83 0.0 1.216 Charging Deactivated
updateState 07/12/22 23:09:38 9 83 0.0 1.216 Charging Deactivated
updateState 07/12/22 23:10:39 10 83 0.0 1.216 Charging Deactivated
updateState 07/12/22 23:11:39 11 83 0.0 1.216 Charging Deactivated
updateState 07/12/22 23:12:39 12 84 0.0 1.216 Charging Deactivated
updateState 07/12/22 23:13:39 13 83 0.0 1.216 Charging Deactivated
updateState 07/12/22 23:14:39 14 83 0.0 1.216 Charging Deactivated
updateState 07/12/22 23:15:39 15 83 0.0 1.216 Charging Deactivated
updateState 07/12/22 23:16:39 16 84 0.0 1.216 Charging Deactivated
updateState 07/12/22 23:17:40 17 83 0.0 1.216 Charging Deactivated
updateState 07/12/22 23:18:40 18 83 0.0 1.344 Charging Deactivated
updateState 07/12/22 23:19:40 19 83 0.0 1.088 Charging Deactivated
updateState 07/12/22 23:20:40 20 83 0.0 1.216 Charging Deactivated
updateState 07/12/22 23:21:40 21 83 0.0 1.216 Charging Deactivated
updateState 07/12/22 23:22:40 22 83 0.0 1.216 Charging Deactivated
updateState 07/12/22 23:23:41 23 83 0.0 1.216 Charging Deactivated
updateState 07/12/22 23:24:41 24 83 0.0 1.216 Charging Deactivated
updateState 07/12/22 23:25:41 25 83 0.0 1.216 Charging Deactivated
updateState 07/12/22 23:26:41 26 83 0.0 1.088 Charging Deactivated
updateState 07/12/22 23:27:41 27 83 0.0 1.216 Charging Deactivated
updateState 07/12/22 23:28:41 28 83 0.0 1.216 Charging Deactivated
updateState 07/12/22 23:29:42 29 83 0.0 1.216 Charging Deactivated
updateState 07/12/22 23:30:42 30 83 0.0 1.216 Charging Deactivated
updateState 07/12/22 23:31:42 31 83 0.0 1.344 Charging Deactivated
updateState 07/12/22 23:32:42 32 83 0.0 1.216 Charging Deactivated
updateState 07/12/22 23:33:42 33 82 0.0 1.216 Charging Deactivated
updateState 07/12/22 23:34:42 34 83 0.0 1.216 Charging Deactivated
updateState 07/12/22 23:35:42 35 83 0.0 1.216 Charging Deactivated
updateState 07/12/22 23:36:43 36 83 0.0 1.216 Charging Deactivated
updateState 07/12/22 23:37:43 37 83 0.0 1.216 Charging Deactivated
updateState 07/12/22 23:38:43 38 83 0.0 1.216 Charging Deactivated
updateState 07/12/22 23:39:43 39 83 0.0 1.216 Charging Deactivated
updateState 07/12/22 23:40:43 40 83 0.0 1.216 Charging Deactivated
updateState 07/12/22 23:41:43 41 83 0.0 1.216 Charging Deactivated
updateState 07/12/22 23:42:44 42 83 0.0 1.216 Charging Deactivated
updateState 07/12/22 23:43:44 43 83 0.0 1.216 Charging Deactivated
updateState 07/12/22 23:44:44 44 83 0.0 1.216 Charging Deactivated
updateState 07/12/22 23:45:44 45 83 0.0 1.216 Charging Deactivated
updateState 07/12/22 23:46:44 46 83 0.0 1.216 Charging Deactivated
updateState 07/12/22 23:47:44 47 83 0.0 1.216 Charging Deactivated
updateState 07/12/22 23:48:45 48 83 0.0 1.216 Charging Deactivated
updateState 07/12/22 23:49:45 49 83 0.0 1.088 Charging Deactivated
updateState 07/12/22 23:50:45 50 83 0.0 1.088 Charging Deactivated
updateState 07/12/22 23:51:45 51 83 0.0 1.216 Charging Deactivated
updateState 07/12/22 23:52:45 52 83 0.0 1.088 Charging Deactivated
updateState 07/12/22 23:53:45 53 83 0.0 1.216 Charging Deactivated
updateState 07/12/22 23:54:45 54 83 0.0 1.216 Charging Deactivated
updateState 07/12/22 23:55:46 55 83 0.0 1.088 Charging Deactivated
updateState 07/12/22 23:56:46 56 83 0.0 1.088 Charging Deactivated
updateState 07/12/22 23:57:46 57 83 0.0 1.216 Charging Deactivated
updateState 07/12/22 23:58:46 58 83 0.0 1.216 Charging Deactivated
updateState 07/12/22 23:59:46 59 83 0.0 1.088 Charging Deactivated
writeLog 3
updateState 
Rule Fired: 
False
True
updateState 07/13/22 00:01:47 1 77 0.0 6.159 Charging Deactivated
updateState 07/13/22 00:02:47 2 76 0.0 6.286 Charging Deactivated
updateState 07/13/22 00:03:47 3 77 0.0 6.032 Charging Deactivated
updateState 07/13/22 00:04:47 4 77 0.0 6.032 Charging Deactivated
updateState 07/13/22 00:05:47 5 77 0.0 6.032 Charging Deactivated
Rule Fired: webcamRunAtNight 
True
False
updateState 07/13/22 00:06:48 6 82 0.0 1.216 Charging Deactivated
updateState 07/13/22 00:07:48 7 82 0.0 1.216 Charging Deactivated
updateState 07/13/22 00:08:48 8 82 0.0 1.216 Charging Deactivated
updateState 07/13/22 00:09:48 9 82 0.0 1.216 Charging Deactivated
updateState 07/13/22 00:10:48 10 82 0.0 1.216 Charging Deactivated
updateState 07/13/22 00:11:49 11 82 0.0 1.216 Charging Deactivated
updateState 07/13/22 00:12:49 12 82 0.0 1.216 Charging Deactivated
updateState 07/13/22 00:13:49 13 82 0.0 1.216 Charging Deactivated
updateState 07/13/22 00:14:49 14 82 0.0 1.216 Charging Deactivated
updateState 07/13/22 00:15:49 15 82 0.0 1.216 Charging Deactivated
updateState 07/13/22 00:16:49 16 82 0.0 1.216 Charging Deactivated
updateState 07/13/22 00:17:50 17 82 0.0 1.216 Charging Deactivated
updateState 07/13/22 00:18:50 18 82 0.0 1.216 Charging Deactivated
updateState 07/13/22 00:19:50 19 82 0.0 1.216 Charging Deactivated
updateState 07/13/22 00:20:50 20 82 0.0 1.216 Charging Deactivated
updateState 07/13/22 00:21:50 21 82 0.0 1.216 Charging Deactivated
updateState 07/13/22 00:22:50 22 82 0.0 1.216 Charging Deactivated
updateState 07/13/22 00:23:51 23 82 0.0 1.216 Charging Deactivated
updateState 07/13/22 00:24:51 24 82 0.0 1.216 Charging Deactivated
updateState 07/13/22 00:25:51 25 82 0.0 1.216 Charging Deactivated
updateState 07/13/22 00:26:51 26 82 0.0 1.216 Charging Deactivated
updateState 07/13/22 00:27:51 27 82 0.0 1.216 Charging Deactivated
updateState 07/13/22 00:28:51 28 82 0.0 1.216 Charging Deactivated
updateState 07/13/22 00:29:52 29 82 0.0 1.216 Charging Deactivated
updateState 07/13/22 00:30:52 30 81 0.0 1.216 Charging Deactivated
updateState 07/13/22 00:31:52 31 82 0.0 1.216 Charging Deactivated
updateState 07/13/22 00:32:52 32 82 0.0 1.216 Charging Deactivated
updateState 07/13/22 00:33:52 33 82 0.0 1.216 Charging Deactivated
updateState 07/13/22 00:34:52 34 82 0.0 1.088 Charging Deactivated
updateState 07/13/22 00:35:53 35 82 0.0 1.216 Charging Deactivated
updateState 07/13/22 00:36:53 36 82 0.0 1.216 Charging Deactivated
updateState 07/13/22 00:37:53 37 82 0.0 1.216 Charging Deactivated
updateState 07/13/22 00:38:53 38 82 0.0 1.216 Charging Deactivated
updateState 07/13/22 00:39:53 39 82 0.0 1.088 Charging Deactivated
updateState 07/13/22 00:40:53 40 82 0.0 1.088 Charging Deactivated
updateState 07/13/22 00:41:54 41 82 0.0 1.216 Charging Deactivated
updateState 07/13/22 00:42:54 42 82 0.0 1.216 Charging Deactivated
updateState 07/13/22 00:43:54 43 82 0.0 1.216 Charging Deactivated
updateState 07/13/22 00:44:54 44 82 0.0 1.216 Charging Deactivated
updateState 07/13/22 00:45:54 45 82 0.0 1.216 Charging Deactivated
updateState 07/13/22 00:46:54 46 82 0.0 1.216 Charging Deactivated
updateState 07/13/22 00:47:54 47 82 0.0 1.216 Charging Deactivated
updateState 07/13/22 00:48:55 48 82 0.0 1.344 Charging Deactivated
updateState 07/13/22 00:49:55 49 82 0.0 1.216 Charging Deactivated
updateState 07/13/22 00:50:55 50 82 0.0 1.216 Charging Deactivated
updateState 07/13/22 00:51:55 51 82 0.0 1.088 Charging Deactivated
updateState 07/13/22 00:52:55 52 82 0.0 1.216 Charging Deactivated
updateState 07/13/22 00:53:56 53 82 0.0 1.088 Charging Deactivated
updateState 07/13/22 00:54:56 54 82 0.0 1.216 Charging Deactivated
updateState 07/13/22 00:55:56 55 82 0.0 1.216 Charging Deactivated
updateState 07/13/22 00:56:56 56 82 0.0 1.216 Charging Deactivated
updateState 07/13/22 00:57:56 57 82 0.0 1.216 Charging Deactivated
updateState 07/13/22 00:58:56 58 82 0.0 1.216 Charging Deactivated
updateState 07/13/22 00:59:56 59 82 0.0 1.216 Charging Deactivated
writeLog 4
updateState 
Rule Fired: 
False
True
updateState 07/13/22 01:01:57 1 76 0.0 5.905 Charging Deactivated
updateState 07/13/22 01:02:57 2 76 0.0 6.032 Charging Deactivated
updateState 07/13/22 01:03:57 3 76 0.0 5.985 Charging Deactivated
updateState 07/13/22 01:04:57 4 75 0.0 5.985 Charging Deactivated
updateState 07/13/22 01:05:58 5 75 0.0 5.985 Charging Deactivated
Rule Fired: webcamRunAtNight 
True
False
updateState 07/13/22 01:06:58 6 80 0.0 1.216 Charging Deactivated
updateState 07/13/22 01:07:58 7 81 0.0 1.216 Charging Deactivated
updateState 07/13/22 01:08:58 8 81 0.0 1.216 Charging Deactivated
updateState 07/13/22 01:09:58 9 81 0.0 1.216 Charging Deactivated
updateState 07/13/22 01:10:58 10 81 0.0 1.216 Charging Deactivated
updateState 07/13/22 01:11:59 11 81 0.0 1.216 Charging Deactivated
updateState 07/13/22 01:12:59 12 81 0.0 1.216 Charging Deactivated
updateState 07/13/22 01:13:59 13 81 0.0 1.216 Charging Deactivated
updateState 07/13/22 01:14:59 14 81 0.0 1.216 Charging Deactivated
updateState 07/13/22 01:15:59 15 82 0.0 1.216 Charging Deactivated
updateState 07/13/22 01:16:59 16 81 0.0 1.216 Charging Deactivated
updateState 07/13/22 01:18:00 17 81 0.0 1.216 Charging Deactivated
updateState 07/13/22 01:19:00 18 81 0.0 1.216 Charging Deactivated
updateState 07/13/22 01:20:00 19 81 0.0 1.216 Charging Deactivated
updateState 07/13/22 01:21:00 20 81 0.0 1.216 Charging Deactivated
updateState 07/13/22 01:22:00 21 81 0.0 1.216 Charging Deactivated
updateState 07/13/22 01:23:00 22 81 0.0 1.216 Charging Deactivated
updateState 07/13/22 01:24:01 23 81 0.0 1.216 Charging Deactivated
updateState 07/13/22 01:25:01 24 81 0.0 1.216 Charging Deactivated
updateState 07/13/22 01:26:01 25 81 0.0 1.088 Charging Deactivated
updateState 07/13/22 01:27:01 26 81 0.0 1.088 Charging Deactivated
updateState 07/13/22 01:28:01 27 81 0.0 1.216 Charging Deactivated
updateState 07/13/22 01:29:01 28 81 0.0 1.344 Charging Deactivated
updateState 07/13/22 01:30:02 29 81 0.0 1.216 Charging Deactivated
updateState 07/13/22 01:31:02 30 81 0.0 1.088 Charging Deactivated
updateState 07/13/22 01:32:02 31 81 0.0 1.088 Charging Deactivated
updateState 07/13/22 01:33:02 32 81 0.0 1.216 Charging Deactivated
updateState 07/13/22 01:34:02 33 81 0.0 1.216 Charging Deactivated
updateState 07/13/22 01:35:02 34 81 0.0 1.088 Charging Deactivated
updateState 07/13/22 01:36:03 35 81 0.0 1.216 Charging Deactivated
updateState 07/13/22 01:37:03 36 81 0.0 1.216 Charging Deactivated
updateState 07/13/22 01:38:03 37 81 0.0 1.216 Charging Deactivated
updateState 07/13/22 01:39:03 38 81 0.0 1.216 Charging Deactivated
updateState 07/13/22 01:40:03 39 81 0.0 1.216 Charging Deactivated
updateState 07/13/22 01:41:03 40 81 0.0 1.216 Charging Deactivated
updateState 07/13/22 01:42:04 41 81 0.0 1.216 Charging Deactivated
updateState 07/13/22 01:43:04 42 81 0.0 1.216 Charging Deactivated
updateState 07/13/22 01:44:04 43 80 0.0 1.216 Charging Deactivated
updateState 07/13/22 01:45:04 44 81 0.0 1.088 Charging Deactivated
updateState 07/13/22 01:46:04 45 81 0.0 1.216 Charging Deactivated
updateState 07/13/22 01:47:04 46 81 0.0 1.216 Charging Deactivated
updateState 07/13/22 01:48:04 47 81 0.0 1.216 Charging Deactivated
updateState 07/13/22 01:49:05 48 81 0.0 1.216 Charging Deactivated
updateState 07/13/22 01:50:05 49 81 0.0 1.216 Charging Deactivated
updateState 07/13/22 01:51:05 50 81 0.0 1.216 Charging Deactivated
updateState 07/13/22 01:52:05 51 81 0.0 1.216 Charging Deactivated
updateState 07/13/22 01:53:05 52 81 0.0 1.088 Charging Deactivated
updateState 07/13/22 01:54:05 53 81 0.0 1.088 Charging Deactivated
updateState 07/13/22 01:55:05 54 81 0.0 1.216 Charging Deactivated
updateState 07/13/22 01:56:06 55 81 0.0 1.216 Charging Deactivated
updateState 07/13/22 01:57:06 56 81 0.0 1.216 Charging Deactivated
updateState 07/13/22 01:58:06 57 81 0.0 1.088 Charging Deactivated
updateState 07/13/22 01:59:06 58 81 0.0 1.216 Charging Deactivated
writeLog 5
updateState 
Rule Fired: 
False
True
updateState 07/13/22 02:01:07 1 75 0.0 6.237 Charging Deactivated
updateState 07/13/22 02:02:07 2 75 0.0 6.111 Charging Deactivated
updateState 07/13/22 02:03:07 3 74 0.0 6.111 Charging Deactivated
updateState 07/13/22 02:04:07 4 75 0.0 5.985 Charging Deactivated
updateState 07/13/22 02:05:07 5 75 0.0 5.985 Charging Deactivated
Rule Fired: webcamRunAtNight 
True
False
updateState 07/13/22 02:06:07 6 80 0.0 1.206 Charging Deactivated
updateState 07/13/22 02:07:08 7 80 0.0 1.206 Charging Deactivated
updateState 07/13/22 02:08:08 8 80 0.0 1.088 Charging Deactivated
updateState 07/13/22 02:09:08 9 80 0.0 1.216 Charging Deactivated
updateState 07/13/22 02:10:08 10 80 0.0 1.216 Charging Deactivated
updateState 07/13/22 02:11:08 11 80 0.0 1.216 Charging Deactivated
updateState 07/13/22 02:12:08 12 80 0.0 1.344 Charging Deactivated
updateState 07/13/22 02:13:09 13 80 0.0 1.088 Charging Deactivated
updateState 07/13/22 02:14:09 14 80 0.0 1.216 Charging Deactivated
updateState 07/13/22 02:15:09 15 80 0.0 1.216 Charging Deactivated
updateState 07/13/22 02:16:09 16 80 0.0 1.216 Charging Deactivated
updateState 07/13/22 02:17:09 17 80 0.0 1.088 Charging Deactivated
updateState 07/13/22 02:18:09 18 80 0.0 1.088 Charging Deactivated
updateState 07/13/22 02:19:09 19 80 0.0 1.216 Charging Deactivated
updateState 07/13/22 02:20:10 20 80 0.0 1.088 Charging Deactivated
updateState 07/13/22 02:21:10 21 80 0.0 1.088 Charging Deactivated
updateState 07/13/22 02:22:10 22 80 0.0 1.088 Charging Deactivated
updateState 07/13/22 02:23:10 23 80 0.0 1.206 Charging Deactivated
updateState 07/13/22 02:24:10 24 80 0.0 1.088 Charging Deactivated
updateState 07/13/22 02:25:11 25 80 0.0 1.08 Charging Deactivated
updateState 07/13/22 02:26:11 26 80 0.0 1.206 Charging Deactivated
updateState 07/13/22 02:27:11 27 80 0.0 1.08 Charging Deactivated
updateState 07/13/22 02:28:11 28 80 0.0 1.08 Charging Deactivated
updateState 07/13/22 02:29:11 29 80 0.0 1.08 Charging Deactivated
updateState 07/13/22 02:30:11 30 80 0.0 1.206 Charging Deactivated
updateState 07/13/22 02:31:11 31 80 0.0 1.206 Charging Deactivated
updateState 07/13/22 02:32:11 32 80 0.0 1.08 Charging Deactivated
updateState 07/13/22 02:33:12 33 80 0.0 1.206 Charging Deactivated
updateState 07/13/22 02:34:12 34 80 0.0 1.08 Charging Deactivated
updateState 07/13/22 02:35:12 35 80 0.0 1.08 Charging Deactivated
updateState 07/13/22 02:36:12 36 80 0.0 1.08 Charging Deactivated
updateState 07/13/22 02:37:12 37 80 0.0 1.206 Charging Deactivated
updateState 07/13/22 02:38:12 38 80 0.0 1.08 Charging Deactivated
updateState 07/13/22 02:39:13 39 80 0.0 1.08 Charging Deactivated
updateState 07/13/22 02:40:13 40 80 0.0 1.206 Charging Deactivated
updateState 07/13/22 02:41:13 41 80 0.0 1.206 Charging Deactivated
updateState 07/13/22 02:42:13 42 80 0.0 1.08 Charging Deactivated
updateState 07/13/22 02:43:13 43 80 0.0 1.08 Charging Deactivated
updateState 07/13/22 02:44:13 44 80 0.0 1.206 Charging Deactivated
updateState 07/13/22 02:45:13 45 80 0.0 1.08 Charging Deactivated
updateState 07/13/22 02:46:14 46 80 0.0 1.08 Charging Deactivated
updateState 07/13/22 02:47:14 47 80 0.0 1.206 Charging Deactivated
updateState 07/13/22 02:48:14 48 80 0.0 1.206 Charging Deactivated
updateState 07/13/22 02:49:14 49 80 0.0 1.08 Charging Deactivated
updateState 07/13/22 02:50:14 50 80 0.0 1.08 Charging Deactivated
updateState 07/13/22 02:51:14 51 80 0.0 1.08 Charging Deactivated
updateState 07/13/22 02:52:15 52 80 0.0 1.206 Charging Deactivated
updateState 07/13/22 02:53:15 53 80 0.0 1.206 Charging Deactivated
updateState 07/13/22 02:54:15 54 80 0.0 1.206 Charging Deactivated
updateState 07/13/22 02:55:15 55 80 0.0 1.206 Charging Deactivated
updateState 07/13/22 02:56:15 56 80 0.0 1.08 Charging Deactivated
updateState 07/13/22 02:57:15 57 80 0.0 1.206 Charging Deactivated
updateState 07/13/22 02:58:16 58 80 0.0 1.08 Charging Deactivated
updateState 07/13/22 02:59:16 59 80 0.0 1.08 Charging Deactivated
writeLog 6
updateState 
Rule Fired: 
False
True
updateState 07/13/22 03:01:16 1 74 0.0 6.237 Charging Deactivated
updateState 07/13/22 03:02:16 2 73 0.0 5.985 Charging Deactivated
updateState 07/13/22 03:03:16 3 73 0.0 6.111 Charging Deactivated
updateState 07/13/22 03:04:17 4 73 0.0 5.985 Charging Deactivated
updateState 07/13/22 03:05:17 5 73 0.0 5.985 Charging Deactivated
Rule Fired: webcamRunAtNight 
True
False
updateState 07/13/22 03:06:17 6 79 0.0 1.206 Charging Deactivated
updateState 07/13/22 03:07:17 7 80 0.0 1.206 Charging Deactivated
updateState 07/13/22 03:08:17 8 80 0.0 1.206 Charging Deactivated
updateState 07/13/22 03:09:18 9 80 0.0 1.08 Charging Deactivated
updateState 07/13/22 03:10:18 10 80 0.0 1.08 Charging Deactivated
updateState 07/13/22 03:11:18 11 80 0.0 1.08 Charging Deactivated
updateState 07/13/22 03:12:18 12 80 0.0 1.08 Charging Deactivated
updateState 07/13/22 03:13:18 13 80 0.0 1.08 Charging Deactivated
updateState 07/13/22 03:14:18 14 80 0.0 1.08 Charging Deactivated
updateState 07/13/22 03:15:19 15 80 0.0 1.08 Charging Deactivated
updateState 07/13/22 03:16:19 16 80 0.0 1.206 Charging Deactivated
updateState 07/13/22 03:17:19 17 80 0.0 1.08 Charging Deactivated
updateState 07/13/22 03:18:19 18 80 0.0 1.206 Charging Deactivated
updateState 07/13/22 03:19:19 19 80 0.0 1.08 Charging Deactivated
updateState 07/13/22 03:20:19 20 80 0.0 1.08 Charging Deactivated
updateState 07/13/22 03:21:20 21 80 0.0 1.08 Charging Deactivated
updateState 07/13/22 03:22:20 22 80 0.0 1.08 Charging Deactivated
updateState 07/13/22 03:23:20 23 80 0.0 1.206 Charging Deactivated
updateState 07/13/22 03:24:20 24 79 0.0 1.08 Charging Deactivated
updateState 07/13/22 03:25:20 25 80 0.0 1.08 Charging Deactivated
updateState 07/13/22 03:26:20 26 80 0.0 1.206 Charging Deactivated
updateState 07/13/22 03:27:21 27 80 0.0 1.206 Charging Deactivated
updateState 07/13/22 03:28:21 28 80 0.0 1.206 Charging Deactivated
updateState 07/13/22 03:29:21 29 80 0.0 1.08 Charging Deactivated
updateState 07/13/22 03:30:21 30 80 0.0 1.08 Charging Deactivated
updateState 07/13/22 03:31:21 31 79 0.0 1.08 Charging Deactivated
updateState 07/13/22 03:32:21 32 80 0.0 1.206 Charging Deactivated
updateState 07/13/22 03:33:22 33 80 0.0 1.08 Charging Deactivated
updateState 07/13/22 03:34:22 34 80 0.0 1.08 Charging Deactivated
updateState 07/13/22 03:35:22 35 79 0.0 1.206 Charging Deactivated
updateState 07/13/22 03:36:22 36 79 0.0 1.206 Charging Deactivated
updateState 07/13/22 03:37:22 37 79 0.0 1.08 Charging Deactivated
updateState 07/13/22 03:38:22 38 80 0.0 1.206 Charging Deactivated
updateState 07/13/22 03:39:23 39 79 0.0 1.206 Charging Deactivated
updateState 07/13/22 03:40:23 40 79 0.0 1.08 Charging Deactivated
updateState 07/13/22 03:41:23 41 79 0.0 1.08 Charging Deactivated
updateState 07/13/22 03:42:23 42 79 0.0 1.206 Charging Deactivated
updateState 07/13/22 03:43:23 43 79 0.0 1.206 Charging Deactivated
updateState 07/13/22 03:44:23 44 79 0.0 1.206 Charging Deactivated
updateState 07/13/22 03:45:23 45 79 0.0 1.206 Charging Deactivated
updateState 07/13/22 03:46:24 46 79 0.0 1.08 Charging Deactivated
updateState 07/13/22 03:47:24 47 79 0.0 1.08 Charging Deactivated
updateState 07/13/22 03:48:24 48 79 0.0 1.206 Charging Deactivated
updateState 07/13/22 03:49:24 49 79 0.0 1.206 Charging Deactivated
updateState 07/13/22 03:50:24 50 79 0.0 1.08 Charging Deactivated
updateState 07/13/22 03:51:24 51 79 0.0 1.206 Charging Deactivated
updateState 07/13/22 03:52:25 52 79 0.0 1.206 Charging Deactivated
updateState 07/13/22 03:53:25 53 79 0.0 1.206 Charging Deactivated
updateState 07/13/22 03:54:25 54 79 0.0 1.206 Charging Deactivated
updateState 07/13/22 03:55:25 55 79 0.0 1.206 Charging Deactivated
updateState 07/13/22 03:56:25 56 79 0.0 1.08 Charging Deactivated
updateState 07/13/22 03:57:25 57 79 0.0 1.206 Charging Deactivated
updateState 07/13/22 03:58:26 58 79 0.0 1.206 Charging Deactivated
updateState 07/13/22 03:59:26 59 79 0.0 1.08 Charging Deactivated
writeLog 7
updateState 
Rule Fired: 
False
True
updateState 07/13/22 04:01:26 1 73 0.0 5.985 Charging Deactivated
updateState 07/13/22 04:02:26 2 73 0.0 5.985 Charging Deactivated
updateState 07/13/22 04:03:26 3 73 0.0 6.111 Charging Deactivated
updateState 07/13/22 04:04:27 4 73 0.0 6.111 Charging Deactivated
updateState 07/13/22 04:05:27 5 73 0.0 5.985 Charging Deactivated
Rule Fired: webcamRunAtNight 
True
False
updateState 07/13/22 04:06:27 6 78 0.0 1.206 Charging Deactivated
updateState 07/13/22 04:07:27 7 79 0.0 1.08 Charging Deactivated
updateState 07/13/22 04:08:27 8 79 0.0 1.08 Charging Deactivated
updateState 07/13/22 04:09:28 9 79 0.0 1.206 Charging Deactivated
updateState 07/13/22 04:10:28 10 79 0.0 1.08 Charging Deactivated
updateState 07/13/22 04:11:28 11 79 0.0 1.206 Charging Deactivated
updateState 07/13/22 04:12:28 12 79 0.0 1.08 Charging Deactivated
updateState 07/13/22 04:13:28 13 79 0.0 1.08 Charging Deactivated
updateState 07/13/22 04:14:28 14 79 0.0 1.08 Charging Deactivated
updateState 07/13/22 04:15:29 15 79 0.0 1.08 Charging Deactivated
updateState 07/13/22 04:16:29 16 79 0.0 1.08 Charging Deactivated
updateState 07/13/22 04:17:29 17 79 0.0 1.206 Charging Deactivated
updateState 07/13/22 04:18:29 18 79 0.0 1.08 Charging Deactivated
updateState 07/13/22 04:19:29 19 79 0.0 1.206 Charging Deactivated
updateState 07/13/22 04:20:29 20 79 0.0 1.08 Charging Deactivated
updateState 07/13/22 04:21:30 21 79 0.0 1.206 Charging Deactivated
updateState 07/13/22 04:22:30 22 79 0.0 1.206 Charging Deactivated
updateState 07/13/22 04:23:30 23 79 0.0 1.206 Charging Deactivated
updateState 07/13/22 04:24:30 24 79 0.0 1.206 Charging Deactivated
updateState 07/13/22 04:25:30 25 79 0.0 1.08 Charging Deactivated
updateState 07/13/22 04:26:30 26 79 0.0 1.08 Charging Deactivated
updateState 07/13/22 04:27:31 27 79 0.0 1.206 Charging Deactivated
updateState 07/13/22 04:28:31 28 79 0.0 1.206 Charging Deactivated
updateState 07/13/22 04:29:31 29 79 0.0 1.08 Charging Deactivated
updateState 07/13/22 04:30:31 30 79 0.0 1.206 Charging Deactivated
updateState 07/13/22 04:31:31 31 79 0.0 1.08 Charging Deactivated
updateState 07/13/22 04:32:31 32 79 0.0 1.206 Charging Deactivated
updateState 07/13/22 04:33:32 33 79 0.0 1.08 Charging Deactivated
updateState 07/13/22 04:34:32 34 79 0.0 1.08 Charging Deactivated
updateState 07/13/22 04:35:32 35 79 0.0 1.206 Charging Deactivated
updateState 07/13/22 04:36:32 36 79 0.0 1.08 Charging Deactivated
updateState 07/13/22 04:37:32 37 79 0.0 1.08 Charging Deactivated
updateState 07/13/22 04:38:32 38 79 0.0 1.08 Charging Deactivated
updateState 07/13/22 04:39:33 39 79 0.0 1.08 Charging Deactivated
updateState 07/13/22 04:40:33 40 79 0.0 0.952 Charging Deactivated
updateState 07/13/22 04:41:33 41 79 0.0 1.08 Charging Deactivated
updateState 07/13/22 04:42:33 42 79 0.0 1.08 Charging Deactivated
updateState 07/13/22 04:43:33 43 79 0.0 1.08 Charging Deactivated
updateState 07/13/22 04:44:33 44 79 0.0 1.08 Charging Deactivated
updateState 07/13/22 04:45:34 45 78 0.0 1.206 Charging Deactivated
updateState 07/13/22 04:46:34 46 79 0.0 1.206 Charging Deactivated
updateState 07/13/22 04:47:34 47 79 0.0 1.08 Charging Deactivated
updateState 07/13/22 04:48:34 48 79 0.0 1.206 Charging Deactivated
updateState 07/13/22 04:49:34 49 79 0.0 1.08 Charging Deactivated
updateState 07/13/22 04:50:34 50 78 0.0 1.08 Charging Deactivated
updateState 07/13/22 04:51:35 51 78 0.0 1.08 Charging Deactivated
updateState 07/13/22 04:52:35 52 78 0.0 1.206 Charging Deactivated
updateState 07/13/22 04:53:35 53 78 0.0 1.08 Charging Deactivated
updateState 07/13/22 04:54:35 54 78 0.0 1.08 Charging Deactivated
updateState 07/13/22 04:55:35 55 78 0.0 1.08 Charging Deactivated
updateState 07/13/22 04:56:35 56 79 0.0 1.08 Charging Deactivated
updateState 07/13/22 04:57:36 57 78 0.0 1.08 Charging Deactivated
updateState 07/13/22 04:58:36 58 78 0.0 1.08 Charging Deactivated
updateState 07/13/22 04:59:36 59 78 0.0 1.206 Charging Deactivated
writeLog 8
updateState 
Rule Fired: 
False
True
updateState 07/13/22 05:01:36 1 72 0.0 6.237 Charging Deactivated
updateState 07/13/22 05:02:36 2 72 0.0 6.111 Charging Deactivated
updateState 07/13/22 05:03:37 3 72 0.0 6.111 Charging Deactivated
updateState 07/13/22 05:04:37 4 72 0.0 6.111 Charging Deactivated
updateState 07/13/22 05:05:37 5 72 0.0 5.985 Charging Deactivated
Rule Fired: webcamRunAtNight 
True
False
updateState 07/13/22 05:06:37 6 77 0.0 1.08 Charging Deactivated
updateState 07/13/22 05:07:37 7 78 0.0 1.206 Charging Deactivated
updateState 07/13/22 05:08:38 8 78 0.0 1.206 Charging Deactivated
updateState 07/13/22 05:09:38 9 78 0.0 1.08 Charging Deactivated
updateState 07/13/22 05:10:38 10 78 0.0 1.08 Charging Deactivated
updateState 07/13/22 05:11:38 11 78 0.0 1.08 Charging Deactivated
updateState 07/13/22 05:12:38 12 78 0.0 1.08 Charging Deactivated
updateState 07/13/22 05:13:38 13 78 0.0 1.08 Charging Deactivated
updateState 07/13/22 05:14:39 14 78 0.0 1.206 Charging Deactivated
updateState 07/13/22 05:15:39 15 78 0.0 1.08 Charging Deactivated
updateState 07/13/22 05:16:39 16 78 0.0 1.08 Charging Deactivated
updateState 07/13/22 05:17:39 17 78 0.0 1.206 Charging Deactivated
updateState 07/13/22 05:18:39 18 78 0.0 1.206 Charging Deactivated
updateState 07/13/22 05:19:39 19 78 0.0 1.206 Charging Deactivated
updateState 07/13/22 05:20:40 20 78 0.0 1.206 Charging Deactivated
updateState 07/13/22 05:21:40 21 78 0.0 1.08 Charging Deactivated
updateState 07/13/22 05:22:40 22 78 0.0 1.08 Charging Deactivated
updateState 07/13/22 05:23:40 23 78 0.0 1.08 Charging Deactivated
updateState 07/13/22 05:24:40 24 78 0.0 1.08 Charging Deactivated
updateState 07/13/22 05:25:40 25 78 0.0 1.206 Charging Deactivated
updateState 07/13/22 05:26:41 26 78 0.0 1.08 Charging Deactivated
updateState 07/13/22 05:27:41 27 78 0.0 1.206 Charging Deactivated
updateState 07/13/22 05:28:41 28 78 0.0 1.08 Charging Deactivated
updateState 07/13/22 05:29:41 29 78 0.0 1.08 Charging Deactivated
updateState 07/13/22 05:30:41 30 78 0.0 1.08 Charging Deactivated
updateState 07/13/22 05:31:41 31 78 0.0 1.206 Charging Deactivated
updateState 07/13/22 05:32:42 32 78 0.0 1.206 Charging Deactivated
updateState 07/13/22 05:33:42 33 78 0.0 1.206 Charging Deactivated
updateState 07/13/22 05:34:42 34 78 0.0 1.08 Charging Deactivated
updateState 07/13/22 05:35:42 35 78 0.0 1.08 Charging Deactivated
updateState 07/13/22 05:36:42 36 78 0.0 1.333 Charging Deactivated
updateState 07/13/22 05:37:42 37 78 0.0 1.206 Charging Deactivated
updateState 07/13/22 05:38:43 38 78 0.0 1.206 Charging Deactivated
updateState 07/13/22 05:39:43 39 78 0.0 1.08 Charging Deactivated
updateState 07/13/22 05:40:43 40 78 0.0 1.08 Charging Deactivated
updateState 07/13/22 05:41:43 41 78 0.0 1.206 Charging Deactivated
updateState 07/13/22 05:42:43 42 78 0.0 1.206 Charging Deactivated
updateState 07/13/22 05:43:43 43 78 0.0 1.206 Charging Deactivated
updateState 07/13/22 05:44:44 44 78 0.0 1.206 Charging Deactivated
updateState 07/13/22 05:45:44 45 78 0.0 1.206 Charging Deactivated
updateState 07/13/22 05:46:44 46 78 0.0 1.206 Charging Deactivated
updateState 07/13/22 05:47:44 47 78 0.0 1.206 Charging Deactivated
updateState 07/13/22 05:48:44 48 78 0.0 1.206 Charging Deactivated
updateState 07/13/22 05:49:44 49 78 0.0 1.206 Charging Deactivated
updateState 07/13/22 05:50:45 50 78 0.0 1.206 Charging Deactivated
updateState 07/13/22 05:51:45 51 78 0.0 1.206 Charging Deactivated
updateState 07/13/22 05:52:45 52 78 0.0 1.08 Charging Deactivated
updateState 07/13/22 05:53:45 53 78 0.0 1.206 Charging Deactivated
updateState 07/13/22 05:54:45 54 78 0.0 1.206 Charging Deactivated
updateState 07/13/22 05:55:45 55 78 0.0 1.206 Charging Deactivated
updateState 07/13/22 05:56:45 56 78 0.0 1.08 Charging Deactivated
updateState 07/13/22 05:57:46 57 78 0.0 1.206 Charging Deactivated
updateState 07/13/22 05:58:46 58 78 0.0 1.08 Charging Deactivated
updateState 07/13/22 05:59:46 59 78 0.0 1.08 Charging Deactivated
writeLog 9
updateState 
Rule Fired: 
False
True
updateState 07/13/22 06:01:46 1 75 0.0 2.835 Charging Deactivated
updateState 07/13/22 06:02:47 2 75 0.0 2.835 Charging Deactivated
updateState 07/13/22 06:03:47 3 75 0.0 2.961 Charging Deactivated
updateState 07/13/22 06:04:47 4 75 0.0 2.835 Charging Deactivated
updateState 07/13/22 06:05:47 5 75 0.0 2.835 Charging Deactivated
Rule Fired: webcamRunAtNight 
True
False
updateState 07/13/22 06:06:47 6 77 0.0 1.206 Charging Deactivated
updateState 07/13/22 06:07:48 7 78 0.0 1.206 Charging Deactivated
updateState 07/13/22 06:08:48 8 78 0.0 1.08 Charging Deactivated
updateState 07/13/22 06:09:48 9 78 0.0 1.08 Charging Deactivated
updateState 07/13/22 06:10:48 10 78 0.0 1.08 Charging Deactivated
updateState 07/13/22 06:11:48 11 78 0.0 1.08 Charging Deactivated
updateState 07/13/22 06:12:48 12 78 0.0 1.08 Charging Deactivated
updateState 07/13/22 06:13:49 13 78 0.0 1.08 Charging Deactivated
updateState 07/13/22 06:14:49 14 78 0.917 1.08 Boost Charging Mode
Rule Fired: 
False
True
updateState 07/13/22 06:15:49 15 75 0.91 2.835 Boost Charging Mode
updateState 07/13/22 06:16:49 16 75 0.91 2.709 Boost Charging Mode
updateState 07/13/22 06:17:49 17 75 0.91 2.835 Boost Charging Mode
updateState 07/13/22 06:18:49 18 75 0.91 2.709 Boost Charging Mode
updateState 07/13/22 06:19:50 19 75 0.91 2.709 Boost Charging Mode
updateState 07/13/22 06:20:50 20 75 0.91 2.835 Boost Charging Mode
updateState 07/13/22 06:21:50 21 75 0.91 2.835 Boost Charging Mode
updateState 07/13/22 06:22:50 22 75 0.91 2.835 Boost Charging Mode
updateState 07/13/22 06:23:50 23 75 0.91 2.835 Boost Charging Mode
updateState 07/13/22 06:24:50 24 75 0.91 2.835 Boost Charging Mode
updateState 07/13/22 06:25:51 25 75 0.91 2.709 Boost Charging Mode
updateState 07/13/22 06:26:51 26 75 0.91 2.835 Boost Charging Mode
updateState 07/13/22 06:27:51 27 75 0.917 2.961 Boost Charging Mode
updateState 07/13/22 06:28:51 28 75 0.917 2.835 Boost Charging Mode
updateState 07/13/22 06:29:51 29 75 0.917 2.709 Boost Charging Mode
updateState 07/13/22 06:30:51 30 75 0.917 2.835 Boost Charging Mode
updateState 07/13/22 06:31:51 31 75 0.917 2.835 Boost Charging Mode
updateState 07/13/22 06:32:52 32 75 0.917 2.835 Boost Charging Mode
updateState 07/13/22 06:33:52 33 75 0.91 2.835 Boost Charging Mode
updateState 07/13/22 06:34:52 34 75 0.917 2.709 Boost Charging Mode
updateState 07/13/22 06:35:52 35 75 0.917 2.709 Boost Charging Mode
updateState 07/13/22 06:36:52 36 75 0.917 2.709 Boost Charging Mode
updateState 07/13/22 06:37:52 37 75 0.917 2.835 Boost Charging Mode
updateState 07/13/22 06:38:53 38 75 0.917 2.835 Boost Charging Mode
updateState 07/13/22 06:39:53 39 75 0.917 2.583 Boost Charging Mode
updateState 07/13/22 06:40:53 40 75 0.917 2.961 Boost Charging Mode
updateState 07/13/22 06:41:53 41 75 0.917 2.709 Boost Charging Mode
updateState 07/13/22 06:42:53 42 75 0.917 2.709 Boost Charging Mode
updateState 07/13/22 06:43:53 43 75 0.917 2.835 Boost Charging Mode
updateState 07/13/22 06:44:54 44 75 0.917 2.583 Boost Charging Mode
updateState 07/13/22 06:45:54 45 75 0.917 2.709 Boost Charging Mode
updateState 07/13/22 06:46:54 46 75 0.917 2.709 Boost Charging Mode
updateState 07/13/22 06:47:54 47 75 0.917 2.835 Boost Charging Mode
updateState 07/13/22 06:48:54 48 75 0.917 2.835 Boost Charging Mode
updateState 07/13/22 06:49:54 49 75 0.917 2.709 Boost Charging Mode
updateState 07/13/22 06:50:55 50 75 0.917 2.583 Boost Charging Mode
updateState 07/13/22 06:51:55 51 75 0.917 2.583 Boost Charging Mode
updateState 07/13/22 06:52:55 52 75 0.917 2.583 Boost Charging Mode
updateState 07/13/22 06:53:55 53 75 0.917 2.709 Boost Charging Mode
updateState 07/13/22 06:54:55 54 75 0.917 2.835 Boost Charging Mode
updateState 07/13/22 06:55:55 55 75 0.917 2.709 Boost Charging Mode
updateState 07/13/22 06:56:56 56 75 0.917 2.709 Boost Charging Mode
updateState 07/13/22 06:57:56 57 75 0.917 2.709 Boost Charging Mode
updateState 07/13/22 06:58:56 58 75 0.917 2.709 Boost Charging Mode
updateState 07/13/22 06:59:56 59 75 0.917 2.583 Boost Charging Mode
writeLog 10
updateState 
updateState 07/13/22 07:01:56 1 75 0.917 2.835 Boost Charging Mode
updateState 07/13/22 07:02:57 2 75 0.917 2.835 Boost Charging Mode
updateState 07/13/22 07:03:57 3 75 0.917 2.835 Boost Charging Mode
updateState 07/13/22 07:04:57 4 75 0.917 2.709 Boost Charging Mode
updateState 07/13/22 07:05:57 5 75 0.917 2.583 Boost Charging Mode
updateState 07/13/22 07:06:57 6 75 0.917 2.709 Boost Charging Mode
updateState 07/13/22 07:07:57 7 75 0.917 2.835 Boost Charging Mode
updateState 07/13/22 07:08:58 8 75 0.917 2.835 Boost Charging Mode
updateState 07/13/22 07:09:58 9 75 0.917 2.709 Boost Charging Mode
updateState 07/13/22 07:10:58 10 75 0.917 2.583 Boost Charging Mode
updateState 07/13/22 07:11:58 11 75 0.917 2.583 Boost Charging Mode
updateState 07/13/22 07:12:58 12 75 0.917 2.835 Boost Charging Mode
updateState 07/13/22 07:13:58 13 75 0.917 2.709 Boost Charging Mode
updateState 07/13/22 07:14:59 14 75 0.917 2.583 Boost Charging Mode
updateState 07/13/22 07:15:59 15 76 0.917 2.835 Boost Charging Mode
updateState 07/13/22 07:16:59 16 75 0.917 2.835 Boost Charging Mode
updateState 07/13/22 07:17:59 17 75 0.917 2.835 Boost Charging Mode
updateState 07/13/22 07:18:59 18 75 0.917 2.709 Boost Charging Mode
updateState 07/13/22 07:19:59 19 76 0.917 2.583 Boost Charging Mode
updateState 07/13/22 07:21:00 20 76 0.917 2.709 Boost Charging Mode
updateState 07/13/22 07:22:00 21 76 0.917 2.709 Boost Charging Mode
updateState 07/13/22 07:23:00 22 76 0.917 2.835 Boost Charging Mode
updateState 07/13/22 07:24:00 23 75 1.965 2.961 Boost Charging Mode
updateState 07/13/22 07:25:00 24 75 0.917 2.709 Boost Charging Mode
updateState 07/13/22 07:26:00 25 76 1.965 2.835 Boost Charging Mode
updateState 07/13/22 07:27:01 26 76 1.965 2.835 Boost Charging Mode
updateState 07/13/22 07:28:01 27 76 1.965 2.835 Boost Charging Mode
updateState 07/13/22 07:29:01 28 76 1.965 2.583 Boost Charging Mode
updateState 07/13/22 07:30:01 29 76 1.965 2.73 Boost Charging Mode
updateState 07/13/22 07:31:01 30 76 1.965 2.857 Boost Charging Mode
updateState 07/13/22 07:32:01 31 76 1.965 2.709 Boost Charging Mode
updateState 07/13/22 07:33:02 32 76 1.965 2.709 Boost Charging Mode
updateState 07/13/22 07:34:02 33 76 1.965 2.835 Boost Charging Mode
updateState 07/13/22 07:35:02 34 76 1.965 2.857 Boost Charging Mode
updateState 07/13/22 07:36:02 35 76 1.965 2.73 Boost Charging Mode
updateState 07/13/22 07:37:02 36 76 1.965 2.857 Boost Charging Mode
updateState 07/13/22 07:38:03 37 76 1.98 2.857 Boost Charging Mode
updateState 07/13/22 07:39:03 38 76 1.965 2.603 Boost Charging Mode
updateState 07/13/22 07:40:03 39 76 1.965 2.857 Boost Charging Mode
updateState 07/13/22 07:41:03 40 76 1.965 2.603 Boost Charging Mode
updateState 07/13/22 07:42:03 41 76 1.965 2.984 Boost Charging Mode
updateState 07/13/22 07:43:03 42 76 1.965 2.73 Boost Charging Mode
updateState 07/13/22 07:44:03 43 76 1.98 2.857 Boost Charging Mode
updateState 07/13/22 07:45:04 44 76 1.965 2.603 Boost Charging Mode
updateState 07/13/22 07:46:04 45 76 1.965 2.857 Boost Charging Mode
updateState 07/13/22 07:47:04 46 76 1.965 2.603 Boost Charging Mode
updateState 07/13/22 07:48:04 47 77 1.995 2.857 Boost Charging Mode
updateState 07/13/22 07:49:04 48 77 1.98 2.857 Boost Charging Mode
updateState 07/13/22 07:50:05 49 77 1.98 2.73 Boost Charging Mode
updateState 07/13/22 07:51:05 50 77 1.98 2.857 Boost Charging Mode
updateState 07/13/22 07:52:05 51 77 1.98 2.73 Boost Charging Mode
updateState 07/13/22 07:53:05 52 77 1.98 2.857 Boost Charging Mode
updateState 07/13/22 07:54:05 53 77 1.995 2.857 Boost Charging Mode
updateState 07/13/22 07:55:05 54 77 1.98 2.73 Boost Charging Mode
updateState 07/13/22 07:56:05 55 77 1.98 2.603 Boost Charging Mode
updateState 07/13/22 07:57:06 56 77 1.98 2.857 Boost Charging Mode
updateState 07/13/22 07:58:06 57 77 1.995 2.603 Boost Charging Mode
updateState 07/13/22 07:59:06 58 76 1.98 2.857 Boost Charging Mode
writeLog 11
updateState 
updateState 07/13/22 08:01:06 1 77 1.98 2.857 Boost Charging Mode
updateState 07/13/22 08:02:06 2 77 1.98 2.603 Boost Charging Mode
updateState 07/13/22 08:03:07 3 77 1.98 2.73 Boost Charging Mode
updateState 07/13/22 08:04:07 4 77 1.98 2.984 Boost Charging Mode
updateState 07/13/22 08:05:07 5 77 1.98 2.603 Boost Charging Mode
updateState 07/13/22 08:06:07 6 77 1.98 2.73 Boost Charging Mode
updateState 07/13/22 08:07:07 7 77 1.98 2.73 Boost Charging Mode
updateState 07/13/22 08:08:07 8 78 1.98 2.857 Boost Charging Mode
updateState 07/13/22 08:09:08 9 78 1.98 2.857 Boost Charging Mode
updateState 07/13/22 08:10:08 10 78 2.904 2.73 Boost Charging Mode
updateState 07/13/22 08:11:08 11 78 2.904 2.857 Boost Charging Mode
updateState 07/13/22 08:12:08 12 78 2.904 2.857 Boost Charging Mode
updateState 07/13/22 08:13:08 13 78 2.904 2.73 Boost Charging Mode
updateState 07/13/22 08:14:08 14 79 2.904 2.73 Boost Charging Mode
updateState 07/13/22 08:15:09 15 80 3.96 2.73 Boost Charging Mode
updateState 07/13/22 08:16:09 16 82 4.921 2.88 Boost Charging Mode
updateState 07/13/22 08:17:09 17 83 4.921 2.88 Boost Charging Mode
updateState 07/13/22 08:18:09 18 85 5.896 2.752 Boost Charging Mode
updateState 07/13/22 08:19:09 19 88 6.968 2.902 Boost Charging Mode
updateState 07/13/22 08:20:09 20 95 10.88 2.795 Boost Charging Mode
updateState 07/13/22 08:21:10 21 100 15.87 2.97 Boost Charging Mode
updateState 07/13/22 08:22:10 22 100 19.88 2.902 Boost Charging Mode
updateState 07/13/22 08:23:10 23 100 20.868 2.924 Boost Charging Mode
updateState 07/13/22 08:24:10 24 100 20.874 3.06 Boost Charging Mode
updateState 07/13/22 08:25:10 25 100 20.874 2.945 Boost Charging Mode
updateState 07/13/22 08:26:10 26 100 21.868 2.808 Boost Charging Mode
updateState 07/13/22 08:27:11 27 100 21.868 3.082 Boost Charging Mode
updateState 07/13/22 08:28:11 28 100 21.868 3.082 Boost Charging Mode
updateState 07/13/22 08:29:11 29 100 21.868 2.945 Boost Charging Mode
updateState 07/13/22 08:30:11 30 100 21.879 3.082 Boost Charging Mode
updateState 07/13/22 08:31:11 31 100 22.88 2.967 Boost Charging Mode
updateState 07/13/22 08:32:11 32 100 22.88 3.243 Boost Charging Mode
updateState 07/13/22 08:33:12 33 100 22.88 2.967 Boost Charging Mode
updateState 07/13/22 08:34:12 34 100 22.88 3.105 Boost Charging Mode
updateState 07/13/22 08:35:12 35 100 22.88 3.105 Boost Charging Mode
updateState 07/13/22 08:36:12 36 100 22.88 3.105 Boost Charging Mode
updateState 07/13/22 08:37:12 37 100 22.896 3.105 Boost Charging Mode
updateState 07/13/22 08:38:12 38 100 22.896 2.967 Boost Charging Mode
updateState 07/13/22 08:39:13 39 100 22.896 3.105 Boost Charging Mode
updateState 07/13/22 08:40:13 40 100 23.925 2.988 Boost Charging Mode
updateState 07/13/22 08:41:13 41 100 23.904 3.127 Boost Charging Mode
updateState 07/13/22 08:42:13 42 100 24.94 3.01 Boost Charging Mode
updateState 07/13/22 08:43:13 43 100 23.925 3.15 Boost Charging Mode
updateState 07/13/22 08:44:13 44 100 24.966 3.01 Boost Charging Mode
updateState 07/13/22 08:45:14 45 100 23.961 3.15 Boost Charging Mode
updateState 07/13/22 08:46:14 46 100 24.99 3.031 Boost Charging Mode
updateState 07/13/22 08:47:14 47 100 25.872 3.195 Boost Charging Mode
updateState 07/13/22 08:48:14 48 100 24.99 3.172 Boost Charging Mode
updateState 07/13/22 08:49:14 49 100 24.864 3.053 Boost Charging Mode
updateState 07/13/22 08:50:14 50 100 24.883 3.195 Boost Charging Mode
updateState 07/13/22 08:51:15 51 100 24.915 3.195 Boost Charging Mode
updateState 07/13/22 08:52:15 52 100 23.989 3.031 Boost Charging Mode
updateState 07/13/22 08:53:15 53 100 24.915 3.195 Boost Charging Mode
updateState 07/13/22 08:54:15 54 100 23.87 3.172 Boost Charging Mode
updateState 07/13/22 08:55:15 55 100 23.87 3.031 Boost Charging Mode
updateState 07/13/22 08:56:15 56 100 23.868 3.172 Boost Charging Mode
updateState 07/13/22 08:57:16 57 100 22.946 3.195 Boost Charging Mode
updateState 07/13/22 08:58:16 58 100 22.932 3.053 Boost Charging Mode
updateState 07/13/22 08:59:16 59 100 22.94 3.031 Boost Charging Mode
writeLog 12
updateState 
updateState 07/13/22 09:01:16 1 100 21.896 3.031 Boost Charging Mode
updateState 07/13/22 09:02:16 2 100 21.942 3.031 Boost Charging Mode
updateState 07/13/22 09:03:17 3 100 11.985 3.196 Boost Charging Mode
updateState 07/13/22 09:04:17 4 100 19.872 2.967 Boost Charging Mode
updateState 07/13/22 09:05:17 5 100 6.95 3.015 Boost Charging Mode
updateState 07/13/22 09:06:17 6 100 4.865 2.881 Boost Charging Mode
updateState 07/13/22 09:07:17 7 100 3.864 2.992 Boost Charging Mode
updateState 07/13/22 09:08:17 8 100 4.968 2.992 Boost Charging Mode
updateState 07/13/22 09:09:17 9 100 20.88 3.127 Boost Charging Mode
updateState 07/13/22 09:10:18 10 100 5.88 3.037 Boost Charging Mode
updateState 07/13/22 09:11:18 11 100 3.864 2.859 Boost Charging Mode
updateState 07/13/22 09:12:18 12 100 21.877 3.172 Boost Charging Mode
updateState 07/13/22 09:13:18 13 100 10.92 3.015 Boost Charging Mode
updateState 07/13/22 09:14:18 14 100 19.865 3.01 Boost Charging Mode
updateState 07/13/22 09:15:18 15 100 21.976 3.031 Boost Charging Mode
updateState 07/13/22 09:16:19 16 100 3.892 2.881 Boost Charging Mode
updateState 07/13/22 09:17:19 17 100 21.945 3.172 Boost Charging Mode
updateState 07/13/22 09:18:19 18 100 21.877 3.172 Boost Charging Mode
updateState 07/13/22 09:19:19 19 100 19.912 3.031 Boost Charging Mode
updateState 07/13/22 09:20:19 20 100 21.0 3.031 Boost Charging Mode
updateState 07/13/22 09:21:19 21 100 20.956 3.031 Boost Charging Mode
updateState 07/13/22 09:22:20 22 100 21.0 3.031 Boost Charging Mode
updateState 07/13/22 09:23:20 23 100 19.89 3.031 Boost Charging Mode
updateState 07/13/22 09:24:20 24 100 18.87 3.031 Boost Charging Mode
updateState 07/13/22 09:25:20 25 100 18.966 3.172 Boost Charging Mode
updateState 07/13/22 09:26:20 26 100 18.92 3.313 Boost Charging Mode
updateState 07/13/22 09:27:20 27 100 18.966 3.031 Boost Charging Mode
updateState 07/13/22 09:28:20 28 100 18.9 3.031 Boost Charging Mode
updateState 07/13/22 09:29:21 29 100 19.824 3.172 Boost Charging Mode
updateState 07/13/22 09:30:21 30 100 19.836 3.172 Boost Charging Mode
updateState 07/13/22 09:31:21 31 100 19.869 3.031 Boost Charging Mode
updateState 07/13/22 09:32:21 32 100 19.824 3.031 Boost Charging Mode
updateState 07/13/22 09:33:21 33 100 19.895 3.172 Boost Charging Mode
updateState 07/13/22 09:34:21 34 100 18.939 3.031 Boost Charging Mode
updateState 07/13/22 09:35:22 35 100 18.9 3.031 Boost Charging Mode
updateState 07/13/22 09:36:22 36 100 18.0 3.172 Boost Charging Mode
updateState 07/13/22 09:37:22 37 100 17.936 3.172 Boost Charging Mode
updateState 07/13/22 09:38:22 38 100 16.878 3.172 Boost Charging Mode
updateState 07/13/22 09:39:22 39 100 7.896 3.082 Boost Charging Mode
updateState 07/13/22 09:40:22 40 100 16.826 3.031 Boost Charging Mode
updateState 07/13/22 09:41:23 41 100 16.92 3.172 Boost Charging Mode
updateState 07/13/22 09:42:23 42 100 10.934 3.082 Boost Charging Mode
updateState 07/13/22 09:43:23 43 100 16.833 3.031 Boost Charging Mode
updateState 07/13/22 09:44:23 44 100 17.934 3.172 Boost Charging Mode
updateState 07/13/22 09:45:23 45 100 18.0 3.172 Boost Charging Mode
updateState 07/13/22 09:46:23 46 100 17.934 3.031 Boost Charging Mode
updateState 07/13/22 09:47:24 47 100 17.836 3.172 Boost Charging Mode
updateState 07/13/22 09:48:24 48 100 17.922 3.031 Boost Charging Mode
updateState 07/13/22 09:49:24 49 100 16.968 3.031 Boost Charging Mode
updateState 07/13/22 09:50:24 50 100 16.95 3.172 Boost Charging Mode
updateState 07/13/22 09:51:24 51 100 16.956 3.172 Boost Charging Mode
updateState 07/13/22 09:52:24 52 100 16.0 3.031 Boost Charging Mode
updateState 07/13/22 09:53:25 53 100 14.976 3.127 Boost Charging Mode
updateState 07/13/22 09:54:25 54 100 10.934 3.082 Boost Charging Mode
updateState 07/13/22 09:55:25 55 100 11.928 3.082 Boost Charging Mode
updateState 07/13/22 09:56:25 56 100 8.883 3.196 Boost Charging Mode
updateState 07/13/22 09:57:25 57 100 8.883 3.06 Boost Charging Mode
updateState 07/13/22 09:58:25 58 100 9.87 3.196 Boost Charging Mode
updateState 07/13/22 09:59:26 59 100 9.87 2.924 Boost Charging Mode
writeLog 13
updateState 
updateState 07/13/22 10:01:26 1 100 10.934 3.082 Boost Charging Mode
updateState 07/13/22 10:02:26 2 100 4.9 3.037 Boost Charging Mode
updateState 07/13/22 10:03:26 3 100 4.865 3.015 Boost Charging Mode
updateState 07/13/22 10:04:26 4 100 4.865 3.149 Boost Charging Mode
updateState 07/13/22 10:05:27 5 100 3.864 2.992 Boost Charging Mode
updateState 07/13/22 10:06:27 6 100 3.864 2.992 Boost Charging Mode
updateState 07/13/22 10:07:27 7 100 3.864 2.992 Boost Charging Mode
updateState 07/13/22 10:08:27 8 100 6.95 2.881 Boost Charging Mode
updateState 07/13/22 10:09:27 9 100 10.998 3.06 Boost Charging Mode
updateState 07/13/22 10:10:27 10 100 9.87 2.788 Boost Charging Mode
updateState 07/13/22 10:11:28 11 100 10.934 2.945 Boost Charging Mode
updateState 07/13/22 10:12:28 12 100 9.867 2.924 Boost Charging Mode
updateState 07/13/22 10:13:28 13 100 10.934 2.945 Boost Charging Mode
updateState 07/13/22 10:14:28 14 100 10.934 3.082 Boost Charging Mode
updateState 07/13/22 10:15:28 15 100 12.87 2.967 Boost Charging Mode
updateState 07/13/22 10:16:28 16 100 13.92 2.988 Boost Charging Mode
updateState 07/13/22 10:17:29 17 100 13.87 3.15 Boost Charging Mode
updateState 07/13/22 10:18:29 18 100 12.905 3.127 Boost Charging Mode
updateState 07/13/22 10:19:29 19 100 10.868 2.967 Boost Charging Mode
updateState 07/13/22 10:20:29 20 100 14.976 2.89 Boost Charging Mode
updateState 07/13/22 10:21:29 21 100 14.915 3.031 Boost Charging Mode
updateState 07/13/22 10:22:29 22 100 13.912 3.172 Boost Charging Mode
updateState 07/13/22 10:23:30 23 100 13.884 3.031 Boost Charging Mode
updateState 07/13/22 10:24:30 24 100 13.992 3.172 Boost Charging Mode
updateState 07/13/22 10:25:30 25 100 14.878 3.031 Boost Charging Mode
updateState 07/13/22 10:26:30 26 100 14.96 3.031 Boost Charging Mode
updateState 07/13/22 10:27:30 27 100 14.964 3.172 Boost Charging Mode
updateState 07/13/22 10:28:30 28 100 14.964 2.89 Boost Charging Mode
updateState 07/13/22 10:29:31 29 100 13.95 3.031 Boost Charging Mode
updateState 07/13/22 10:30:31 30 100 13.937 3.031 Boost Charging Mode
updateState 07/13/22 10:31:31 31 100 13.962 3.031 Boost Charging Mode
updateState 07/13/22 10:32:31 32 100 12.88 3.031 Boost Charging Mode
updateState 07/13/22 10:33:31 33 100 11.9 3.031 Boost Charging Mode
updateState 07/13/22 10:34:31 34 100 11.96 3.031 Boost Charging Mode
updateState 07/13/22 10:35:32 35 100 11.96 3.031 Boost Charging Mode
updateState 07/13/22 10:36:32 36 100 11.84 3.031 Boost Charging Mode
updateState 07/13/22 10:37:32 37 100 12.834 3.172 Boost Charging Mode
updateState 07/13/22 10:38:32 38 100 12.864 3.031 Boost Charging Mode
updateState 07/13/22 10:39:32 39 100 13.986 3.031 Boost Charging Mode
updateState 07/13/22 10:40:32 40 100 13.943 3.172 Boost Charging Mode
updateState 07/13/22 10:41:33 41 100 13.87 3.031 Boost Charging Mode
updateState 07/13/22 10:42:33 42 100 13.943 3.031 Boost Charging Mode
updateState 07/13/22 10:43:33 43 100 12.903 3.031 Boost Charging Mode
updateState 07/13/22 10:44:33 44 100 12.903 3.031 Boost Charging Mode
updateState 07/13/22 10:45:33 45 100 11.907 3.031 Boost Charging Mode
updateState 07/13/22 10:46:33 46 100 11.904 3.031 Boost Charging Mode
updateState 07/13/22 10:47:34 47 100 10.846 3.172 Boost Charging Mode
updateState 07/13/22 10:48:34 48 100 10.974 3.031 Boost Charging Mode
updateState 07/13/22 10:49:34 49 100 10.962 3.031 Boost Charging Mode
updateState 07/13/22 10:50:34 50 100 10.83 3.031 Boost Charging Mode
updateState 07/13/22 10:51:34 51 100 11.904 3.031 Boost Charging Mode
updateState 07/13/22 10:52:34 52 100 11.904 3.031 Boost Charging Mode
updateState 07/13/22 10:53:35 53 100 12.92 3.031 Boost Charging Mode
updateState 07/13/22 10:54:35 54 100 12.864 3.172 Boost Charging Mode
updateState 07/13/22 10:55:35 55 100 12.864 2.89 Boost Charging Mode
updateState 07/13/22 10:56:35 56 100 11.895 3.172 Boost Charging Mode
updateState 07/13/22 10:57:35 57 100 11.97 3.172 Boost Charging Mode
updateState 07/13/22 10:58:35 58 100 10.846 3.031 Boost Charging Mode
updateState 07/13/22 10:59:36 59 100 10.846 3.031 Boost Charging Mode
writeLog 14
updateState 
updateState 07/13/22 11:01:36 1 100 3.971 3.082 Floating Charging Mode
updateState 07/13/22 11:02:36 2 100 6.965 3.082 Floating Charging Mode
updateState 07/13/22 11:03:36 3 100 7.92 3.082 Floating Charging Mode
updateState 07/13/22 11:04:36 4 100 7.995 3.082 Floating Charging Mode
updateState 07/13/22 11:05:37 5 100 7.872 3.082 Floating Charging Mode
updateState 07/13/22 11:06:37 6 100 8.91 2.945 Floating Charging Mode
updateState 07/13/22 11:07:37 7 100 8.955 2.945 Floating Charging Mode
updateState 07/13/22 11:08:37 8 100 8.91 3.082 Floating Charging Mode
updateState 07/13/22 11:09:37 9 100 8.91 3.082 Floating Charging Mode
updateState 07/13/22 11:10:37 10 100 7.954 2.945 Floating Charging Mode
updateState 07/13/22 11:11:38 11 100 7.96 2.945 Floating Charging Mode
updateState 07/13/22 11:12:38 12 100 6.902 2.945 Floating Charging Mode
updateState 07/13/22 11:13:38 13 100 6.86 3.082 Floating Charging Mode
updateState 07/13/22 11:14:38 14 100 6.912 3.082 Floating Charging Mode
updateState 07/13/22 11:15:38 15 100 6.912 3.082 Floating Charging Mode
updateState 07/13/22 11:16:38 16 100 7.995 3.082 Floating Charging Mode
updateState 07/13/22 11:17:39 17 100 7.92 3.219 Floating Charging Mode
updateState 07/13/22 11:18:39 18 100 7.913 3.082 Floating Charging Mode
updateState 07/13/22 11:19:39 19 100 7.938 2.945 Floating Charging Mode
updateState 07/13/22 11:20:39 20 100 8.924 2.945 Floating Charging Mode
updateState 07/13/22 11:21:39 21 100 7.955 2.945 Floating Charging Mode
updateState 07/13/22 11:22:39 22 100 8.85 2.945 Floating Charging Mode
updateState 07/13/22 11:23:40 23 100 7.875 3.082 Floating Charging Mode
updateState 07/13/22 11:24:40 24 100 5.974 3.082 Floating Charging Mode
updateState 07/13/22 11:25:40 25 100 6.868 3.082 Floating Charging Mode
updateState 07/13/22 11:26:40 26 100 6.912 3.082 Floating Charging Mode
updateState 07/13/22 11:27:40 27 100 5.858 2.945 Floating Charging Mode
updateState 07/13/22 11:28:40 28 100 6.965 3.082 Floating Charging Mode
updateState 07/13/22 11:29:41 29 100 6.895 3.082 Floating Charging Mode
updateState 07/13/22 11:30:41 30 100 6.919 2.945 Floating Charging Mode
updateState 07/13/22 11:31:41 31 100 7.92 2.945 Floating Charging Mode
updateState 07/13/22 11:32:41 32 100 7.92 2.945 Floating Charging Mode
updateState 07/13/22 11:33:41 33 100 7.956 2.945 Floating Charging Mode
updateState 07/13/22 11:34:41 34 100 7.956 3.082 Floating Charging Mode
updateState 07/13/22 11:35:42 35 100 7.96 3.082 Floating Charging Mode
updateState 07/13/22 11:36:42 36 100 6.868 3.082 Floating Charging Mode
updateState 07/13/22 11:37:42 37 100 5.858 3.082 Floating Charging Mode
updateState 07/13/22 11:38:42 38 100 5.858 3.082 Floating Charging Mode
updateState 07/13/22 11:39:42 39 100 5.97 3.082 Floating Charging Mode
updateState 07/13/22 11:40:42 40 100 5.829 2.945 Floating Charging Mode
updateState 07/13/22 11:41:43 41 100 7.0 3.082 Floating Charging Mode
updateState 07/13/22 11:42:43 42 100 6.948 3.082 Floating Charging Mode
updateState 07/13/22 11:43:43 43 100 6.993 3.082 Floating Charging Mode
updateState 07/13/22 11:44:43 44 100 7.869 3.082 Floating Charging Mode
updateState 07/13/22 11:45:43 45 100 7.0 2.945 Floating Charging Mode
updateState 07/13/22 11:46:43 46 100 8.965 3.105 Floating Charging Mode
updateState 07/13/22 11:47:44 47 100 6.966 3.082 Floating Charging Mode
updateState 07/13/22 11:48:44 48 100 6.93 3.082 Floating Charging Mode
updateState 07/13/22 11:49:44 49 100 6.864 3.082 Floating Charging Mode
updateState 07/13/22 11:50:44 50 100 7.9 3.105 Floating Charging Mode
updateState 07/13/22 11:51:44 51 100 7.968 3.105 Floating Charging Mode
updateState 07/13/22 11:52:44 52 100 6.93 3.219 Floating Charging Mode
updateState 07/13/22 11:53:45 53 100 5.89 3.082 Floating Charging Mode
updateState 07/13/22 11:54:45 54 100 5.986 3.082 Floating Charging Mode
updateState 07/13/22 11:55:45 55 100 7.975 2.967 Floating Charging Mode
updateState 07/13/22 11:56:45 56 100 7.897 3.105 Floating Charging Mode
updateState 07/13/22 11:57:45 57 100 7.992 3.105 Floating Charging Mode
updateState 07/13/22 11:58:45 58 100 7.992 3.105 Floating Charging Mode
updateState 07/13/22 11:59:46 59 100 7.897 2.967 Floating Charging Mode
writeLog 15
updateState 
updateState 07/13/22 12:01:46 1 100 6.975 3.219 Floating Charging Mode
updateState 07/13/22 12:02:46 2 100 6.864 3.219 Floating Charging Mode
updateState 07/13/22 12:03:46 3 100 6.958 2.945 Floating Charging Mode
updateState 07/13/22 12:04:46 4 100 6.958 3.082 Floating Charging Mode
updateState 07/13/22 12:05:47 5 100 5.964 3.06 Floating Charging Mode
updateState 07/13/22 12:06:47 6 100 3.92 3.06 Floating Charging Mode
updateState 07/13/22 12:07:47 7 100 3.92 3.172 Floating Charging Mode
updateState 07/13/22 12:08:47 8 100 3.92 3.037 Floating Charging Mode
updateState 07/13/22 12:09:47 9 100 4.9 3.037 Floating Charging Mode
updateState 07/13/22 12:10:47 10 100 3.92 3.172 Floating Charging Mode
updateState 07/13/22 12:11:48 11 100 3.892 2.881 Floating Charging Mode
updateState 07/13/22 12:12:48 12 100 3.892 3.015 Floating Charging Mode
updateState 07/13/22 12:13:48 13 100 3.892 3.015 Floating Charging Mode
updateState 07/13/22 12:14:48 14 100 3.92 3.015 Floating Charging Mode
updateState 07/13/22 12:15:48 15 100 3.892 3.149 Floating Charging Mode
updateState 07/13/22 12:16:48 16 100 3.892 3.015 Floating Charging Mode
updateState 07/13/22 12:17:49 17 100 3.892 2.881 Floating Charging Mode
updateState 07/13/22 12:18:49 18 100 3.892 3.015 Floating Charging Mode
updateState 07/13/22 12:19:49 19 100 3.892 3.015 Floating Charging Mode
updateState 07/13/22 12:20:49 20 100 3.892 3.015 Floating Charging Mode
updateState 07/13/22 12:21:49 21 100 4.865 3.149 Floating Charging Mode
updateState 07/13/22 12:22:49 22 100 4.865 3.149 Floating Charging Mode
updateState 07/13/22 12:23:50 23 100 3.892 3.015 Floating Charging Mode
updateState 07/13/22 12:24:50 24 100 3.92 3.015 Floating Charging Mode
updateState 07/13/22 12:25:50 25 100 3.892 2.881 Floating Charging Mode
updateState 07/13/22 12:26:50 26 100 3.892 3.015 Floating Charging Mode
updateState 07/13/22 12:27:50 27 100 3.892 3.015 Floating Charging Mode
updateState 07/13/22 12:28:50 28 100 3.892 3.015 Floating Charging Mode
updateState 07/13/22 12:29:51 29 100 3.892 3.015 Floating Charging Mode
updateState 07/13/22 12:30:51 30 100 4.865 2.881 Floating Charging Mode
updateState 07/13/22 12:31:51 31 100 4.865 2.881 Floating Charging Mode
updateState 07/13/22 12:32:51 32 100 4.9 3.037 Floating Charging Mode
updateState 07/13/22 12:33:51 33 100 4.9 2.902 Floating Charging Mode
updateState 07/13/22 12:34:51 34 100 4.9 3.037 Floating Charging Mode
updateState 07/13/22 12:35:52 35 100 4.9 3.037 Floating Charging Mode
updateState 07/13/22 12:36:52 36 100 4.9 3.172 Floating Charging Mode
updateState 07/13/22 12:37:52 37 100 4.9 3.172 Floating Charging Mode
updateState 07/13/22 12:38:52 38 100 5.88 3.172 Floating Charging Mode
updateState 07/13/22 12:39:52 39 100 1.946 3.015 Floating Charging Mode
updateState 07/13/22 12:40:52 40 100 1.932 3.126 Floating Charging Mode
updateState 07/13/22 12:41:53 41 100 1.918 2.992 Floating Charging Mode
updateState 07/13/22 12:42:53 42 100 1.918 2.992 Floating Charging Mode
updateState 07/13/22 12:43:53 43 100 5.934 2.992 Floating Charging Mode
updateState 07/13/22 12:44:53 44 100 4.865 3.015 Floating Charging Mode
updateState 07/13/22 12:45:53 45 100 4.865 3.015 Floating Charging Mode
updateState 07/13/22 12:46:53 46 100 3.892 3.015 Floating Charging Mode
updateState 07/13/22 12:47:54 47 100 1.932 3.126 Floating Charging Mode
updateState 07/13/22 12:48:54 48 100 2.898 2.992 Floating Charging Mode
updateState 07/13/22 12:49:54 49 100 2.877 3.102 Floating Charging Mode
updateState 07/13/22 12:50:54 50 100 5.934 3.126 Floating Charging Mode
updateState 07/13/22 12:51:54 51 100 7.0 3.172 Floating Charging Mode
updateState 07/13/22 12:52:54 52 100 7.0 3.172 Floating Charging Mode
updateState 07/13/22 12:53:54 53 100 4.9 3.172 Floating Charging Mode
updateState 07/13/22 12:54:55 54 100 1.946 3.015 Floating Charging Mode
updateState 07/13/22 12:55:55 55 100 1.932 2.992 Floating Charging Mode
updateState 07/13/22 12:56:55 56 100 2.898 2.992 Floating Charging Mode
updateState 07/13/22 12:57:55 57 100 2.898 2.992 Floating Charging Mode
updateState 07/13/22 12:58:55 58 100 7.964 2.945 Floating Charging Mode
updateState 07/13/22 12:59:55 59 100 8.0 3.082 Floating Charging Mode
writeLog 16
updateState 
updateState 07/13/22 13:01:56 1 100 6.929 2.945 Floating Charging Mode
updateState 07/13/22 13:02:56 2 100 5.964 3.219 Floating Charging Mode
updateState 07/13/22 13:03:56 3 100 5.964 2.945 Floating Charging Mode
updateState 07/13/22 13:04:56 4 100 7.865 3.082 Floating Charging Mode
updateState 07/13/22 13:05:56 5 100 6.96 3.082 Floating Charging Mode
updateState 07/13/22 13:06:57 6 100 5.964 3.082 Floating Charging Mode
updateState 07/13/22 13:07:57 7 100 5.922 3.06 Floating Charging Mode
updateState 07/13/22 13:08:57 8 100 5.922 3.06 Floating Charging Mode
updateState 07/13/22 13:09:57 9 100 4.935 3.06 Floating Charging Mode
updateState 07/13/22 13:10:57 10 100 4.935 3.06 Floating Charging Mode
updateState 07/13/22 13:11:57 11 100 4.935 3.06 Floating Charging Mode
updateState 07/13/22 13:12:58 12 100 3.92 3.037 Floating Charging Mode
updateState 07/13/22 13:13:58 13 100 3.92 3.037 Floating Charging Mode
updateState 07/13/22 13:14:58 14 100 3.892 3.149 Floating Charging Mode
updateState 07/13/22 13:15:58 15 100 2.919 2.881 Floating Charging Mode
updateState 07/13/22 13:16:58 16 100 2.919 3.015 Floating Charging Mode
updateState 07/13/22 13:17:58 17 100 3.892 3.149 Floating Charging Mode
updateState 07/13/22 13:18:59 18 100 3.892 2.881 Floating Charging Mode
updateState 07/13/22 13:19:59 19 100 3.892 3.015 Floating Charging Mode
updateState 07/13/22 13:20:59 20 100 3.892 3.015 Floating Charging Mode
updateState 07/13/22 13:21:59 21 100 3.892 3.015 Floating Charging Mode
updateState 07/13/22 13:22:59 22 100 2.898 3.126 Floating Charging Mode
updateState 07/13/22 13:23:59 23 100 2.898 2.992 Floating Charging Mode
updateState 07/13/22 13:25:00 24 100 2.898 2.992 Floating Charging Mode
updateState 07/13/22 13:26:00 25 100 2.898 3.126 Floating Charging Mode
updateState 07/13/22 13:27:00 26 100 2.898 2.992 Floating Charging Mode
updateState 07/13/22 13:28:00 27 100 2.898 3.126 Floating Charging Mode
updateState 07/13/22 13:29:00 28 100 1.918 2.97 Floating Charging Mode
updateState 07/13/22 13:30:00 29 100 2.877 2.97 Floating Charging Mode
updateState 07/13/22 13:31:01 30 100 2.898 2.992 Floating Charging Mode
updateState 07/13/22 13:32:01 31 100 3.864 2.992 Floating Charging Mode
updateState 07/13/22 13:33:01 32 100 3.864 2.859 Floating Charging Mode
updateState 07/13/22 13:34:01 33 100 3.864 3.126 Floating Charging Mode
updateState 07/13/22 13:35:01 34 100 2.898 2.992 Floating Charging Mode
updateState 07/13/22 13:36:01 35 100 2.898 3.126 Floating Charging Mode
updateState 07/13/22 13:37:02 36 100 2.898 2.992 Floating Charging Mode
updateState 07/13/22 13:38:02 37 100 2.898 2.992 Floating Charging Mode
updateState 07/13/22 13:39:02 38 100 2.898 2.992 Floating Charging Mode
updateState 07/13/22 13:40:02 39 100 2.898 2.992 Floating Charging Mode
updateState 07/13/22 13:41:02 40 100 2.898 2.992 Floating Charging Mode
updateState 07/13/22 13:42:02 41 100 2.898 2.97 Floating Charging Mode
updateState 07/13/22 13:43:03 42 100 1.932 3.102 Floating Charging Mode
updateState 07/13/22 13:44:03 43 100 3.973 2.97 Floating Charging Mode
updateState 07/13/22 13:45:03 44 100 3.864 3.126 Floating Charging Mode
updateState 07/13/22 13:46:03 45 100 3.864 2.992 Floating Charging Mode
updateState 07/13/22 13:47:03 46 100 2.898 2.992 Floating Charging Mode
updateState 07/13/22 13:48:03 47 100 2.898 3.126 Floating Charging Mode
updateState 07/13/22 13:49:03 48 100 2.898 2.992 Floating Charging Mode
updateState 07/13/22 13:50:04 49 100 2.898 2.992 Floating Charging Mode
updateState 07/13/22 13:51:04 50 100 1.918 3.102 Floating Charging Mode
updateState 07/13/22 13:52:04 51 100 2.877 2.97 Floating Charging Mode
updateState 07/13/22 13:53:04 52 100 2.877 2.97 Floating Charging Mode
updateState 07/13/22 13:54:04 53 100 2.877 3.102 Floating Charging Mode
updateState 07/13/22 13:55:05 54 100 2.877 2.97 Floating Charging Mode
updateState 07/13/22 13:56:05 55 100 3.973 2.97 Floating Charging Mode
updateState 07/13/22 13:57:05 56 100 1.918 3.102 Floating Charging Mode
updateState 07/13/22 13:58:05 57 100 3.973 3.102 Floating Charging Mode
updateState 07/13/22 13:59:05 58 100 2.877 2.97 Floating Charging Mode
writeLog 17
updateState 
updateState 07/13/22 14:01:06 1 100 2.877 2.97 Floating Charging Mode
updateState 07/13/22 14:02:06 2 100 2.877 3.102 Floating Charging Mode
updateState 07/13/22 14:03:06 3 100 2.877 2.97 Floating Charging Mode
updateState 07/13/22 14:04:06 4 100 2.877 2.97 Floating Charging Mode
updateState 07/13/22 14:05:06 5 100 2.877 2.97 Floating Charging Mode
updateState 07/13/22 14:06:06 6 100 2.877 2.97 Floating Charging Mode
updateState 07/13/22 14:07:06 7 100 2.877 3.102 Floating Charging Mode
updateState 07/13/22 14:08:07 8 100 2.877 2.838 Floating Charging Mode
updateState 07/13/22 14:09:07 9 100 2.877 2.97 Floating Charging Mode
updateState 07/13/22 14:10:07 10 100 2.877 2.97 Floating Charging Mode
updateState 07/13/22 14:11:07 11 100 2.877 2.97 Floating Charging Mode
updateState 07/13/22 14:12:07 12 100 2.877 3.102 Floating Charging Mode
updateState 07/13/22 14:13:07 13 100 2.877 2.97 Floating Charging Mode
updateState 07/13/22 14:14:08 14 100 1.918 3.102 Floating Charging Mode
updateState 07/13/22 14:15:08 15 100 1.918 3.102 Floating Charging Mode
updateState 07/13/22 14:16:08 16 100 1.904 2.97 Floating Charging Mode
updateState 07/13/22 14:17:08 17 100 1.904 2.97 Floating Charging Mode
updateState 07/13/22 14:18:08 18 99 1.904 2.947 Floating Charging Mode
updateState 07/13/22 14:19:08 19 100 2.992 3.102 Floating Charging Mode
updateState 07/13/22 14:20:09 20 99 1.904 2.947 Floating Charging Mode
updateState 07/13/22 14:21:09 21 100 1.904 2.947 Floating Charging Mode
updateState 07/13/22 14:22:09 22 100 2.877 2.97 Floating Charging Mode
updateState 07/13/22 14:23:09 23 100 2.898 2.97 Floating Charging Mode
updateState 07/13/22 14:24:09 24 100 2.877 2.97 Floating Charging Mode
updateState 07/13/22 14:25:09 25 100 3.973 2.97 Floating Charging Mode
updateState 07/13/22 14:26:10 26 100 3.973 3.102 Floating Charging Mode
updateState 07/13/22 14:27:10 27 100 3.973 2.97 Floating Charging Mode
updateState 07/13/22 14:28:10 28 100 2.877 2.838 Floating Charging Mode
updateState 07/13/22 14:29:10 29 100 1.918 3.102 Floating Charging Mode
updateState 07/13/22 14:30:10 30 100 2.877 2.97 Floating Charging Mode
updateState 07/13/22 14:31:10 31 100 2.877 2.97 Floating Charging Mode
updateState 07/13/22 14:32:11 32 100 2.877 3.102 Floating Charging Mode
updateState 07/13/22 14:33:11 33 100 2.898 2.97 Floating Charging Mode
updateState 07/13/22 14:34:11 34 100 2.877 2.97 Floating Charging Mode
updateState 07/13/22 14:35:11 35 100 2.877 3.102 Floating Charging Mode
updateState 07/13/22 14:36:11 36 100 2.877 2.97 Floating Charging Mode
updateState 07/13/22 14:37:11 37 100 1.904 2.97 Floating Charging Mode
updateState 07/13/22 14:38:12 38 100 1.904 2.816 Floating Charging Mode
updateState 07/13/22 14:39:12 39 99 1.904 2.947 Boost Charging Mode
updateState 07/13/22 14:40:12 40 98 1.904 2.947 Boost Charging Mode
updateState 07/13/22 14:41:12 41 98 1.904 2.947 Boost Charging Mode
updateState 07/13/22 14:42:12 42 99 2.992 2.947 Boost Charging Mode
updateState 07/13/22 14:43:12 43 100 2.877 3.102 Boost Charging Mode
updateState 07/13/22 14:44:13 44 100 2.877 2.97 Boost Charging Mode
updateState 07/13/22 14:45:13 45 99 1.904 2.816 Boost Charging Mode
updateState 07/13/22 14:46:13 46 98 1.904 2.947 Boost Charging Mode
updateState 07/13/22 14:47:13 47 98 1.904 2.947 Boost Charging Mode
updateState 07/13/22 14:48:13 48 97 1.904 2.816 Boost Charging Mode
updateState 07/13/22 14:49:13 49 97 1.904 2.947 Boost Charging Mode
updateState 07/13/22 14:50:14 50 97 1.904 2.947 Boost Charging Mode
updateState 07/13/22 14:51:14 51 98 2.992 2.947 Boost Charging Mode
updateState 07/13/22 14:52:14 52 99 2.992 2.947 Boost Charging Mode
updateState 07/13/22 14:53:14 53 99 2.992 3.078 Boost Charging Mode
updateState 07/13/22 14:54:14 54 100 2.992 2.947 Boost Charging Mode
updateState 07/13/22 14:55:14 55 100 2.877 3.102 Boost Charging Mode
updateState 07/13/22 14:56:14 56 100 2.877 2.97 Boost Charging Mode
updateState 07/13/22 14:57:15 57 100 2.877 3.102 Boost Charging Mode
updateState 07/13/22 14:58:15 58 99 1.904 2.947 Boost Charging Mode
updateState 07/13/22 14:59:15 59 97 1.904 2.947 Boost Charging Mode
writeLog 18
updateState 
updateState 07/13/22 15:01:15 1 96 0.945 2.947 Boost Charging Mode
updateState 07/13/22 15:02:15 2 96 0.945 2.947 Boost Charging Mode
updateState 07/13/22 15:03:16 3 96 0.945 2.947 Boost Charging Mode
updateState 07/13/22 15:04:16 4 97 2.877 2.947 Boost Charging Mode
updateState 07/13/22 15:05:16 5 98 2.992 3.078 Boost Charging Mode
updateState 07/13/22 15:06:16 6 97 1.904 2.947 Boost Charging Mode
updateState 07/13/22 15:07:16 7 96 1.904 3.078 Boost Charging Mode
updateState 07/13/22 15:08:16 8 96 1.89 2.947 Boost Charging Mode
updateState 07/13/22 15:09:17 9 98 2.992 2.947 Boost Charging Mode
updateState 07/13/22 15:10:17 10 99 2.992 2.947 Boost Charging Mode
updateState 07/13/22 15:11:17 11 99 2.992 2.947 Boost Charging Mode
updateState 07/13/22 15:12:17 12 98 1.904 2.947 Boost Charging Mode
updateState 07/13/22 15:13:17 13 97 1.904 2.947 Boost Charging Mode
updateState 07/13/22 15:14:17 14 96 1.904 2.947 Boost Charging Mode
updateState 07/13/22 15:15:18 15 97 2.992 2.947 Boost Charging Mode
updateState 07/13/22 15:16:18 16 97 0.945 2.947 Boost Charging Mode
updateState 07/13/22 15:17:18 17 98 2.992 3.078 Boost Charging Mode
updateState 07/13/22 15:18:18 18 98 2.992 2.947 Boost Charging Mode
updateState 07/13/22 15:19:18 19 98 2.992 2.947 Boost Charging Mode
updateState 07/13/22 15:20:18 20 98 2.992 2.816 Boost Charging Mode
updateState 07/13/22 15:21:19 21 99 2.992 3.078 Boost Charging Mode
updateState 07/13/22 15:22:19 22 98 2.992 3.078 Boost Charging Mode
updateState 07/13/22 15:23:19 23 99 2.992 2.947 Boost Charging Mode
updateState 07/13/22 15:24:19 24 96 0.945 2.947 Boost Charging Mode
updateState 07/13/22 15:25:19 25 95 0.945 2.947 Boost Charging Mode
